mode: set
github.com/mikesvis/short/cmd/shortener/main.go:17.37,18.17 1 1
github.com/mikesvis/short/cmd/shortener/main.go:18.17,20.3 1 1
github.com/mikesvis/short/cmd/shortener/main.go:21.2,21.14 1 1
github.com/mikesvis/short/cmd/shortener/main.go:24.25,29.2 1 1
github.com/mikesvis/short/cmd/shortener/main.go:31.13,38.2 4 0
github.com/mikesvis/short/cmd/staticlint/main.go:20.13,36.2 6 0
github.com/mikesvis/short/cmd/staticlint/main.go:38.53,40.42 2 0
github.com/mikesvis/short/cmd/staticlint/main.go:40.42,42.3 1 0
github.com/mikesvis/short/cmd/staticlint/main.go:43.2,43.37 1 0
github.com/mikesvis/short/cmd/staticlint/main.go:43.37,45.3 1 0
github.com/mikesvis/short/cmd/staticlint/main.go:47.2,47.15 1 0
github.com/mikesvis/short/cmd/staticlint/main.go:57.48,59.9 2 0
github.com/mikesvis/short/cmd/staticlint/main.go:59.9,61.3 1 0
github.com/mikesvis/short/cmd/staticlint/main.go:62.2,62.32 1 0
github.com/mikesvis/short/cmd/staticlint/main.go:62.32,64.3 1 0
github.com/mikesvis/short/cmd/staticlint/main.go:65.2,66.9 2 0
github.com/mikesvis/short/cmd/staticlint/main.go:66.9,68.3 1 0
github.com/mikesvis/short/cmd/staticlint/main.go:69.2,69.30 1 0
github.com/mikesvis/short/cmd/staticlint/main.go:72.52,73.31 1 0
github.com/mikesvis/short/cmd/staticlint/main.go:73.31,75.3 1 0
github.com/mikesvis/short/cmd/staticlint/main.go:77.2,77.34 1 0
github.com/mikesvis/short/cmd/staticlint/main.go:77.34,80.43 2 0
github.com/mikesvis/short/cmd/staticlint/main.go:80.43,81.25 1 0
github.com/mikesvis/short/cmd/staticlint/main.go:82.23,83.39 1 0
github.com/mikesvis/short/cmd/staticlint/main.go:84.23,85.38 1 0
github.com/mikesvis/short/cmd/staticlint/main.go:85.38,88.6 2 0
github.com/mikesvis/short/cmd/staticlint/main.go:90.4,90.15 1 0
github.com/mikesvis/short/cmd/staticlint/main.go:93.2,93.17 1 0
github.com/mikesvis/short/internal/app/app.go:26.38,28.16 2 0
github.com/mikesvis/short/internal/app/app.go:28.16,29.13 1 0
github.com/mikesvis/short/internal/app/app.go:32.2,33.16 2 0
github.com/mikesvis/short/internal/app/app.go:33.16,34.13 1 0
github.com/mikesvis/short/internal/app/app.go:37.2,55.3 3 0
github.com/mikesvis/short/internal/app/app.go:59.27,61.64 2 0
github.com/mikesvis/short/internal/app/app.go:61.64,63.3 1 0
github.com/mikesvis/short/internal/app/app.go:64.2,64.86 1 0
github.com/mikesvis/short/internal/app/app.go:64.86,67.3 2 0
github.com/mikesvis/short/internal/app/app.go:69.2,69.12 1 0
github.com/mikesvis/short/internal/config/config.go:25.26,32.2 4 0
github.com/mikesvis/short/internal/config/config.go:34.28,40.2 5 0
github.com/mikesvis/short/internal/drivers/filedb/filedb.go:31.68,35.2 2 0
github.com/mikesvis/short/internal/drivers/filedb/filedb.go:39.79,41.16 2 0
github.com/mikesvis/short/internal/drivers/filedb/filedb.go:41.16,43.3 1 0
github.com/mikesvis/short/internal/drivers/filedb/filedb.go:45.2,45.27 1 0
github.com/mikesvis/short/internal/drivers/filedb/filedb.go:45.27,47.3 1 0
github.com/mikesvis/short/internal/drivers/filedb/filedb.go:49.2,50.16 2 0
github.com/mikesvis/short/internal/drivers/filedb/filedb.go:50.16,52.3 1 0
github.com/mikesvis/short/internal/drivers/filedb/filedb.go:53.2,64.46 4 0
github.com/mikesvis/short/internal/drivers/filedb/filedb.go:64.46,66.3 1 0
github.com/mikesvis/short/internal/drivers/filedb/filedb.go:68.2,68.15 1 0
github.com/mikesvis/short/internal/drivers/filedb/filedb.go:72.85,74.16 2 0
github.com/mikesvis/short/internal/drivers/filedb/filedb.go:74.16,76.3 1 0
github.com/mikesvis/short/internal/drivers/filedb/filedb.go:77.2,81.6 3 0
github.com/mikesvis/short/internal/drivers/filedb/filedb.go:81.6,83.47 2 0
github.com/mikesvis/short/internal/drivers/filedb/filedb.go:83.47,84.9 1 0
github.com/mikesvis/short/internal/drivers/filedb/filedb.go:85.9,85.24 1 0
github.com/mikesvis/short/internal/drivers/filedb/filedb.go:85.24,87.4 1 0
github.com/mikesvis/short/internal/drivers/filedb/filedb.go:89.3,89.31 1 0
github.com/mikesvis/short/internal/drivers/filedb/filedb.go:89.31,90.12 1 0
github.com/mikesvis/short/internal/drivers/filedb/filedb.go:93.3,98.9 1 0
github.com/mikesvis/short/internal/drivers/filedb/filedb.go:101.2,101.26 1 0
github.com/mikesvis/short/internal/drivers/filedb/filedb.go:105.87,107.16 2 0
github.com/mikesvis/short/internal/drivers/filedb/filedb.go:107.16,109.3 1 0
github.com/mikesvis/short/internal/drivers/filedb/filedb.go:110.2,114.6 3 0
github.com/mikesvis/short/internal/drivers/filedb/filedb.go:114.6,116.47 2 0
github.com/mikesvis/short/internal/drivers/filedb/filedb.go:116.47,117.9 1 0
github.com/mikesvis/short/internal/drivers/filedb/filedb.go:118.9,118.24 1 0
github.com/mikesvis/short/internal/drivers/filedb/filedb.go:118.24,120.4 1 0
github.com/mikesvis/short/internal/drivers/filedb/filedb.go:122.3,122.29 1 0
github.com/mikesvis/short/internal/drivers/filedb/filedb.go:122.29,123.12 1 0
github.com/mikesvis/short/internal/drivers/filedb/filedb.go:126.3,131.9 1 0
github.com/mikesvis/short/internal/drivers/filedb/filedb.go:134.2,134.26 1 0
github.com/mikesvis/short/internal/drivers/filedb/filedb.go:138.50,142.2 2 0
github.com/mikesvis/short/internal/drivers/filedb/filedb.go:145.107,149.23 2 0
github.com/mikesvis/short/internal/drivers/filedb/filedb.go:149.23,151.3 1 0
github.com/mikesvis/short/internal/drivers/filedb/filedb.go:154.2,155.16 2 0
github.com/mikesvis/short/internal/drivers/filedb/filedb.go:155.16,157.3 1 0
github.com/mikesvis/short/internal/drivers/filedb/filedb.go:158.2,161.6 3 0
github.com/mikesvis/short/internal/drivers/filedb/filedb.go:161.6,164.46 2 0
github.com/mikesvis/short/internal/drivers/filedb/filedb.go:164.46,165.9 1 0
github.com/mikesvis/short/internal/drivers/filedb/filedb.go:166.9,166.24 1 0
github.com/mikesvis/short/internal/drivers/filedb/filedb.go:166.24,168.4 1 0
github.com/mikesvis/short/internal/drivers/filedb/filedb.go:170.3,171.13 2 0
github.com/mikesvis/short/internal/drivers/filedb/filedb.go:171.13,181.4 2 0
github.com/mikesvis/short/internal/drivers/filedb/filedb.go:184.3,184.28 1 0
github.com/mikesvis/short/internal/drivers/filedb/filedb.go:184.28,185.9 1 0
github.com/mikesvis/short/internal/drivers/filedb/filedb.go:190.2,190.27 1 0
github.com/mikesvis/short/internal/drivers/filedb/filedb.go:190.27,192.3 1 0
github.com/mikesvis/short/internal/drivers/filedb/filedb.go:195.2,196.16 2 0
github.com/mikesvis/short/internal/drivers/filedb/filedb.go:196.16,198.3 1 0
github.com/mikesvis/short/internal/drivers/filedb/filedb.go:199.2,204.32 3 0
github.com/mikesvis/short/internal/drivers/filedb/filedb.go:204.32,214.47 2 0
github.com/mikesvis/short/internal/drivers/filedb/filedb.go:214.47,216.4 1 0
github.com/mikesvis/short/internal/drivers/filedb/filedb.go:219.2,219.16 1 0
github.com/mikesvis/short/internal/drivers/filedb/filedb.go:223.88,225.16 2 0
github.com/mikesvis/short/internal/drivers/filedb/filedb.go:225.16,227.3 1 0
github.com/mikesvis/short/internal/drivers/filedb/filedb.go:228.2,233.6 4 0
github.com/mikesvis/short/internal/drivers/filedb/filedb.go:233.6,235.47 2 0
github.com/mikesvis/short/internal/drivers/filedb/filedb.go:235.47,236.9 1 0
github.com/mikesvis/short/internal/drivers/filedb/filedb.go:237.9,237.24 1 0
github.com/mikesvis/short/internal/drivers/filedb/filedb.go:237.24,239.4 1 0
github.com/mikesvis/short/internal/drivers/filedb/filedb.go:241.3,241.25 1 0
github.com/mikesvis/short/internal/drivers/filedb/filedb.go:241.25,242.12 1 0
github.com/mikesvis/short/internal/drivers/filedb/filedb.go:245.3,249.5 1 0
github.com/mikesvis/short/internal/drivers/filedb/filedb.go:252.2,252.20 1 0
github.com/mikesvis/short/internal/drivers/inmemory/inmemory.go:20.55,23.2 2 0
github.com/mikesvis/short/internal/drivers/inmemory/inmemory.go:27.81,28.28 1 0
github.com/mikesvis/short/internal/drivers/inmemory/inmemory.go:28.28,29.23 1 0
github.com/mikesvis/short/internal/drivers/inmemory/inmemory.go:29.23,31.4 1 0
github.com/mikesvis/short/internal/drivers/inmemory/inmemory.go:33.2,34.15 2 0
github.com/mikesvis/short/internal/drivers/inmemory/inmemory.go:38.87,39.28 1 0
github.com/mikesvis/short/internal/drivers/inmemory/inmemory.go:39.28,40.32 1 0
github.com/mikesvis/short/internal/drivers/inmemory/inmemory.go:40.32,41.12 1 0
github.com/mikesvis/short/internal/drivers/inmemory/inmemory.go:44.3,44.16 1 0
github.com/mikesvis/short/internal/drivers/inmemory/inmemory.go:47.2,47.26 1 0
github.com/mikesvis/short/internal/drivers/inmemory/inmemory.go:51.89,52.28 1 0
github.com/mikesvis/short/internal/drivers/inmemory/inmemory.go:52.28,53.34 1 0
github.com/mikesvis/short/internal/drivers/inmemory/inmemory.go:53.34,54.12 1 0
github.com/mikesvis/short/internal/drivers/inmemory/inmemory.go:57.3,57.16 1 0
github.com/mikesvis/short/internal/drivers/inmemory/inmemory.go:60.2,60.26 1 0
github.com/mikesvis/short/internal/drivers/inmemory/inmemory.go:64.109,68.23 2 0
github.com/mikesvis/short/internal/drivers/inmemory/inmemory.go:68.23,70.3 1 0
github.com/mikesvis/short/internal/drivers/inmemory/inmemory.go:73.2,73.28 1 0
github.com/mikesvis/short/internal/drivers/inmemory/inmemory.go:73.28,75.13 2 0
github.com/mikesvis/short/internal/drivers/inmemory/inmemory.go:75.13,85.4 2 0
github.com/mikesvis/short/internal/drivers/inmemory/inmemory.go:88.3,88.28 1 0
github.com/mikesvis/short/internal/drivers/inmemory/inmemory.go:88.28,89.9 1 0
github.com/mikesvis/short/internal/drivers/inmemory/inmemory.go:94.2,94.27 1 0
github.com/mikesvis/short/internal/drivers/inmemory/inmemory.go:94.27,96.3 1 0
github.com/mikesvis/short/internal/drivers/inmemory/inmemory.go:99.2,99.32 1 0
github.com/mikesvis/short/internal/drivers/inmemory/inmemory.go:99.32,101.3 1 0
github.com/mikesvis/short/internal/drivers/inmemory/inmemory.go:103.2,103.16 1 0
github.com/mikesvis/short/internal/drivers/inmemory/inmemory.go:107.90,109.28 2 0
github.com/mikesvis/short/internal/drivers/inmemory/inmemory.go:109.28,110.25 1 0
github.com/mikesvis/short/internal/drivers/inmemory/inmemory.go:110.25,111.12 1 0
github.com/mikesvis/short/internal/drivers/inmemory/inmemory.go:114.3,114.29 1 0
github.com/mikesvis/short/internal/drivers/inmemory/inmemory.go:117.2,117.20 1 0
github.com/mikesvis/short/internal/drivers/postgres/postgres.go:39.77,41.16 2 0
github.com/mikesvis/short/internal/drivers/postgres/postgres.go:41.16,43.3 1 0
github.com/mikesvis/short/internal/drivers/postgres/postgres.go:45.2,45.35 1 0
github.com/mikesvis/short/internal/drivers/postgres/postgres.go:48.37,60.2 3 0
github.com/mikesvis/short/internal/drivers/postgres/postgres.go:64.81,68.16 3 0
github.com/mikesvis/short/internal/drivers/postgres/postgres.go:68.16,71.3 2 0
github.com/mikesvis/short/internal/drivers/postgres/postgres.go:72.2,83.16 4 0
github.com/mikesvis/short/internal/drivers/postgres/postgres.go:83.16,85.75 2 0
github.com/mikesvis/short/internal/drivers/postgres/postgres.go:85.75,89.4 2 0
github.com/mikesvis/short/internal/drivers/postgres/postgres.go:93.2,93.16 1 0
github.com/mikesvis/short/internal/drivers/postgres/postgres.go:93.16,95.3 1 0
github.com/mikesvis/short/internal/drivers/postgres/postgres.go:98.2,99.16 2 0
github.com/mikesvis/short/internal/drivers/postgres/postgres.go:99.16,102.3 2 0
github.com/mikesvis/short/internal/drivers/postgres/postgres.go:104.2,104.32 1 0
github.com/mikesvis/short/internal/drivers/postgres/postgres.go:108.87,113.16 3 0
github.com/mikesvis/short/internal/drivers/postgres/postgres.go:113.16,116.3 2 0
github.com/mikesvis/short/internal/drivers/postgres/postgres.go:117.2,123.38 5 0
github.com/mikesvis/short/internal/drivers/postgres/postgres.go:123.38,126.3 1 0
github.com/mikesvis/short/internal/drivers/postgres/postgres.go:128.2,128.16 1 0
github.com/mikesvis/short/internal/drivers/postgres/postgres.go:128.16,132.3 2 0
github.com/mikesvis/short/internal/drivers/postgres/postgres.go:134.2,134.98 1 0
github.com/mikesvis/short/internal/drivers/postgres/postgres.go:138.89,143.16 3 0
github.com/mikesvis/short/internal/drivers/postgres/postgres.go:143.16,146.3 2 0
github.com/mikesvis/short/internal/drivers/postgres/postgres.go:147.2,153.38 5 0
github.com/mikesvis/short/internal/drivers/postgres/postgres.go:153.38,156.3 1 0
github.com/mikesvis/short/internal/drivers/postgres/postgres.go:158.2,158.16 1 0
github.com/mikesvis/short/internal/drivers/postgres/postgres.go:158.16,162.3 2 0
github.com/mikesvis/short/internal/drivers/postgres/postgres.go:164.2,164.98 1 0
github.com/mikesvis/short/internal/drivers/postgres/postgres.go:168.52,170.2 1 0
github.com/mikesvis/short/internal/drivers/postgres/postgres.go:173.109,181.23 4 0
github.com/mikesvis/short/internal/drivers/postgres/postgres.go:181.23,185.3 3 0
github.com/mikesvis/short/internal/drivers/postgres/postgres.go:188.2,189.16 2 0
github.com/mikesvis/short/internal/drivers/postgres/postgres.go:189.16,192.3 2 0
github.com/mikesvis/short/internal/drivers/postgres/postgres.go:193.2,198.16 4 0
github.com/mikesvis/short/internal/drivers/postgres/postgres.go:198.16,201.3 2 0
github.com/mikesvis/short/internal/drivers/postgres/postgres.go:203.2,203.34 1 0
github.com/mikesvis/short/internal/drivers/postgres/postgres.go:203.34,213.3 2 0
github.com/mikesvis/short/internal/drivers/postgres/postgres.go:216.2,216.23 1 0
github.com/mikesvis/short/internal/drivers/postgres/postgres.go:216.23,218.3 1 0
github.com/mikesvis/short/internal/drivers/postgres/postgres.go:221.2,222.28 2 0
github.com/mikesvis/short/internal/drivers/postgres/postgres.go:222.28,230.3 1 0
github.com/mikesvis/short/internal/drivers/postgres/postgres.go:233.2,236.16 4 0
github.com/mikesvis/short/internal/drivers/postgres/postgres.go:236.16,239.3 2 0
github.com/mikesvis/short/internal/drivers/postgres/postgres.go:241.2,242.16 2 0
github.com/mikesvis/short/internal/drivers/postgres/postgres.go:242.16,245.3 2 0
github.com/mikesvis/short/internal/drivers/postgres/postgres.go:247.2,247.16 1 0
github.com/mikesvis/short/internal/drivers/postgres/postgres.go:251.34,253.2 1 0
github.com/mikesvis/short/internal/drivers/postgres/postgres.go:256.90,257.22 1 0
github.com/mikesvis/short/internal/drivers/postgres/postgres.go:257.22,259.3 1 0
github.com/mikesvis/short/internal/drivers/postgres/postgres.go:261.2,262.16 2 0
github.com/mikesvis/short/internal/drivers/postgres/postgres.go:262.16,265.3 2 0
github.com/mikesvis/short/internal/drivers/postgres/postgres.go:266.2,268.30 2 0
github.com/mikesvis/short/internal/drivers/postgres/postgres.go:272.73,275.18 3 0
github.com/mikesvis/short/internal/drivers/postgres/postgres.go:275.18,277.17 2 0
github.com/mikesvis/short/internal/drivers/postgres/postgres.go:277.17,280.4 2 0
github.com/mikesvis/short/internal/drivers/postgres/postgres.go:282.3,287.5 1 0
github.com/mikesvis/short/internal/drivers/postgres/postgres.go:290.2,291.16 2 0
github.com/mikesvis/short/internal/drivers/postgres/postgres.go:291.16,294.3 2 0
github.com/mikesvis/short/internal/drivers/postgres/postgres.go:296.2,296.20 1 0
github.com/mikesvis/short/internal/drivers/postgres/postgres.go:300.83,305.2 4 0
github.com/mikesvis/short/internal/drivers/postgres/postgres.go:309.102,312.12 2 0
github.com/mikesvis/short/internal/drivers/postgres/postgres.go:312.12,314.30 2 0
github.com/mikesvis/short/internal/drivers/postgres/postgres.go:314.30,319.11 2 0
github.com/mikesvis/short/internal/drivers/postgres/postgres.go:320.22,321.11 1 0
github.com/mikesvis/short/internal/drivers/postgres/postgres.go:322.25,322.25 0 0
github.com/mikesvis/short/internal/drivers/postgres/postgres.go:327.2,327.16 1 0
github.com/mikesvis/short/internal/drivers/postgres/postgres.go:332.91,336.34 3 0
github.com/mikesvis/short/internal/drivers/postgres/postgres.go:336.34,339.3 2 0
github.com/mikesvis/short/internal/drivers/postgres/postgres.go:341.2,341.17 1 0
github.com/mikesvis/short/internal/drivers/postgres/postgres.go:345.93,347.12 2 0
github.com/mikesvis/short/internal/drivers/postgres/postgres.go:347.12,350.29 2 0
github.com/mikesvis/short/internal/drivers/postgres/postgres.go:350.29,355.18 4 0
github.com/mikesvis/short/internal/drivers/postgres/postgres.go:355.18,357.13 2 0
github.com/mikesvis/short/internal/drivers/postgres/postgres.go:360.4,360.11 1 0
github.com/mikesvis/short/internal/drivers/postgres/postgres.go:361.22,362.11 1 0
github.com/mikesvis/short/internal/drivers/postgres/postgres.go:363.27,363.27 0 0
github.com/mikesvis/short/internal/drivers/postgres/postgres.go:368.2,368.20 1 0
github.com/mikesvis/short/internal/drivers/postgres/postgres.go:373.85,378.31 3 0
github.com/mikesvis/short/internal/drivers/postgres/postgres.go:378.31,383.13 3 0
github.com/mikesvis/short/internal/drivers/postgres/postgres.go:383.13,386.32 2 0
github.com/mikesvis/short/internal/drivers/postgres/postgres.go:386.32,387.12 1 0
github.com/mikesvis/short/internal/drivers/postgres/postgres.go:388.23,389.12 1 0
github.com/mikesvis/short/internal/drivers/postgres/postgres.go:390.26,390.26 0 0
github.com/mikesvis/short/internal/drivers/postgres/postgres.go:396.2,396.12 1 0
github.com/mikesvis/short/internal/drivers/postgres/postgres.go:396.12,399.3 2 0
github.com/mikesvis/short/internal/drivers/postgres/postgres.go:401.2,401.16 1 0
github.com/mikesvis/short/internal/drivers/postgres/postgres.go:405.79,407.34 2 0
github.com/mikesvis/short/internal/drivers/postgres/postgres.go:407.34,409.3 1 0
github.com/mikesvis/short/internal/drivers/postgres/postgres.go:411.2,411.27 1 0
github.com/mikesvis/short/internal/drivers/postgres/postgres.go:411.27,413.3 1 0
github.com/mikesvis/short/internal/drivers/postgres/postgres.go:416.2,417.16 2 0
github.com/mikesvis/short/internal/drivers/postgres/postgres.go:417.16,420.3 2 0
github.com/mikesvis/short/internal/drivers/postgres/postgres.go:421.2,425.16 3 0
github.com/mikesvis/short/internal/drivers/postgres/postgres.go:425.16,428.3 2 0
github.com/mikesvis/short/internal/jwt/jwt.go:28.67,31.95 2 0
github.com/mikesvis/short/internal/jwt/jwt.go:31.95,33.3 1 0
github.com/mikesvis/short/internal/jwt/jwt.go:36.2,36.31 1 0
github.com/mikesvis/short/internal/jwt/jwt.go:36.31,38.30 1 0
github.com/mikesvis/short/internal/jwt/jwt.go:38.30,40.4 1 0
github.com/mikesvis/short/internal/jwt/jwt.go:42.3,42.28 1 0
github.com/mikesvis/short/internal/jwt/jwt.go:45.2,45.32 1 0
github.com/mikesvis/short/internal/jwt/jwt.go:45.32,47.3 1 0
github.com/mikesvis/short/internal/jwt/jwt.go:49.2,49.16 1 0
github.com/mikesvis/short/internal/jwt/jwt.go:53.70,62.16 4 0
github.com/mikesvis/short/internal/jwt/jwt.go:62.16,64.3 1 0
github.com/mikesvis/short/internal/jwt/jwt.go:66.2,66.25 1 0
github.com/mikesvis/short/internal/keygen/keygen.go:14.32,17.19 2 0
github.com/mikesvis/short/internal/keygen/keygen.go:17.19,19.3 1 0
github.com/mikesvis/short/internal/keygen/keygen.go:21.2,21.18 1 0
github.com/mikesvis/short/internal/logger/logger.go:9.46,11.16 2 0
github.com/mikesvis/short/internal/logger/logger.go:11.16,13.3 1 0
github.com/mikesvis/short/internal/logger/logger.go:14.2,16.28 2 0
github.com/mikesvis/short/internal/middleware/auth.go:18.45,19.71 1 0
github.com/mikesvis/short/internal/middleware/auth.go:19.71,21.55 2 0
github.com/mikesvis/short/internal/middleware/auth.go:21.55,24.4 2 0
github.com/mikesvis/short/internal/middleware/auth.go:27.3,27.17 1 0
github.com/mikesvis/short/internal/middleware/auth.go:27.17,33.18 4 0
github.com/mikesvis/short/internal/middleware/auth.go:33.18,37.5 3 0
github.com/mikesvis/short/internal/middleware/auth.go:40.4,40.46 1 0
github.com/mikesvis/short/internal/middleware/auth.go:40.46,43.5 2 0
github.com/mikesvis/short/internal/middleware/auth.go:46.4,46.50 1 0
github.com/mikesvis/short/internal/middleware/auth.go:46.50,49.5 2 0
github.com/mikesvis/short/internal/middleware/auth.go:53.3,56.17 4 0
github.com/mikesvis/short/internal/middleware/auth.go:56.17,59.4 2 0
github.com/mikesvis/short/internal/middleware/auth.go:61.3,64.40 3 0
github.com/mikesvis/short/internal/middleware/auth.go:69.71,76.2 1 0
github.com/mikesvis/short/internal/middleware/auth.go:79.43,80.71 1 0
github.com/mikesvis/short/internal/middleware/auth.go:80.71,83.17 2 0
github.com/mikesvis/short/internal/middleware/auth.go:83.17,86.4 2 0
github.com/mikesvis/short/internal/middleware/auth.go:88.3,92.60 3 0
github.com/mikesvis/short/internal/middleware/auth.go:92.60,95.4 2 0
github.com/mikesvis/short/internal/middleware/auth.go:98.3,98.59 1 0
github.com/mikesvis/short/internal/middleware/auth.go:98.59,101.4 2 0
github.com/mikesvis/short/internal/middleware/auth.go:104.3,104.17 1 0
github.com/mikesvis/short/internal/middleware/auth.go:104.17,107.4 2 0
github.com/mikesvis/short/internal/middleware/auth.go:109.3,110.40 2 0
github.com/mikesvis/short/internal/middleware/auth.go:114.74,116.2 1 0
github.com/mikesvis/short/internal/middleware/compressor.go:16.63,21.2 1 0
github.com/mikesvis/short/internal/middleware/compressor.go:24.47,26.2 1 0
github.com/mikesvis/short/internal/middleware/compressor.go:29.55,31.2 1 0
github.com/mikesvis/short/internal/middleware/compressor.go:34.54,37.2 2 0
github.com/mikesvis/short/internal/middleware/compressor.go:40.40,42.2 1 0
github.com/mikesvis/short/internal/middleware/compressor.go:49.66,51.16 2 0
github.com/mikesvis/short/internal/middleware/compressor.go:51.16,53.3 1 0
github.com/mikesvis/short/internal/middleware/compressor.go:55.2,58.8 1 0
github.com/mikesvis/short/internal/middleware/compressor.go:62.59,64.2 1 0
github.com/mikesvis/short/internal/middleware/compressor.go:67.40,68.36 1 0
github.com/mikesvis/short/internal/middleware/compressor.go:68.36,70.3 1 0
github.com/mikesvis/short/internal/middleware/compressor.go:71.2,71.21 1 0
github.com/mikesvis/short/internal/middleware/compressor.go:75.79,76.46 1 0
github.com/mikesvis/short/internal/middleware/compressor.go:76.46,77.54 1 0
github.com/mikesvis/short/internal/middleware/compressor.go:77.54,81.43 3 0
github.com/mikesvis/short/internal/middleware/compressor.go:81.43,82.41 1 0
github.com/mikesvis/short/internal/middleware/compressor.go:82.41,84.11 2 0
github.com/mikesvis/short/internal/middleware/compressor.go:88.4,88.24 1 0
github.com/mikesvis/short/internal/middleware/compressor.go:88.24,91.5 2 0
github.com/mikesvis/short/internal/middleware/compressor.go:93.4,98.20 4 0
github.com/mikesvis/short/internal/middleware/compressor.go:98.20,102.5 3 0
github.com/mikesvis/short/internal/middleware/compressor.go:105.4,107.17 3 0
github.com/mikesvis/short/internal/middleware/compressor.go:107.17,109.19 2 0
github.com/mikesvis/short/internal/middleware/compressor.go:109.19,112.6 2 0
github.com/mikesvis/short/internal/middleware/compressor.go:113.5,114.21 2 0
github.com/mikesvis/short/internal/middleware/compressor.go:117.4,117.25 1 0
github.com/mikesvis/short/internal/middleware/compressor.go:119.3,119.30 1 0
github.com/mikesvis/short/internal/middleware/logger.go:24.89,25.46 1 0
github.com/mikesvis/short/internal/middleware/logger.go:25.46,26.54 1 0
github.com/mikesvis/short/internal/middleware/logger.go:26.54,51.4 8 0
github.com/mikesvis/short/internal/middleware/logger.go:52.3,52.30 1 0
github.com/mikesvis/short/internal/middleware/logger.go:57.62,61.2 3 0
github.com/mikesvis/short/internal/middleware/logger.go:64.61,67.2 2 0
github.com/mikesvis/short/internal/server/handler.go:31.74,33.2 1 0
github.com/mikesvis/short/internal/server/handler.go:38.70,44.16 5 0
github.com/mikesvis/short/internal/server/handler.go:44.16,48.3 2 0
github.com/mikesvis/short/internal/server/handler.go:50.2,50.28 1 0
github.com/mikesvis/short/internal/server/handler.go:50.28,55.3 3 0
github.com/mikesvis/short/internal/server/handler.go:57.2,57.18 1 0
github.com/mikesvis/short/internal/server/handler.go:57.18,61.3 2 0
github.com/mikesvis/short/internal/server/handler.go:63.2,64.45 2 0
github.com/mikesvis/short/internal/server/handler.go:71.78,76.16 4 0
github.com/mikesvis/short/internal/server/handler.go:76.16,80.3 2 0
github.com/mikesvis/short/internal/server/handler.go:82.2,83.16 2 0
github.com/mikesvis/short/internal/server/handler.go:83.16,87.3 2 0
github.com/mikesvis/short/internal/server/handler.go:89.2,98.56 5 0
github.com/mikesvis/short/internal/server/handler.go:98.56,102.3 2 0
github.com/mikesvis/short/internal/server/handler.go:104.2,104.16 1 0
github.com/mikesvis/short/internal/server/handler.go:104.16,106.3 1 0
github.com/mikesvis/short/internal/server/handler.go:108.2,110.76 3 0
github.com/mikesvis/short/internal/server/handler.go:114.64,117.2 2 0
github.com/mikesvis/short/internal/server/handler.go:124.78,129.65 4 0
github.com/mikesvis/short/internal/server/handler.go:129.65,132.3 2 0
github.com/mikesvis/short/internal/server/handler.go:134.2,136.16 3 0
github.com/mikesvis/short/internal/server/handler.go:136.16,140.3 2 0
github.com/mikesvis/short/internal/server/handler.go:142.2,151.56 5 0
github.com/mikesvis/short/internal/server/handler.go:151.56,155.3 2 0
github.com/mikesvis/short/internal/server/handler.go:157.2,157.16 1 0
github.com/mikesvis/short/internal/server/handler.go:157.16,159.3 1 0
github.com/mikesvis/short/internal/server/handler.go:161.2,166.30 5 0
github.com/mikesvis/short/internal/server/handler.go:170.64,174.53 3 0
github.com/mikesvis/short/internal/server/handler.go:174.53,178.3 2 0
github.com/mikesvis/short/internal/server/handler.go:180.2,182.16 2 0
github.com/mikesvis/short/internal/server/handler.go:182.16,186.3 2 0
github.com/mikesvis/short/internal/server/handler.go:188.2,188.30 1 0
github.com/mikesvis/short/internal/server/handler.go:197.79,202.65 4 0
github.com/mikesvis/short/internal/server/handler.go:202.65,205.3 2 0
github.com/mikesvis/short/internal/server/handler.go:208.2,209.28 2 0
github.com/mikesvis/short/internal/server/handler.go:209.28,215.3 1 0
github.com/mikesvis/short/internal/server/handler.go:218.2,219.16 2 0
github.com/mikesvis/short/internal/server/handler.go:219.16,222.3 2 0
github.com/mikesvis/short/internal/server/handler.go:224.2,225.27 2 0
github.com/mikesvis/short/internal/server/handler.go:225.27,234.3 1 0
github.com/mikesvis/short/internal/server/handler.go:236.2,240.30 4 0
github.com/mikesvis/short/internal/server/handler.go:245.71,252.16 4 0
github.com/mikesvis/short/internal/server/handler.go:252.16,255.3 2 0
github.com/mikesvis/short/internal/server/handler.go:257.2,257.21 1 0
github.com/mikesvis/short/internal/server/handler.go:257.21,260.3 2 0
github.com/mikesvis/short/internal/server/handler.go:262.2,263.26 2 0
github.com/mikesvis/short/internal/server/handler.go:263.26,272.3 1 0
github.com/mikesvis/short/internal/server/handler.go:274.2,278.30 4 0
github.com/mikesvis/short/internal/server/handler.go:283.74,287.68 3 0
github.com/mikesvis/short/internal/server/handler.go:287.68,291.3 2 0
github.com/mikesvis/short/internal/server/handler.go:293.2,294.65 2 0
github.com/mikesvis/short/internal/server/handler.go:294.65,297.3 2 0
github.com/mikesvis/short/internal/server/handler.go:300.2,300.23 1 0
github.com/mikesvis/short/internal/server/handler.go:300.23,304.3 2 0
github.com/mikesvis/short/internal/server/handler.go:306.2,308.36 2 0
github.com/mikesvis/short/internal/server/server.go:13.85,17.37 3 0
github.com/mikesvis/short/internal/server/server.go:17.37,22.3 4 0
github.com/mikesvis/short/internal/server/server.go:24.2,24.34 1 0
github.com/mikesvis/short/internal/server/server.go:24.34,33.3 8 0
github.com/mikesvis/short/internal/server/server.go:35.2,35.10 1 0
github.com/mikesvis/short/internal/storage/storage.go:65.79,66.37 1 0
github.com/mikesvis/short/internal/storage/storage.go:66.37,68.17 2 0
github.com/mikesvis/short/internal/storage/storage.go:68.17,70.4 1 0
github.com/mikesvis/short/internal/storage/storage.go:72.3,73.17 2 0
github.com/mikesvis/short/internal/storage/storage.go:73.17,75.4 1 0
github.com/mikesvis/short/internal/storage/storage.go:77.3,77.58 1 0
github.com/mikesvis/short/internal/storage/storage.go:80.2,80.41 1 0
github.com/mikesvis/short/internal/storage/storage.go:80.41,82.3 1 0
github.com/mikesvis/short/internal/storage/storage.go:84.2,84.42 1 0
github.com/mikesvis/short/pkg/urlformat/urlformal.go:11.59,13.2 1 0
github.com/mikesvis/short/pkg/urlformat/urlformal.go:16.46,17.29 1 0
github.com/mikesvis/short/pkg/urlformat/urlformal.go:17.29,19.3 1 0
github.com/mikesvis/short/pkg/urlformat/urlformal.go:21.2,22.16 2 0
github.com/mikesvis/short/pkg/urlformat/urlformal.go:22.16,24.3 1 0
github.com/mikesvis/short/pkg/urlformat/urlformal.go:26.2,26.12 1 0
github.com/mikesvis/short/pkg/urlformat/urlformal.go:30.43,32.2 1 0
github.com/mikesvis/short/internal/middleware/auth.go:18.45,19.71 1 0
github.com/mikesvis/short/internal/middleware/auth.go:19.71,21.55 2 0
github.com/mikesvis/short/internal/middleware/auth.go:21.55,24.4 2 0
github.com/mikesvis/short/internal/middleware/auth.go:27.3,27.17 1 0
github.com/mikesvis/short/internal/middleware/auth.go:27.17,33.18 4 0
github.com/mikesvis/short/internal/middleware/auth.go:33.18,37.5 3 0
github.com/mikesvis/short/internal/middleware/auth.go:40.4,40.46 1 0
github.com/mikesvis/short/internal/middleware/auth.go:40.46,43.5 2 0
github.com/mikesvis/short/internal/middleware/auth.go:46.4,46.50 1 0
github.com/mikesvis/short/internal/middleware/auth.go:46.50,49.5 2 0
github.com/mikesvis/short/internal/middleware/auth.go:53.3,56.17 4 0
github.com/mikesvis/short/internal/middleware/auth.go:56.17,59.4 2 0
github.com/mikesvis/short/internal/middleware/auth.go:61.3,64.40 3 0
github.com/mikesvis/short/internal/middleware/auth.go:69.71,76.2 1 0
github.com/mikesvis/short/internal/middleware/auth.go:79.43,80.71 1 0
github.com/mikesvis/short/internal/middleware/auth.go:80.71,83.17 2 0
github.com/mikesvis/short/internal/middleware/auth.go:83.17,86.4 2 0
github.com/mikesvis/short/internal/middleware/auth.go:88.3,92.60 3 0
github.com/mikesvis/short/internal/middleware/auth.go:92.60,95.4 2 0
github.com/mikesvis/short/internal/middleware/auth.go:98.3,98.59 1 0
github.com/mikesvis/short/internal/middleware/auth.go:98.59,101.4 2 0
github.com/mikesvis/short/internal/middleware/auth.go:104.3,104.17 1 0
github.com/mikesvis/short/internal/middleware/auth.go:104.17,107.4 2 0
github.com/mikesvis/short/internal/middleware/auth.go:109.3,110.40 2 0
github.com/mikesvis/short/internal/middleware/auth.go:114.74,116.2 1 0
github.com/mikesvis/short/internal/middleware/compressor.go:16.63,21.2 1 0
github.com/mikesvis/short/internal/middleware/compressor.go:24.47,26.2 1 0
github.com/mikesvis/short/internal/middleware/compressor.go:29.55,31.2 1 0
github.com/mikesvis/short/internal/middleware/compressor.go:34.54,37.2 2 0
github.com/mikesvis/short/internal/middleware/compressor.go:40.40,42.2 1 0
github.com/mikesvis/short/internal/middleware/compressor.go:49.66,51.16 2 0
github.com/mikesvis/short/internal/middleware/compressor.go:51.16,53.3 1 0
github.com/mikesvis/short/internal/middleware/compressor.go:55.2,58.8 1 0
github.com/mikesvis/short/internal/middleware/compressor.go:62.59,64.2 1 0
github.com/mikesvis/short/internal/middleware/compressor.go:67.40,68.36 1 0
github.com/mikesvis/short/internal/middleware/compressor.go:68.36,70.3 1 0
github.com/mikesvis/short/internal/middleware/compressor.go:71.2,71.21 1 0
github.com/mikesvis/short/internal/middleware/compressor.go:75.79,76.46 1 0
github.com/mikesvis/short/internal/middleware/compressor.go:76.46,77.54 1 0
github.com/mikesvis/short/internal/middleware/compressor.go:77.54,81.43 3 0
github.com/mikesvis/short/internal/middleware/compressor.go:81.43,82.41 1 0
github.com/mikesvis/short/internal/middleware/compressor.go:82.41,84.11 2 0
github.com/mikesvis/short/internal/middleware/compressor.go:88.4,88.24 1 0
github.com/mikesvis/short/internal/middleware/compressor.go:88.24,91.5 2 0
github.com/mikesvis/short/internal/middleware/compressor.go:93.4,98.20 4 0
github.com/mikesvis/short/internal/middleware/compressor.go:98.20,102.5 3 0
github.com/mikesvis/short/internal/middleware/compressor.go:105.4,107.17 3 0
github.com/mikesvis/short/internal/middleware/compressor.go:107.17,109.19 2 0
github.com/mikesvis/short/internal/middleware/compressor.go:109.19,112.6 2 0
github.com/mikesvis/short/internal/middleware/compressor.go:113.5,114.21 2 0
github.com/mikesvis/short/internal/middleware/compressor.go:117.4,117.25 1 0
github.com/mikesvis/short/internal/middleware/compressor.go:119.3,119.30 1 0
github.com/mikesvis/short/internal/middleware/logger.go:24.89,25.46 1 0
github.com/mikesvis/short/internal/middleware/logger.go:25.46,26.54 1 0
github.com/mikesvis/short/internal/middleware/logger.go:26.54,51.4 8 0
github.com/mikesvis/short/internal/middleware/logger.go:52.3,52.30 1 0
github.com/mikesvis/short/internal/middleware/logger.go:57.62,61.2 3 0
github.com/mikesvis/short/internal/middleware/logger.go:64.61,67.2 2 0
github.com/mikesvis/short/internal/drivers/postgres/postgres.go:39.77,41.16 2 0
github.com/mikesvis/short/internal/drivers/postgres/postgres.go:41.16,43.3 1 0
github.com/mikesvis/short/internal/drivers/postgres/postgres.go:45.2,45.35 1 0
github.com/mikesvis/short/internal/drivers/postgres/postgres.go:48.37,60.2 3 0
github.com/mikesvis/short/internal/drivers/postgres/postgres.go:64.81,68.16 3 0
github.com/mikesvis/short/internal/drivers/postgres/postgres.go:68.16,71.3 2 0
github.com/mikesvis/short/internal/drivers/postgres/postgres.go:72.2,83.16 4 0
github.com/mikesvis/short/internal/drivers/postgres/postgres.go:83.16,85.75 2 0
github.com/mikesvis/short/internal/drivers/postgres/postgres.go:85.75,89.4 2 0
github.com/mikesvis/short/internal/drivers/postgres/postgres.go:93.2,93.16 1 0
github.com/mikesvis/short/internal/drivers/postgres/postgres.go:93.16,95.3 1 0
github.com/mikesvis/short/internal/drivers/postgres/postgres.go:98.2,99.16 2 0
github.com/mikesvis/short/internal/drivers/postgres/postgres.go:99.16,102.3 2 0
github.com/mikesvis/short/internal/drivers/postgres/postgres.go:104.2,104.32 1 0
github.com/mikesvis/short/internal/drivers/postgres/postgres.go:108.87,113.16 3 0
github.com/mikesvis/short/internal/drivers/postgres/postgres.go:113.16,116.3 2 0
github.com/mikesvis/short/internal/drivers/postgres/postgres.go:117.2,123.38 5 0
github.com/mikesvis/short/internal/drivers/postgres/postgres.go:123.38,126.3 1 0
github.com/mikesvis/short/internal/drivers/postgres/postgres.go:128.2,128.16 1 0
github.com/mikesvis/short/internal/drivers/postgres/postgres.go:128.16,132.3 2 0
github.com/mikesvis/short/internal/drivers/postgres/postgres.go:134.2,134.98 1 0
github.com/mikesvis/short/internal/drivers/postgres/postgres.go:138.89,143.16 3 0
github.com/mikesvis/short/internal/drivers/postgres/postgres.go:143.16,146.3 2 0
github.com/mikesvis/short/internal/drivers/postgres/postgres.go:147.2,153.38 5 0
github.com/mikesvis/short/internal/drivers/postgres/postgres.go:153.38,156.3 1 0
github.com/mikesvis/short/internal/drivers/postgres/postgres.go:158.2,158.16 1 0
github.com/mikesvis/short/internal/drivers/postgres/postgres.go:158.16,162.3 2 0
github.com/mikesvis/short/internal/drivers/postgres/postgres.go:164.2,164.98 1 0
github.com/mikesvis/short/internal/drivers/postgres/postgres.go:168.52,170.2 1 0
github.com/mikesvis/short/internal/drivers/postgres/postgres.go:173.109,181.23 4 0
github.com/mikesvis/short/internal/drivers/postgres/postgres.go:181.23,185.3 3 0
github.com/mikesvis/short/internal/drivers/postgres/postgres.go:188.2,189.16 2 0
github.com/mikesvis/short/internal/drivers/postgres/postgres.go:189.16,192.3 2 0
github.com/mikesvis/short/internal/drivers/postgres/postgres.go:193.2,198.16 4 0
github.com/mikesvis/short/internal/drivers/postgres/postgres.go:198.16,201.3 2 0
github.com/mikesvis/short/internal/drivers/postgres/postgres.go:203.2,203.34 1 0
github.com/mikesvis/short/internal/drivers/postgres/postgres.go:203.34,213.3 2 0
github.com/mikesvis/short/internal/drivers/postgres/postgres.go:216.2,216.23 1 0
github.com/mikesvis/short/internal/drivers/postgres/postgres.go:216.23,218.3 1 0
github.com/mikesvis/short/internal/drivers/postgres/postgres.go:221.2,222.28 2 0
github.com/mikesvis/short/internal/drivers/postgres/postgres.go:222.28,230.3 1 0
github.com/mikesvis/short/internal/drivers/postgres/postgres.go:233.2,236.16 4 0
github.com/mikesvis/short/internal/drivers/postgres/postgres.go:236.16,239.3 2 0
github.com/mikesvis/short/internal/drivers/postgres/postgres.go:241.2,242.16 2 0
github.com/mikesvis/short/internal/drivers/postgres/postgres.go:242.16,245.3 2 0
github.com/mikesvis/short/internal/drivers/postgres/postgres.go:247.2,247.16 1 0
github.com/mikesvis/short/internal/drivers/postgres/postgres.go:251.34,253.2 1 0
github.com/mikesvis/short/internal/drivers/postgres/postgres.go:256.90,257.22 1 0
github.com/mikesvis/short/internal/drivers/postgres/postgres.go:257.22,259.3 1 0
github.com/mikesvis/short/internal/drivers/postgres/postgres.go:261.2,262.16 2 0
github.com/mikesvis/short/internal/drivers/postgres/postgres.go:262.16,265.3 2 0
github.com/mikesvis/short/internal/drivers/postgres/postgres.go:266.2,268.30 2 0
github.com/mikesvis/short/internal/drivers/postgres/postgres.go:272.73,275.18 3 0
github.com/mikesvis/short/internal/drivers/postgres/postgres.go:275.18,277.17 2 0
github.com/mikesvis/short/internal/drivers/postgres/postgres.go:277.17,280.4 2 0
github.com/mikesvis/short/internal/drivers/postgres/postgres.go:282.3,287.5 1 0
github.com/mikesvis/short/internal/drivers/postgres/postgres.go:290.2,291.16 2 0
github.com/mikesvis/short/internal/drivers/postgres/postgres.go:291.16,294.3 2 0
github.com/mikesvis/short/internal/drivers/postgres/postgres.go:296.2,296.20 1 0
github.com/mikesvis/short/internal/drivers/postgres/postgres.go:300.83,305.2 4 0
github.com/mikesvis/short/internal/drivers/postgres/postgres.go:309.102,312.12 2 0
github.com/mikesvis/short/internal/drivers/postgres/postgres.go:312.12,314.30 2 0
github.com/mikesvis/short/internal/drivers/postgres/postgres.go:314.30,319.11 2 0
github.com/mikesvis/short/internal/drivers/postgres/postgres.go:320.22,321.11 1 0
github.com/mikesvis/short/internal/drivers/postgres/postgres.go:322.25,322.25 0 0
github.com/mikesvis/short/internal/drivers/postgres/postgres.go:327.2,327.16 1 0
github.com/mikesvis/short/internal/drivers/postgres/postgres.go:332.91,336.34 3 0
github.com/mikesvis/short/internal/drivers/postgres/postgres.go:336.34,339.3 2 0
github.com/mikesvis/short/internal/drivers/postgres/postgres.go:341.2,341.17 1 0
github.com/mikesvis/short/internal/drivers/postgres/postgres.go:345.93,347.12 2 0
github.com/mikesvis/short/internal/drivers/postgres/postgres.go:347.12,350.29 2 0
github.com/mikesvis/short/internal/drivers/postgres/postgres.go:350.29,355.18 4 0
github.com/mikesvis/short/internal/drivers/postgres/postgres.go:355.18,357.13 2 0
github.com/mikesvis/short/internal/drivers/postgres/postgres.go:360.4,360.11 1 0
github.com/mikesvis/short/internal/drivers/postgres/postgres.go:361.22,362.11 1 0
github.com/mikesvis/short/internal/drivers/postgres/postgres.go:363.27,363.27 0 0
github.com/mikesvis/short/internal/drivers/postgres/postgres.go:368.2,368.20 1 0
github.com/mikesvis/short/internal/drivers/postgres/postgres.go:373.85,378.31 3 0
github.com/mikesvis/short/internal/drivers/postgres/postgres.go:378.31,383.13 3 0
github.com/mikesvis/short/internal/drivers/postgres/postgres.go:383.13,386.32 2 0
github.com/mikesvis/short/internal/drivers/postgres/postgres.go:386.32,387.12 1 0
github.com/mikesvis/short/internal/drivers/postgres/postgres.go:388.23,389.12 1 0
github.com/mikesvis/short/internal/drivers/postgres/postgres.go:390.26,390.26 0 0
github.com/mikesvis/short/internal/drivers/postgres/postgres.go:396.2,396.12 1 0
github.com/mikesvis/short/internal/drivers/postgres/postgres.go:396.12,399.3 2 0
github.com/mikesvis/short/internal/drivers/postgres/postgres.go:401.2,401.16 1 0
github.com/mikesvis/short/internal/drivers/postgres/postgres.go:405.79,407.34 2 0
github.com/mikesvis/short/internal/drivers/postgres/postgres.go:407.34,409.3 1 0
github.com/mikesvis/short/internal/drivers/postgres/postgres.go:411.2,411.27 1 0
github.com/mikesvis/short/internal/drivers/postgres/postgres.go:411.27,413.3 1 0
github.com/mikesvis/short/internal/drivers/postgres/postgres.go:416.2,417.16 2 0
github.com/mikesvis/short/internal/drivers/postgres/postgres.go:417.16,420.3 2 0
github.com/mikesvis/short/internal/drivers/postgres/postgres.go:421.2,425.16 3 0
github.com/mikesvis/short/internal/drivers/postgres/postgres.go:425.16,428.3 2 0
github.com/mikesvis/short/internal/jwt/jwt.go:28.67,31.95 2 0
github.com/mikesvis/short/internal/jwt/jwt.go:31.95,33.3 1 0
github.com/mikesvis/short/internal/jwt/jwt.go:36.2,36.31 1 0
github.com/mikesvis/short/internal/jwt/jwt.go:36.31,38.30 1 0
github.com/mikesvis/short/internal/jwt/jwt.go:38.30,40.4 1 0
github.com/mikesvis/short/internal/jwt/jwt.go:42.3,42.28 1 0
github.com/mikesvis/short/internal/jwt/jwt.go:45.2,45.32 1 0
github.com/mikesvis/short/internal/jwt/jwt.go:45.32,47.3 1 0
github.com/mikesvis/short/internal/jwt/jwt.go:49.2,49.16 1 0
github.com/mikesvis/short/internal/jwt/jwt.go:53.70,62.16 4 0
github.com/mikesvis/short/internal/jwt/jwt.go:62.16,64.3 1 0
github.com/mikesvis/short/internal/jwt/jwt.go:66.2,66.25 1 0
github.com/mikesvis/short/cmd/shortener/main.go:17.37,18.17 1 0
github.com/mikesvis/short/cmd/shortener/main.go:18.17,20.3 1 0
github.com/mikesvis/short/cmd/shortener/main.go:21.2,21.14 1 0
github.com/mikesvis/short/cmd/shortener/main.go:24.25,29.2 1 0
github.com/mikesvis/short/cmd/shortener/main.go:31.13,38.2 4 0
github.com/mikesvis/short/cmd/staticlint/main.go:20.13,36.2 6 0
github.com/mikesvis/short/cmd/staticlint/main.go:38.53,40.42 2 0
github.com/mikesvis/short/cmd/staticlint/main.go:40.42,42.3 1 0
github.com/mikesvis/short/cmd/staticlint/main.go:43.2,43.37 1 0
github.com/mikesvis/short/cmd/staticlint/main.go:43.37,45.3 1 0
github.com/mikesvis/short/cmd/staticlint/main.go:47.2,47.15 1 0
github.com/mikesvis/short/cmd/staticlint/main.go:57.48,59.9 2 0
github.com/mikesvis/short/cmd/staticlint/main.go:59.9,61.3 1 0
github.com/mikesvis/short/cmd/staticlint/main.go:62.2,62.32 1 0
github.com/mikesvis/short/cmd/staticlint/main.go:62.32,64.3 1 0
github.com/mikesvis/short/cmd/staticlint/main.go:65.2,66.9 2 0
github.com/mikesvis/short/cmd/staticlint/main.go:66.9,68.3 1 0
github.com/mikesvis/short/cmd/staticlint/main.go:69.2,69.30 1 0
github.com/mikesvis/short/cmd/staticlint/main.go:72.52,73.31 1 0
github.com/mikesvis/short/cmd/staticlint/main.go:73.31,75.3 1 0
github.com/mikesvis/short/cmd/staticlint/main.go:77.2,77.34 1 0
github.com/mikesvis/short/cmd/staticlint/main.go:77.34,80.43 2 0
github.com/mikesvis/short/cmd/staticlint/main.go:80.43,81.25 1 0
github.com/mikesvis/short/cmd/staticlint/main.go:82.23,83.39 1 0
github.com/mikesvis/short/cmd/staticlint/main.go:84.23,85.38 1 0
github.com/mikesvis/short/cmd/staticlint/main.go:85.38,88.6 2 0
github.com/mikesvis/short/cmd/staticlint/main.go:90.4,90.15 1 0
github.com/mikesvis/short/cmd/staticlint/main.go:93.2,93.17 1 0
github.com/mikesvis/short/internal/app/app.go:26.38,28.16 2 0
github.com/mikesvis/short/internal/app/app.go:28.16,29.13 1 0
github.com/mikesvis/short/internal/app/app.go:32.2,33.16 2 0
github.com/mikesvis/short/internal/app/app.go:33.16,34.13 1 0
github.com/mikesvis/short/internal/app/app.go:37.2,55.3 3 0
github.com/mikesvis/short/internal/app/app.go:59.27,61.64 2 0
github.com/mikesvis/short/internal/app/app.go:61.64,63.3 1 0
github.com/mikesvis/short/internal/app/app.go:64.2,64.86 1 0
github.com/mikesvis/short/internal/app/app.go:64.86,67.3 2 0
github.com/mikesvis/short/internal/app/app.go:69.2,69.12 1 0
github.com/mikesvis/short/internal/config/config.go:25.26,32.2 4 0
github.com/mikesvis/short/internal/config/config.go:34.28,40.2 5 0
github.com/mikesvis/short/internal/drivers/filedb/filedb.go:31.68,35.2 2 1
github.com/mikesvis/short/internal/drivers/filedb/filedb.go:39.79,41.16 2 1
github.com/mikesvis/short/internal/drivers/filedb/filedb.go:41.16,43.3 1 0
github.com/mikesvis/short/internal/drivers/filedb/filedb.go:45.2,45.27 1 1
github.com/mikesvis/short/internal/drivers/filedb/filedb.go:45.27,47.3 1 0
github.com/mikesvis/short/internal/drivers/filedb/filedb.go:49.2,50.16 2 1
github.com/mikesvis/short/internal/drivers/filedb/filedb.go:50.16,52.3 1 0
github.com/mikesvis/short/internal/drivers/filedb/filedb.go:53.2,64.46 4 1
github.com/mikesvis/short/internal/drivers/filedb/filedb.go:64.46,66.3 1 0
github.com/mikesvis/short/internal/drivers/filedb/filedb.go:68.2,68.15 1 1
github.com/mikesvis/short/internal/drivers/filedb/filedb.go:72.85,74.16 2 1
github.com/mikesvis/short/internal/drivers/filedb/filedb.go:74.16,76.3 1 0
github.com/mikesvis/short/internal/drivers/filedb/filedb.go:77.2,81.6 3 1
github.com/mikesvis/short/internal/drivers/filedb/filedb.go:81.6,83.47 2 1
github.com/mikesvis/short/internal/drivers/filedb/filedb.go:83.47,84.9 1 1
github.com/mikesvis/short/internal/drivers/filedb/filedb.go:85.9,85.24 1 1
github.com/mikesvis/short/internal/drivers/filedb/filedb.go:85.24,87.4 1 0
github.com/mikesvis/short/internal/drivers/filedb/filedb.go:89.3,89.31 1 1
github.com/mikesvis/short/internal/drivers/filedb/filedb.go:89.31,90.12 1 1
github.com/mikesvis/short/internal/drivers/filedb/filedb.go:93.3,98.9 1 1
github.com/mikesvis/short/internal/drivers/filedb/filedb.go:101.2,101.26 1 1
github.com/mikesvis/short/internal/drivers/filedb/filedb.go:105.87,107.16 2 1
github.com/mikesvis/short/internal/drivers/filedb/filedb.go:107.16,109.3 1 0
github.com/mikesvis/short/internal/drivers/filedb/filedb.go:110.2,114.6 3 1
github.com/mikesvis/short/internal/drivers/filedb/filedb.go:114.6,116.47 2 1
github.com/mikesvis/short/internal/drivers/filedb/filedb.go:116.47,117.9 1 1
github.com/mikesvis/short/internal/drivers/filedb/filedb.go:118.9,118.24 1 1
github.com/mikesvis/short/internal/drivers/filedb/filedb.go:118.24,120.4 1 0
github.com/mikesvis/short/internal/drivers/filedb/filedb.go:122.3,122.29 1 1
github.com/mikesvis/short/internal/drivers/filedb/filedb.go:122.29,123.12 1 1
github.com/mikesvis/short/internal/drivers/filedb/filedb.go:126.3,131.9 1 1
github.com/mikesvis/short/internal/drivers/filedb/filedb.go:134.2,134.26 1 1
github.com/mikesvis/short/internal/drivers/filedb/filedb.go:138.50,142.2 2 1
github.com/mikesvis/short/internal/drivers/filedb/filedb.go:145.107,149.23 2 1
github.com/mikesvis/short/internal/drivers/filedb/filedb.go:149.23,151.3 1 1
github.com/mikesvis/short/internal/drivers/filedb/filedb.go:154.2,155.16 2 1
github.com/mikesvis/short/internal/drivers/filedb/filedb.go:155.16,157.3 1 0
github.com/mikesvis/short/internal/drivers/filedb/filedb.go:158.2,161.6 3 1
github.com/mikesvis/short/internal/drivers/filedb/filedb.go:161.6,164.46 2 1
github.com/mikesvis/short/internal/drivers/filedb/filedb.go:164.46,165.9 1 1
github.com/mikesvis/short/internal/drivers/filedb/filedb.go:166.9,166.24 1 0
github.com/mikesvis/short/internal/drivers/filedb/filedb.go:166.24,168.4 1 0
github.com/mikesvis/short/internal/drivers/filedb/filedb.go:170.3,171.13 2 0
github.com/mikesvis/short/internal/drivers/filedb/filedb.go:171.13,181.4 2 0
github.com/mikesvis/short/internal/drivers/filedb/filedb.go:184.3,184.28 1 0
github.com/mikesvis/short/internal/drivers/filedb/filedb.go:184.28,185.9 1 0
github.com/mikesvis/short/internal/drivers/filedb/filedb.go:190.2,190.27 1 1
github.com/mikesvis/short/internal/drivers/filedb/filedb.go:190.27,192.3 1 0
github.com/mikesvis/short/internal/drivers/filedb/filedb.go:195.2,196.16 2 1
github.com/mikesvis/short/internal/drivers/filedb/filedb.go:196.16,198.3 1 0
github.com/mikesvis/short/internal/drivers/filedb/filedb.go:199.2,204.32 3 1
github.com/mikesvis/short/internal/drivers/filedb/filedb.go:204.32,214.47 2 1
github.com/mikesvis/short/internal/drivers/filedb/filedb.go:214.47,216.4 1 0
github.com/mikesvis/short/internal/drivers/filedb/filedb.go:219.2,219.16 1 1
github.com/mikesvis/short/internal/drivers/filedb/filedb.go:223.88,225.16 2 1
github.com/mikesvis/short/internal/drivers/filedb/filedb.go:225.16,227.3 1 0
github.com/mikesvis/short/internal/drivers/filedb/filedb.go:228.2,233.6 4 1
github.com/mikesvis/short/internal/drivers/filedb/filedb.go:233.6,235.47 2 1
github.com/mikesvis/short/internal/drivers/filedb/filedb.go:235.47,236.9 1 1
github.com/mikesvis/short/internal/drivers/filedb/filedb.go:237.9,237.24 1 1
github.com/mikesvis/short/internal/drivers/filedb/filedb.go:237.24,239.4 1 0
github.com/mikesvis/short/internal/drivers/filedb/filedb.go:241.3,241.25 1 1
github.com/mikesvis/short/internal/drivers/filedb/filedb.go:241.25,242.12 1 1
github.com/mikesvis/short/internal/drivers/filedb/filedb.go:245.3,249.5 1 1
github.com/mikesvis/short/internal/drivers/filedb/filedb.go:252.2,252.20 1 1
github.com/mikesvis/short/internal/drivers/inmemory/inmemory.go:20.55,23.2 2 0
github.com/mikesvis/short/internal/drivers/inmemory/inmemory.go:27.81,28.28 1 0
github.com/mikesvis/short/internal/drivers/inmemory/inmemory.go:28.28,29.23 1 0
github.com/mikesvis/short/internal/drivers/inmemory/inmemory.go:29.23,31.4 1 0
github.com/mikesvis/short/internal/drivers/inmemory/inmemory.go:33.2,34.15 2 0
github.com/mikesvis/short/internal/drivers/inmemory/inmemory.go:38.87,39.28 1 0
github.com/mikesvis/short/internal/drivers/inmemory/inmemory.go:39.28,40.32 1 0
github.com/mikesvis/short/internal/drivers/inmemory/inmemory.go:40.32,41.12 1 0
github.com/mikesvis/short/internal/drivers/inmemory/inmemory.go:44.3,44.16 1 0
github.com/mikesvis/short/internal/drivers/inmemory/inmemory.go:47.2,47.26 1 0
github.com/mikesvis/short/internal/drivers/inmemory/inmemory.go:51.89,52.28 1 0
github.com/mikesvis/short/internal/drivers/inmemory/inmemory.go:52.28,53.34 1 0
github.com/mikesvis/short/internal/drivers/inmemory/inmemory.go:53.34,54.12 1 0
github.com/mikesvis/short/internal/drivers/inmemory/inmemory.go:57.3,57.16 1 0
github.com/mikesvis/short/internal/drivers/inmemory/inmemory.go:60.2,60.26 1 0
github.com/mikesvis/short/internal/drivers/inmemory/inmemory.go:64.109,68.23 2 0
github.com/mikesvis/short/internal/drivers/inmemory/inmemory.go:68.23,70.3 1 0
github.com/mikesvis/short/internal/drivers/inmemory/inmemory.go:73.2,73.28 1 0
github.com/mikesvis/short/internal/drivers/inmemory/inmemory.go:73.28,75.13 2 0
github.com/mikesvis/short/internal/drivers/inmemory/inmemory.go:75.13,85.4 2 0
github.com/mikesvis/short/internal/drivers/inmemory/inmemory.go:88.3,88.28 1 0
github.com/mikesvis/short/internal/drivers/inmemory/inmemory.go:88.28,89.9 1 0
github.com/mikesvis/short/internal/drivers/inmemory/inmemory.go:94.2,94.27 1 0
github.com/mikesvis/short/internal/drivers/inmemory/inmemory.go:94.27,96.3 1 0
github.com/mikesvis/short/internal/drivers/inmemory/inmemory.go:99.2,99.32 1 0
github.com/mikesvis/short/internal/drivers/inmemory/inmemory.go:99.32,101.3 1 0
github.com/mikesvis/short/internal/drivers/inmemory/inmemory.go:103.2,103.16 1 0
github.com/mikesvis/short/internal/drivers/inmemory/inmemory.go:107.90,109.28 2 0
github.com/mikesvis/short/internal/drivers/inmemory/inmemory.go:109.28,110.25 1 0
github.com/mikesvis/short/internal/drivers/inmemory/inmemory.go:110.25,111.12 1 0
github.com/mikesvis/short/internal/drivers/inmemory/inmemory.go:114.3,114.29 1 0
github.com/mikesvis/short/internal/drivers/inmemory/inmemory.go:117.2,117.20 1 0
github.com/mikesvis/short/internal/drivers/postgres/postgres.go:39.77,41.16 2 0
github.com/mikesvis/short/internal/drivers/postgres/postgres.go:41.16,43.3 1 0
github.com/mikesvis/short/internal/drivers/postgres/postgres.go:45.2,45.35 1 0
github.com/mikesvis/short/internal/drivers/postgres/postgres.go:48.37,60.2 3 0
github.com/mikesvis/short/internal/drivers/postgres/postgres.go:64.81,68.16 3 0
github.com/mikesvis/short/internal/drivers/postgres/postgres.go:68.16,71.3 2 0
github.com/mikesvis/short/internal/drivers/postgres/postgres.go:72.2,83.16 4 0
github.com/mikesvis/short/internal/drivers/postgres/postgres.go:83.16,85.75 2 0
github.com/mikesvis/short/internal/drivers/postgres/postgres.go:85.75,89.4 2 0
github.com/mikesvis/short/internal/drivers/postgres/postgres.go:93.2,93.16 1 0
github.com/mikesvis/short/internal/drivers/postgres/postgres.go:93.16,95.3 1 0
github.com/mikesvis/short/internal/drivers/postgres/postgres.go:98.2,99.16 2 0
github.com/mikesvis/short/internal/drivers/postgres/postgres.go:99.16,102.3 2 0
github.com/mikesvis/short/internal/drivers/postgres/postgres.go:104.2,104.32 1 0
github.com/mikesvis/short/internal/drivers/postgres/postgres.go:108.87,113.16 3 0
github.com/mikesvis/short/internal/drivers/postgres/postgres.go:113.16,116.3 2 0
github.com/mikesvis/short/internal/drivers/postgres/postgres.go:117.2,123.38 5 0
github.com/mikesvis/short/internal/drivers/postgres/postgres.go:123.38,126.3 1 0
github.com/mikesvis/short/internal/drivers/postgres/postgres.go:128.2,128.16 1 0
github.com/mikesvis/short/internal/drivers/postgres/postgres.go:128.16,132.3 2 0
github.com/mikesvis/short/internal/drivers/postgres/postgres.go:134.2,134.98 1 0
github.com/mikesvis/short/internal/drivers/postgres/postgres.go:138.89,143.16 3 0
github.com/mikesvis/short/internal/drivers/postgres/postgres.go:143.16,146.3 2 0
github.com/mikesvis/short/internal/drivers/postgres/postgres.go:147.2,153.38 5 0
github.com/mikesvis/short/internal/drivers/postgres/postgres.go:153.38,156.3 1 0
github.com/mikesvis/short/internal/drivers/postgres/postgres.go:158.2,158.16 1 0
github.com/mikesvis/short/internal/drivers/postgres/postgres.go:158.16,162.3 2 0
github.com/mikesvis/short/internal/drivers/postgres/postgres.go:164.2,164.98 1 0
github.com/mikesvis/short/internal/drivers/postgres/postgres.go:168.52,170.2 1 0
github.com/mikesvis/short/internal/drivers/postgres/postgres.go:173.109,181.23 4 0
github.com/mikesvis/short/internal/drivers/postgres/postgres.go:181.23,185.3 3 0
github.com/mikesvis/short/internal/drivers/postgres/postgres.go:188.2,189.16 2 0
github.com/mikesvis/short/internal/drivers/postgres/postgres.go:189.16,192.3 2 0
github.com/mikesvis/short/internal/drivers/postgres/postgres.go:193.2,198.16 4 0
github.com/mikesvis/short/internal/drivers/postgres/postgres.go:198.16,201.3 2 0
github.com/mikesvis/short/internal/drivers/postgres/postgres.go:203.2,203.34 1 0
github.com/mikesvis/short/internal/drivers/postgres/postgres.go:203.34,213.3 2 0
github.com/mikesvis/short/internal/drivers/postgres/postgres.go:216.2,216.23 1 0
github.com/mikesvis/short/internal/drivers/postgres/postgres.go:216.23,218.3 1 0
github.com/mikesvis/short/internal/drivers/postgres/postgres.go:221.2,222.28 2 0
github.com/mikesvis/short/internal/drivers/postgres/postgres.go:222.28,230.3 1 0
github.com/mikesvis/short/internal/drivers/postgres/postgres.go:233.2,236.16 4 0
github.com/mikesvis/short/internal/drivers/postgres/postgres.go:236.16,239.3 2 0
github.com/mikesvis/short/internal/drivers/postgres/postgres.go:241.2,242.16 2 0
github.com/mikesvis/short/internal/drivers/postgres/postgres.go:242.16,245.3 2 0
github.com/mikesvis/short/internal/drivers/postgres/postgres.go:247.2,247.16 1 0
github.com/mikesvis/short/internal/drivers/postgres/postgres.go:251.34,253.2 1 0
github.com/mikesvis/short/internal/drivers/postgres/postgres.go:256.90,257.22 1 0
github.com/mikesvis/short/internal/drivers/postgres/postgres.go:257.22,259.3 1 0
github.com/mikesvis/short/internal/drivers/postgres/postgres.go:261.2,262.16 2 0
github.com/mikesvis/short/internal/drivers/postgres/postgres.go:262.16,265.3 2 0
github.com/mikesvis/short/internal/drivers/postgres/postgres.go:266.2,268.30 2 0
github.com/mikesvis/short/internal/drivers/postgres/postgres.go:272.73,275.18 3 0
github.com/mikesvis/short/internal/drivers/postgres/postgres.go:275.18,277.17 2 0
github.com/mikesvis/short/internal/drivers/postgres/postgres.go:277.17,280.4 2 0
github.com/mikesvis/short/internal/drivers/postgres/postgres.go:282.3,287.5 1 0
github.com/mikesvis/short/internal/drivers/postgres/postgres.go:290.2,291.16 2 0
github.com/mikesvis/short/internal/drivers/postgres/postgres.go:291.16,294.3 2 0
github.com/mikesvis/short/internal/drivers/postgres/postgres.go:296.2,296.20 1 0
github.com/mikesvis/short/internal/drivers/postgres/postgres.go:300.83,305.2 4 0
github.com/mikesvis/short/internal/drivers/postgres/postgres.go:309.102,312.12 2 0
github.com/mikesvis/short/internal/drivers/postgres/postgres.go:312.12,314.30 2 0
github.com/mikesvis/short/internal/drivers/postgres/postgres.go:314.30,319.11 2 0
github.com/mikesvis/short/internal/drivers/postgres/postgres.go:320.22,321.11 1 0
github.com/mikesvis/short/internal/drivers/postgres/postgres.go:322.25,322.25 0 0
github.com/mikesvis/short/internal/drivers/postgres/postgres.go:327.2,327.16 1 0
github.com/mikesvis/short/internal/drivers/postgres/postgres.go:332.91,336.34 3 0
github.com/mikesvis/short/internal/drivers/postgres/postgres.go:336.34,339.3 2 0
github.com/mikesvis/short/internal/drivers/postgres/postgres.go:341.2,341.17 1 0
github.com/mikesvis/short/internal/drivers/postgres/postgres.go:345.93,347.12 2 0
github.com/mikesvis/short/internal/drivers/postgres/postgres.go:347.12,350.29 2 0
github.com/mikesvis/short/internal/drivers/postgres/postgres.go:350.29,355.18 4 0
github.com/mikesvis/short/internal/drivers/postgres/postgres.go:355.18,357.13 2 0
github.com/mikesvis/short/internal/drivers/postgres/postgres.go:360.4,360.11 1 0
github.com/mikesvis/short/internal/drivers/postgres/postgres.go:361.22,362.11 1 0
github.com/mikesvis/short/internal/drivers/postgres/postgres.go:363.27,363.27 0 0
github.com/mikesvis/short/internal/drivers/postgres/postgres.go:368.2,368.20 1 0
github.com/mikesvis/short/internal/drivers/postgres/postgres.go:373.85,378.31 3 0
github.com/mikesvis/short/internal/drivers/postgres/postgres.go:378.31,383.13 3 0
github.com/mikesvis/short/internal/drivers/postgres/postgres.go:383.13,386.32 2 0
github.com/mikesvis/short/internal/drivers/postgres/postgres.go:386.32,387.12 1 0
github.com/mikesvis/short/internal/drivers/postgres/postgres.go:388.23,389.12 1 0
github.com/mikesvis/short/internal/drivers/postgres/postgres.go:390.26,390.26 0 0
github.com/mikesvis/short/internal/drivers/postgres/postgres.go:396.2,396.12 1 0
github.com/mikesvis/short/internal/drivers/postgres/postgres.go:396.12,399.3 2 0
github.com/mikesvis/short/internal/drivers/postgres/postgres.go:401.2,401.16 1 0
github.com/mikesvis/short/internal/drivers/postgres/postgres.go:405.79,407.34 2 0
github.com/mikesvis/short/internal/drivers/postgres/postgres.go:407.34,409.3 1 0
github.com/mikesvis/short/internal/drivers/postgres/postgres.go:411.2,411.27 1 0
github.com/mikesvis/short/internal/drivers/postgres/postgres.go:411.27,413.3 1 0
github.com/mikesvis/short/internal/drivers/postgres/postgres.go:416.2,417.16 2 0
github.com/mikesvis/short/internal/drivers/postgres/postgres.go:417.16,420.3 2 0
github.com/mikesvis/short/internal/drivers/postgres/postgres.go:421.2,425.16 3 0
github.com/mikesvis/short/internal/drivers/postgres/postgres.go:425.16,428.3 2 0
github.com/mikesvis/short/internal/jwt/jwt.go:28.67,31.95 2 0
github.com/mikesvis/short/internal/jwt/jwt.go:31.95,33.3 1 0
github.com/mikesvis/short/internal/jwt/jwt.go:36.2,36.31 1 0
github.com/mikesvis/short/internal/jwt/jwt.go:36.31,38.30 1 0
github.com/mikesvis/short/internal/jwt/jwt.go:38.30,40.4 1 0
github.com/mikesvis/short/internal/jwt/jwt.go:42.3,42.28 1 0
github.com/mikesvis/short/internal/jwt/jwt.go:45.2,45.32 1 0
github.com/mikesvis/short/internal/jwt/jwt.go:45.32,47.3 1 0
github.com/mikesvis/short/internal/jwt/jwt.go:49.2,49.16 1 0
github.com/mikesvis/short/internal/jwt/jwt.go:53.70,62.16 4 0
github.com/mikesvis/short/internal/jwt/jwt.go:62.16,64.3 1 0
github.com/mikesvis/short/internal/jwt/jwt.go:66.2,66.25 1 0
github.com/mikesvis/short/internal/keygen/keygen.go:14.32,17.19 2 0
github.com/mikesvis/short/internal/keygen/keygen.go:17.19,19.3 1 0
github.com/mikesvis/short/internal/keygen/keygen.go:21.2,21.18 1 0
github.com/mikesvis/short/internal/logger/logger.go:9.46,11.16 2 1
github.com/mikesvis/short/internal/logger/logger.go:11.16,13.3 1 0
github.com/mikesvis/short/internal/logger/logger.go:14.2,16.28 2 1
github.com/mikesvis/short/internal/middleware/auth.go:18.45,19.71 1 0
github.com/mikesvis/short/internal/middleware/auth.go:19.71,21.55 2 0
github.com/mikesvis/short/internal/middleware/auth.go:21.55,24.4 2 0
github.com/mikesvis/short/internal/middleware/auth.go:27.3,27.17 1 0
github.com/mikesvis/short/internal/middleware/auth.go:27.17,33.18 4 0
github.com/mikesvis/short/internal/middleware/auth.go:33.18,37.5 3 0
github.com/mikesvis/short/internal/middleware/auth.go:40.4,40.46 1 0
github.com/mikesvis/short/internal/middleware/auth.go:40.46,43.5 2 0
github.com/mikesvis/short/internal/middleware/auth.go:46.4,46.50 1 0
github.com/mikesvis/short/internal/middleware/auth.go:46.50,49.5 2 0
github.com/mikesvis/short/internal/middleware/auth.go:53.3,56.17 4 0
github.com/mikesvis/short/internal/middleware/auth.go:56.17,59.4 2 0
github.com/mikesvis/short/internal/middleware/auth.go:61.3,64.40 3 0
github.com/mikesvis/short/internal/middleware/auth.go:69.71,76.2 1 0
github.com/mikesvis/short/internal/middleware/auth.go:79.43,80.71 1 0
github.com/mikesvis/short/internal/middleware/auth.go:80.71,83.17 2 0
github.com/mikesvis/short/internal/middleware/auth.go:83.17,86.4 2 0
github.com/mikesvis/short/internal/middleware/auth.go:88.3,92.60 3 0
github.com/mikesvis/short/internal/middleware/auth.go:92.60,95.4 2 0
github.com/mikesvis/short/internal/middleware/auth.go:98.3,98.59 1 0
github.com/mikesvis/short/internal/middleware/auth.go:98.59,101.4 2 0
github.com/mikesvis/short/internal/middleware/auth.go:104.3,104.17 1 0
github.com/mikesvis/short/internal/middleware/auth.go:104.17,107.4 2 0
github.com/mikesvis/short/internal/middleware/auth.go:109.3,110.40 2 0
github.com/mikesvis/short/internal/middleware/auth.go:114.74,116.2 1 0
github.com/mikesvis/short/internal/middleware/compressor.go:16.63,21.2 1 0
github.com/mikesvis/short/internal/middleware/compressor.go:24.47,26.2 1 0
github.com/mikesvis/short/internal/middleware/compressor.go:29.55,31.2 1 0
github.com/mikesvis/short/internal/middleware/compressor.go:34.54,37.2 2 0
github.com/mikesvis/short/internal/middleware/compressor.go:40.40,42.2 1 0
github.com/mikesvis/short/internal/middleware/compressor.go:49.66,51.16 2 0
github.com/mikesvis/short/internal/middleware/compressor.go:51.16,53.3 1 0
github.com/mikesvis/short/internal/middleware/compressor.go:55.2,58.8 1 0
github.com/mikesvis/short/internal/middleware/compressor.go:62.59,64.2 1 0
github.com/mikesvis/short/internal/middleware/compressor.go:67.40,68.36 1 0
github.com/mikesvis/short/internal/middleware/compressor.go:68.36,70.3 1 0
github.com/mikesvis/short/internal/middleware/compressor.go:71.2,71.21 1 0
github.com/mikesvis/short/internal/middleware/compressor.go:75.79,76.46 1 0
github.com/mikesvis/short/internal/middleware/compressor.go:76.46,77.54 1 0
github.com/mikesvis/short/internal/middleware/compressor.go:77.54,81.43 3 0
github.com/mikesvis/short/internal/middleware/compressor.go:81.43,82.41 1 0
github.com/mikesvis/short/internal/middleware/compressor.go:82.41,84.11 2 0
github.com/mikesvis/short/internal/middleware/compressor.go:88.4,88.24 1 0
github.com/mikesvis/short/internal/middleware/compressor.go:88.24,91.5 2 0
github.com/mikesvis/short/internal/middleware/compressor.go:93.4,98.20 4 0
github.com/mikesvis/short/internal/middleware/compressor.go:98.20,102.5 3 0
github.com/mikesvis/short/internal/middleware/compressor.go:105.4,107.17 3 0
github.com/mikesvis/short/internal/middleware/compressor.go:107.17,109.19 2 0
github.com/mikesvis/short/internal/middleware/compressor.go:109.19,112.6 2 0
github.com/mikesvis/short/internal/middleware/compressor.go:113.5,114.21 2 0
github.com/mikesvis/short/internal/middleware/compressor.go:117.4,117.25 1 0
github.com/mikesvis/short/internal/middleware/compressor.go:119.3,119.30 1 0
github.com/mikesvis/short/internal/middleware/logger.go:24.89,25.46 1 0
github.com/mikesvis/short/internal/middleware/logger.go:25.46,26.54 1 0
github.com/mikesvis/short/internal/middleware/logger.go:26.54,51.4 8 0
github.com/mikesvis/short/internal/middleware/logger.go:52.3,52.30 1 0
github.com/mikesvis/short/internal/middleware/logger.go:57.62,61.2 3 0
github.com/mikesvis/short/internal/middleware/logger.go:64.61,67.2 2 0
github.com/mikesvis/short/internal/server/handler.go:31.74,33.2 1 0
github.com/mikesvis/short/internal/server/handler.go:38.70,44.16 5 0
github.com/mikesvis/short/internal/server/handler.go:44.16,48.3 2 0
github.com/mikesvis/short/internal/server/handler.go:50.2,50.28 1 0
github.com/mikesvis/short/internal/server/handler.go:50.28,55.3 3 0
github.com/mikesvis/short/internal/server/handler.go:57.2,57.18 1 0
github.com/mikesvis/short/internal/server/handler.go:57.18,61.3 2 0
github.com/mikesvis/short/internal/server/handler.go:63.2,64.45 2 0
github.com/mikesvis/short/internal/server/handler.go:71.78,76.16 4 0
github.com/mikesvis/short/internal/server/handler.go:76.16,80.3 2 0
github.com/mikesvis/short/internal/server/handler.go:82.2,83.16 2 0
github.com/mikesvis/short/internal/server/handler.go:83.16,87.3 2 0
github.com/mikesvis/short/internal/server/handler.go:89.2,98.56 5 0
github.com/mikesvis/short/internal/server/handler.go:98.56,102.3 2 0
github.com/mikesvis/short/internal/server/handler.go:104.2,104.16 1 0
github.com/mikesvis/short/internal/server/handler.go:104.16,106.3 1 0
github.com/mikesvis/short/internal/server/handler.go:108.2,110.76 3 0
github.com/mikesvis/short/internal/server/handler.go:114.64,117.2 2 0
github.com/mikesvis/short/internal/server/handler.go:124.78,129.65 4 0
github.com/mikesvis/short/internal/server/handler.go:129.65,132.3 2 0
github.com/mikesvis/short/internal/server/handler.go:134.2,136.16 3 0
github.com/mikesvis/short/internal/server/handler.go:136.16,140.3 2 0
github.com/mikesvis/short/internal/server/handler.go:142.2,151.56 5 0
github.com/mikesvis/short/internal/server/handler.go:151.56,155.3 2 0
github.com/mikesvis/short/internal/server/handler.go:157.2,157.16 1 0
github.com/mikesvis/short/internal/server/handler.go:157.16,159.3 1 0
github.com/mikesvis/short/internal/server/handler.go:161.2,166.30 5 0
github.com/mikesvis/short/internal/server/handler.go:170.64,174.53 3 0
github.com/mikesvis/short/internal/server/handler.go:174.53,178.3 2 0
github.com/mikesvis/short/internal/server/handler.go:180.2,182.16 2 0
github.com/mikesvis/short/internal/server/handler.go:182.16,186.3 2 0
github.com/mikesvis/short/internal/server/handler.go:188.2,188.30 1 0
github.com/mikesvis/short/internal/server/handler.go:197.79,202.65 4 0
github.com/mikesvis/short/internal/server/handler.go:202.65,205.3 2 0
github.com/mikesvis/short/internal/server/handler.go:208.2,209.28 2 0
github.com/mikesvis/short/internal/server/handler.go:209.28,215.3 1 0
github.com/mikesvis/short/internal/server/handler.go:218.2,219.16 2 0
github.com/mikesvis/short/internal/server/handler.go:219.16,222.3 2 0
github.com/mikesvis/short/internal/server/handler.go:224.2,225.27 2 0
github.com/mikesvis/short/internal/server/handler.go:225.27,234.3 1 0
github.com/mikesvis/short/internal/server/handler.go:236.2,240.30 4 0
github.com/mikesvis/short/internal/server/handler.go:245.71,252.16 4 0
github.com/mikesvis/short/internal/server/handler.go:252.16,255.3 2 0
github.com/mikesvis/short/internal/server/handler.go:257.2,257.21 1 0
github.com/mikesvis/short/internal/server/handler.go:257.21,260.3 2 0
github.com/mikesvis/short/internal/server/handler.go:262.2,263.26 2 0
github.com/mikesvis/short/internal/server/handler.go:263.26,272.3 1 0
github.com/mikesvis/short/internal/server/handler.go:274.2,278.30 4 0
github.com/mikesvis/short/internal/server/handler.go:283.74,287.68 3 0
github.com/mikesvis/short/internal/server/handler.go:287.68,291.3 2 0
github.com/mikesvis/short/internal/server/handler.go:293.2,294.65 2 0
github.com/mikesvis/short/internal/server/handler.go:294.65,297.3 2 0
github.com/mikesvis/short/internal/server/handler.go:300.2,300.23 1 0
github.com/mikesvis/short/internal/server/handler.go:300.23,304.3 2 0
github.com/mikesvis/short/internal/server/handler.go:306.2,308.36 2 0
github.com/mikesvis/short/internal/server/server.go:13.85,17.37 3 0
github.com/mikesvis/short/internal/server/server.go:17.37,22.3 4 0
github.com/mikesvis/short/internal/server/server.go:24.2,24.34 1 0
github.com/mikesvis/short/internal/server/server.go:24.34,33.3 8 0
github.com/mikesvis/short/internal/server/server.go:35.2,35.10 1 0
github.com/mikesvis/short/internal/storage/storage.go:65.79,66.37 1 0
github.com/mikesvis/short/internal/storage/storage.go:66.37,68.17 2 0
github.com/mikesvis/short/internal/storage/storage.go:68.17,70.4 1 0
github.com/mikesvis/short/internal/storage/storage.go:72.3,73.17 2 0
github.com/mikesvis/short/internal/storage/storage.go:73.17,75.4 1 0
github.com/mikesvis/short/internal/storage/storage.go:77.3,77.58 1 0
github.com/mikesvis/short/internal/storage/storage.go:80.2,80.41 1 0
github.com/mikesvis/short/internal/storage/storage.go:80.41,82.3 1 0
github.com/mikesvis/short/internal/storage/storage.go:84.2,84.42 1 0
github.com/mikesvis/short/pkg/urlformat/urlformal.go:11.59,13.2 1 0
github.com/mikesvis/short/pkg/urlformat/urlformal.go:16.46,17.29 1 0
github.com/mikesvis/short/pkg/urlformat/urlformal.go:17.29,19.3 1 0
github.com/mikesvis/short/pkg/urlformat/urlformal.go:21.2,22.16 2 0
github.com/mikesvis/short/pkg/urlformat/urlformal.go:22.16,24.3 1 0
github.com/mikesvis/short/pkg/urlformat/urlformal.go:26.2,26.12 1 0
github.com/mikesvis/short/pkg/urlformat/urlformal.go:30.43,32.2 1 0
github.com/mikesvis/short/cmd/shortener/main.go:17.37,18.17 1 0
github.com/mikesvis/short/cmd/shortener/main.go:18.17,20.3 1 0
github.com/mikesvis/short/cmd/shortener/main.go:21.2,21.14 1 0
github.com/mikesvis/short/cmd/shortener/main.go:24.25,29.2 1 0
github.com/mikesvis/short/cmd/shortener/main.go:31.13,38.2 4 0
github.com/mikesvis/short/cmd/staticlint/main.go:20.13,36.2 6 0
github.com/mikesvis/short/cmd/staticlint/main.go:38.53,40.42 2 0
github.com/mikesvis/short/cmd/staticlint/main.go:40.42,42.3 1 0
github.com/mikesvis/short/cmd/staticlint/main.go:43.2,43.37 1 0
github.com/mikesvis/short/cmd/staticlint/main.go:43.37,45.3 1 0
github.com/mikesvis/short/cmd/staticlint/main.go:47.2,47.15 1 0
github.com/mikesvis/short/cmd/staticlint/main.go:57.48,59.9 2 0
github.com/mikesvis/short/cmd/staticlint/main.go:59.9,61.3 1 0
github.com/mikesvis/short/cmd/staticlint/main.go:62.2,62.32 1 0
github.com/mikesvis/short/cmd/staticlint/main.go:62.32,64.3 1 0
github.com/mikesvis/short/cmd/staticlint/main.go:65.2,66.9 2 0
github.com/mikesvis/short/cmd/staticlint/main.go:66.9,68.3 1 0
github.com/mikesvis/short/cmd/staticlint/main.go:69.2,69.30 1 0
github.com/mikesvis/short/cmd/staticlint/main.go:72.52,73.31 1 0
github.com/mikesvis/short/cmd/staticlint/main.go:73.31,75.3 1 0
github.com/mikesvis/short/cmd/staticlint/main.go:77.2,77.34 1 0
github.com/mikesvis/short/cmd/staticlint/main.go:77.34,80.43 2 0
github.com/mikesvis/short/cmd/staticlint/main.go:80.43,81.25 1 0
github.com/mikesvis/short/cmd/staticlint/main.go:82.23,83.39 1 0
github.com/mikesvis/short/cmd/staticlint/main.go:84.23,85.38 1 0
github.com/mikesvis/short/cmd/staticlint/main.go:85.38,88.6 2 0
github.com/mikesvis/short/cmd/staticlint/main.go:90.4,90.15 1 0
github.com/mikesvis/short/cmd/staticlint/main.go:93.2,93.17 1 0
github.com/mikesvis/short/internal/app/app.go:26.38,28.16 2 0
github.com/mikesvis/short/internal/app/app.go:28.16,29.13 1 0
github.com/mikesvis/short/internal/app/app.go:32.2,33.16 2 0
github.com/mikesvis/short/internal/app/app.go:33.16,34.13 1 0
github.com/mikesvis/short/internal/app/app.go:37.2,55.3 3 0
github.com/mikesvis/short/internal/app/app.go:59.27,61.64 2 0
github.com/mikesvis/short/internal/app/app.go:61.64,63.3 1 0
github.com/mikesvis/short/internal/app/app.go:64.2,64.86 1 0
github.com/mikesvis/short/internal/app/app.go:64.86,67.3 2 0
github.com/mikesvis/short/internal/app/app.go:69.2,69.12 1 0
github.com/mikesvis/short/internal/config/config.go:25.26,32.2 4 0
github.com/mikesvis/short/internal/config/config.go:34.28,40.2 5 0
github.com/mikesvis/short/internal/drivers/filedb/filedb.go:31.68,35.2 2 0
github.com/mikesvis/short/internal/drivers/filedb/filedb.go:39.79,41.16 2 0
github.com/mikesvis/short/internal/drivers/filedb/filedb.go:41.16,43.3 1 0
github.com/mikesvis/short/internal/drivers/filedb/filedb.go:45.2,45.27 1 0
github.com/mikesvis/short/internal/drivers/filedb/filedb.go:45.27,47.3 1 0
github.com/mikesvis/short/internal/drivers/filedb/filedb.go:49.2,50.16 2 0
github.com/mikesvis/short/internal/drivers/filedb/filedb.go:50.16,52.3 1 0
github.com/mikesvis/short/internal/drivers/filedb/filedb.go:53.2,64.46 4 0
github.com/mikesvis/short/internal/drivers/filedb/filedb.go:64.46,66.3 1 0
github.com/mikesvis/short/internal/drivers/filedb/filedb.go:68.2,68.15 1 0
github.com/mikesvis/short/internal/drivers/filedb/filedb.go:72.85,74.16 2 0
github.com/mikesvis/short/internal/drivers/filedb/filedb.go:74.16,76.3 1 0
github.com/mikesvis/short/internal/drivers/filedb/filedb.go:77.2,81.6 3 0
github.com/mikesvis/short/internal/drivers/filedb/filedb.go:81.6,83.47 2 0
github.com/mikesvis/short/internal/drivers/filedb/filedb.go:83.47,84.9 1 0
github.com/mikesvis/short/internal/drivers/filedb/filedb.go:85.9,85.24 1 0
github.com/mikesvis/short/internal/drivers/filedb/filedb.go:85.24,87.4 1 0
github.com/mikesvis/short/internal/drivers/filedb/filedb.go:89.3,89.31 1 0
github.com/mikesvis/short/internal/drivers/filedb/filedb.go:89.31,90.12 1 0
github.com/mikesvis/short/internal/drivers/filedb/filedb.go:93.3,98.9 1 0
github.com/mikesvis/short/internal/drivers/filedb/filedb.go:101.2,101.26 1 0
github.com/mikesvis/short/internal/drivers/filedb/filedb.go:105.87,107.16 2 0
github.com/mikesvis/short/internal/drivers/filedb/filedb.go:107.16,109.3 1 0
github.com/mikesvis/short/internal/drivers/filedb/filedb.go:110.2,114.6 3 0
github.com/mikesvis/short/internal/drivers/filedb/filedb.go:114.6,116.47 2 0
github.com/mikesvis/short/internal/drivers/filedb/filedb.go:116.47,117.9 1 0
github.com/mikesvis/short/internal/drivers/filedb/filedb.go:118.9,118.24 1 0
github.com/mikesvis/short/internal/drivers/filedb/filedb.go:118.24,120.4 1 0
github.com/mikesvis/short/internal/drivers/filedb/filedb.go:122.3,122.29 1 0
github.com/mikesvis/short/internal/drivers/filedb/filedb.go:122.29,123.12 1 0
github.com/mikesvis/short/internal/drivers/filedb/filedb.go:126.3,131.9 1 0
github.com/mikesvis/short/internal/drivers/filedb/filedb.go:134.2,134.26 1 0
github.com/mikesvis/short/internal/drivers/filedb/filedb.go:138.50,142.2 2 0
github.com/mikesvis/short/internal/drivers/filedb/filedb.go:145.107,149.23 2 0
github.com/mikesvis/short/internal/drivers/filedb/filedb.go:149.23,151.3 1 0
github.com/mikesvis/short/internal/drivers/filedb/filedb.go:154.2,155.16 2 0
github.com/mikesvis/short/internal/drivers/filedb/filedb.go:155.16,157.3 1 0
github.com/mikesvis/short/internal/drivers/filedb/filedb.go:158.2,161.6 3 0
github.com/mikesvis/short/internal/drivers/filedb/filedb.go:161.6,164.46 2 0
github.com/mikesvis/short/internal/drivers/filedb/filedb.go:164.46,165.9 1 0
github.com/mikesvis/short/internal/drivers/filedb/filedb.go:166.9,166.24 1 0
github.com/mikesvis/short/internal/drivers/filedb/filedb.go:166.24,168.4 1 0
github.com/mikesvis/short/internal/drivers/filedb/filedb.go:170.3,171.13 2 0
github.com/mikesvis/short/internal/drivers/filedb/filedb.go:171.13,181.4 2 0
github.com/mikesvis/short/internal/drivers/filedb/filedb.go:184.3,184.28 1 0
github.com/mikesvis/short/internal/drivers/filedb/filedb.go:184.28,185.9 1 0
github.com/mikesvis/short/internal/drivers/filedb/filedb.go:190.2,190.27 1 0
github.com/mikesvis/short/internal/drivers/filedb/filedb.go:190.27,192.3 1 0
github.com/mikesvis/short/internal/drivers/filedb/filedb.go:195.2,196.16 2 0
github.com/mikesvis/short/internal/drivers/filedb/filedb.go:196.16,198.3 1 0
github.com/mikesvis/short/internal/drivers/filedb/filedb.go:199.2,204.32 3 0
github.com/mikesvis/short/internal/drivers/filedb/filedb.go:204.32,214.47 2 0
github.com/mikesvis/short/internal/drivers/filedb/filedb.go:214.47,216.4 1 0
github.com/mikesvis/short/internal/drivers/filedb/filedb.go:219.2,219.16 1 0
github.com/mikesvis/short/internal/drivers/filedb/filedb.go:223.88,225.16 2 0
github.com/mikesvis/short/internal/drivers/filedb/filedb.go:225.16,227.3 1 0
github.com/mikesvis/short/internal/drivers/filedb/filedb.go:228.2,233.6 4 0
github.com/mikesvis/short/internal/drivers/filedb/filedb.go:233.6,235.47 2 0
github.com/mikesvis/short/internal/drivers/filedb/filedb.go:235.47,236.9 1 0
github.com/mikesvis/short/internal/drivers/filedb/filedb.go:237.9,237.24 1 0
github.com/mikesvis/short/internal/drivers/filedb/filedb.go:237.24,239.4 1 0
github.com/mikesvis/short/internal/drivers/filedb/filedb.go:241.3,241.25 1 0
github.com/mikesvis/short/internal/drivers/filedb/filedb.go:241.25,242.12 1 0
github.com/mikesvis/short/internal/drivers/filedb/filedb.go:245.3,249.5 1 0
github.com/mikesvis/short/internal/drivers/filedb/filedb.go:252.2,252.20 1 0
github.com/mikesvis/short/internal/drivers/inmemory/inmemory.go:20.55,23.2 2 0
github.com/mikesvis/short/internal/drivers/inmemory/inmemory.go:27.81,28.28 1 0
github.com/mikesvis/short/internal/drivers/inmemory/inmemory.go:28.28,29.23 1 0
github.com/mikesvis/short/internal/drivers/inmemory/inmemory.go:29.23,31.4 1 0
github.com/mikesvis/short/internal/drivers/inmemory/inmemory.go:33.2,34.15 2 0
github.com/mikesvis/short/internal/drivers/inmemory/inmemory.go:38.87,39.28 1 0
github.com/mikesvis/short/internal/drivers/inmemory/inmemory.go:39.28,40.32 1 0
github.com/mikesvis/short/internal/drivers/inmemory/inmemory.go:40.32,41.12 1 0
github.com/mikesvis/short/internal/drivers/inmemory/inmemory.go:44.3,44.16 1 0
github.com/mikesvis/short/internal/drivers/inmemory/inmemory.go:47.2,47.26 1 0
github.com/mikesvis/short/internal/drivers/inmemory/inmemory.go:51.89,52.28 1 0
github.com/mikesvis/short/internal/drivers/inmemory/inmemory.go:52.28,53.34 1 0
github.com/mikesvis/short/internal/drivers/inmemory/inmemory.go:53.34,54.12 1 0
github.com/mikesvis/short/internal/drivers/inmemory/inmemory.go:57.3,57.16 1 0
github.com/mikesvis/short/internal/drivers/inmemory/inmemory.go:60.2,60.26 1 0
github.com/mikesvis/short/internal/drivers/inmemory/inmemory.go:64.109,68.23 2 0
github.com/mikesvis/short/internal/drivers/inmemory/inmemory.go:68.23,70.3 1 0
github.com/mikesvis/short/internal/drivers/inmemory/inmemory.go:73.2,73.28 1 0
github.com/mikesvis/short/internal/drivers/inmemory/inmemory.go:73.28,75.13 2 0
github.com/mikesvis/short/internal/drivers/inmemory/inmemory.go:75.13,85.4 2 0
github.com/mikesvis/short/internal/drivers/inmemory/inmemory.go:88.3,88.28 1 0
github.com/mikesvis/short/internal/drivers/inmemory/inmemory.go:88.28,89.9 1 0
github.com/mikesvis/short/internal/drivers/inmemory/inmemory.go:94.2,94.27 1 0
github.com/mikesvis/short/internal/drivers/inmemory/inmemory.go:94.27,96.3 1 0
github.com/mikesvis/short/internal/drivers/inmemory/inmemory.go:99.2,99.32 1 0
github.com/mikesvis/short/internal/drivers/inmemory/inmemory.go:99.32,101.3 1 0
github.com/mikesvis/short/internal/drivers/inmemory/inmemory.go:103.2,103.16 1 0
github.com/mikesvis/short/internal/drivers/inmemory/inmemory.go:107.90,109.28 2 0
github.com/mikesvis/short/internal/drivers/inmemory/inmemory.go:109.28,110.25 1 0
github.com/mikesvis/short/internal/drivers/inmemory/inmemory.go:110.25,111.12 1 0
github.com/mikesvis/short/internal/drivers/inmemory/inmemory.go:114.3,114.29 1 0
github.com/mikesvis/short/internal/drivers/inmemory/inmemory.go:117.2,117.20 1 0
github.com/mikesvis/short/internal/drivers/postgres/postgres.go:39.77,41.16 2 0
github.com/mikesvis/short/internal/drivers/postgres/postgres.go:41.16,43.3 1 0
github.com/mikesvis/short/internal/drivers/postgres/postgres.go:45.2,45.35 1 0
github.com/mikesvis/short/internal/drivers/postgres/postgres.go:48.37,60.2 3 0
github.com/mikesvis/short/internal/drivers/postgres/postgres.go:64.81,68.16 3 0
github.com/mikesvis/short/internal/drivers/postgres/postgres.go:68.16,71.3 2 0
github.com/mikesvis/short/internal/drivers/postgres/postgres.go:72.2,83.16 4 0
github.com/mikesvis/short/internal/drivers/postgres/postgres.go:83.16,85.75 2 0
github.com/mikesvis/short/internal/drivers/postgres/postgres.go:85.75,89.4 2 0
[...]
github.com/mikesvis/short/internal/drivers/inmemory/inmemory.go:51.89,52.28 1 1
github.com/mikesvis/short/internal/drivers/inmemory/inmemory.go:52.28,53.34 1 1
github.com/mikesvis/short/internal/drivers/inmemory/inmemory.go:53.34,54.12 1 1
github.com/mikesvis/short/internal/drivers/inmemory/inmemory.go:57.3,57.16 1 1
github.com/mikesvis/short/internal/drivers/inmemory/inmemory.go:60.2,60.26 1 1
github.com/mikesvis/short/internal/drivers/inmemory/inmemory.go:64.109,68.23 2 1
github.com/mikesvis/short/internal/drivers/inmemory/inmemory.go:68.23,70.3 1 1
github.com/mikesvis/short/internal/drivers/inmemory/inmemory.go:73.2,73.28 1 1
github.com/mikesvis/short/internal/drivers/inmemory/inmemory.go:73.28,75.13 2 1
github.com/mikesvis/short/internal/drivers/inmemory/inmemory.go:75.13,85.4 2 1
github.com/mikesvis/short/internal/drivers/inmemory/inmemory.go:88.3,88.28 1 1
github.com/mikesvis/short/internal/drivers/inmemory/inmemory.go:88.28,89.9 1 1
github.com/mikesvis/short/internal/drivers/inmemory/inmemory.go:94.2,94.27 1 1
github.com/mikesvis/short/internal/drivers/inmemory/inmemory.go:94.27,96.3 1 1
github.com/mikesvis/short/internal/drivers/inmemory/inmemory.go:99.2,99.32 1 1
github.com/mikesvis/short/internal/drivers/inmemory/inmemory.go:99.32,101.3 1 1
github.com/mikesvis/short/internal/drivers/inmemory/inmemory.go:103.2,103.16 1 1
github.com/mikesvis/short/internal/drivers/inmemory/inmemory.go:107.90,109.28 2 1
github.com/mikesvis/short/internal/drivers/inmemory/inmemory.go:109.28,110.25 1 1
github.com/mikesvis/short/internal/drivers/inmemory/inmemory.go:110.25,111.12 1 1
github.com/mikesvis/short/internal/drivers/inmemory/inmemory.go:114.3,114.29 1 1
github.com/mikesvis/short/internal/drivers/inmemory/inmemory.go:117.2,117.20 1 1
github.com/mikesvis/short/internal/drivers/postgres/postgres.go:39.77,41.16 2 1
github.com/mikesvis/short/internal/drivers/postgres/postgres.go:41.16,43.3 1 1
github.com/mikesvis/short/internal/drivers/postgres/postgres.go:45.2,45.35 1 1
github.com/mikesvis/short/internal/drivers/postgres/postgres.go:48.37,60.2 3 1
github.com/mikesvis/short/internal/drivers/postgres/postgres.go:64.81,68.16 3 0
github.com/mikesvis/short/internal/drivers/postgres/postgres.go:68.16,71.3 2 0
github.com/mikesvis/short/internal/drivers/postgres/postgres.go:72.2,83.16 4 0
github.com/mikesvis/short/internal/drivers/postgres/postgres.go:83.16,85.75 2 0
github.com/mikesvis/short/internal/drivers/postgres/postgres.go:85.75,89.4 2 0
github.com/mikesvis/short/internal/drivers/postgres/postgres.go:93.2,93.16 1 0
github.com/mikesvis/short/internal/drivers/postgres/postgres.go:93.16,95.3 1 0
github.com/mikesvis/short/internal/drivers/postgres/postgres.go:98.2,99.16 2 0
github.com/mikesvis/short/internal/drivers/postgres/postgres.go:99.16,102.3 2 0
github.com/mikesvis/short/internal/drivers/postgres/postgres.go:104.2,104.32 1 0
github.com/mikesvis/short/internal/drivers/postgres/postgres.go:108.87,113.16 3 0
github.com/mikesvis/short/internal/drivers/postgres/postgres.go:113.16,116.3 2 0
github.com/mikesvis/short/internal/drivers/postgres/postgres.go:117.2,123.38 5 0
github.com/mikesvis/short/internal/drivers/postgres/postgres.go:123.38,126.3 1 0
github.com/mikesvis/short/internal/drivers/postgres/postgres.go:128.2,128.16 1 0
github.com/mikesvis/short/internal/drivers/postgres/postgres.go:128.16,132.3 2 0
github.com/mikesvis/short/internal/drivers/postgres/postgres.go:134.2,134.98 1 0
github.com/mikesvis/short/internal/drivers/postgres/postgres.go:138.89,143.16 3 0
github.com/mikesvis/short/internal/drivers/postgres/postgres.go:143.16,146.3 2 0
github.com/mikesvis/short/internal/drivers/postgres/postgres.go:147.2,153.38 5 0
github.com/mikesvis/short/internal/drivers/postgres/postgres.go:153.38,156.3 1 0
github.com/mikesvis/short/internal/drivers/postgres/postgres.go:158.2,158.16 1 0
github.com/mikesvis/short/internal/drivers/postgres/postgres.go:158.16,162.3 2 0
github.com/mikesvis/short/internal/drivers/postgres/postgres.go:164.2,164.98 1 0
github.com/mikesvis/short/internal/drivers/postgres/postgres.go:168.52,170.2 1 0
github.com/mikesvis/short/internal/drivers/postgres/postgres.go:173.109,181.23 4 1
github.com/mikesvis/short/internal/drivers/postgres/postgres.go:181.23,185.3 3 1
github.com/mikesvis/short/internal/drivers/postgres/postgres.go:188.2,189.16 2 1
github.com/mikesvis/short/internal/drivers/postgres/postgres.go:189.16,192.3 2 0
github.com/mikesvis/short/internal/drivers/postgres/postgres.go:193.2,198.16 4 1
github.com/mikesvis/short/internal/drivers/postgres/postgres.go:198.16,201.3 2 0
github.com/mikesvis/short/internal/drivers/postgres/postgres.go:203.2,203.34 1 1
github.com/mikesvis/short/internal/drivers/postgres/postgres.go:203.34,213.3 2 1
github.com/mikesvis/short/internal/drivers/postgres/postgres.go:216.2,216.23 1 1
github.com/mikesvis/short/internal/drivers/postgres/postgres.go:216.23,218.3 1 1
github.com/mikesvis/short/internal/drivers/postgres/postgres.go:221.2,222.28 2 0
github.com/mikesvis/short/internal/drivers/postgres/postgres.go:222.28,230.3 1 0
github.com/mikesvis/short/internal/drivers/postgres/postgres.go:233.2,236.16 4 0
github.com/mikesvis/short/internal/drivers/postgres/postgres.go:236.16,239.3 2 0
github.com/mikesvis/short/internal/drivers/postgres/postgres.go:241.2,242.16 2 0
github.com/mikesvis/short/internal/drivers/postgres/postgres.go:242.16,245.3 2 0
github.com/mikesvis/short/internal/drivers/postgres/postgres.go:247.2,247.16 1 0
github.com/mikesvis/short/internal/drivers/postgres/postgres.go:251.34,253.2 1 0
github.com/mikesvis/short/internal/drivers/postgres/postgres.go:256.90,257.22 1 0
github.com/mikesvis/short/internal/drivers/postgres/postgres.go:257.22,259.3 1 0
github.com/mikesvis/short/internal/drivers/postgres/postgres.go:261.2,262.16 2 0
github.com/mikesvis/short/internal/drivers/postgres/postgres.go:262.16,265.3 2 0
github.com/mikesvis/short/internal/drivers/postgres/postgres.go:266.2,268.30 2 0
github.com/mikesvis/short/internal/drivers/postgres/postgres.go:272.73,275.18 3 0
github.com/mikesvis/short/internal/drivers/postgres/postgres.go:275.18,277.17 2 0
github.com/mikesvis/short/internal/drivers/postgres/postgres.go:277.17,280.4 2 0
github.com/mikesvis/short/internal/drivers/postgres/postgres.go:282.3,287.5 1 0
github.com/mikesvis/short/internal/drivers/postgres/postgres.go:290.2,291.16 2 0
github.com/mikesvis/short/internal/drivers/postgres/postgres.go:291.16,294.3 2 0
github.com/mikesvis/short/internal/drivers/postgres/postgres.go:296.2,296.20 1 0
github.com/mikesvis/short/internal/drivers/postgres/postgres.go:300.83,305.2 4 1
github.com/mikesvis/short/internal/drivers/postgres/postgres.go:309.102,312.12 2 1
github.com/mikesvis/short/internal/drivers/postgres/postgres.go:312.12,314.30 2 1
github.com/mikesvis/short/internal/drivers/postgres/postgres.go:314.30,319.11 2 1
github.com/mikesvis/short/internal/drivers/postgres/postgres.go:320.22,321.11 1 0
github.com/mikesvis/short/internal/drivers/postgres/postgres.go:322.25,322.25 0 1
github.com/mikesvis/short/internal/drivers/postgres/postgres.go:327.2,327.16 1 1
github.com/mikesvis/short/internal/drivers/postgres/postgres.go:332.91,336.34 3 1
github.com/mikesvis/short/internal/drivers/postgres/postgres.go:336.34,339.3 2 1
github.com/mikesvis/short/internal/drivers/postgres/postgres.go:341.2,341.17 1 1
github.com/mikesvis/short/internal/drivers/postgres/postgres.go:345.93,347.12 2 1
github.com/mikesvis/short/internal/drivers/postgres/postgres.go:347.12,350.29 2 1
github.com/mikesvis/short/internal/drivers/postgres/postgres.go:350.29,355.18 4 1
github.com/mikesvis/short/internal/drivers/postgres/postgres.go:355.18,357.13 2 1
github.com/mikesvis/short/internal/drivers/postgres/postgres.go:360.4,360.11 1 0
github.com/mikesvis/short/internal/drivers/postgres/postgres.go:361.22,362.11 1 0
github.com/mikesvis/short/internal/drivers/postgres/postgres.go:363.27,363.27 0 0
github.com/mikesvis/short/internal/drivers/postgres/postgres.go:368.2,368.20 1 1
github.com/mikesvis/short/internal/drivers/postgres/postgres.go:373.85,378.31 3 1
github.com/mikesvis/short/internal/drivers/postgres/postgres.go:378.31,383.13 3 1
github.com/mikesvis/short/internal/drivers/postgres/postgres.go:383.13,386.32 2 1
github.com/mikesvis/short/internal/drivers/postgres/postgres.go:386.32,387.12 1 0
github.com/mikesvis/short/internal/drivers/postgres/postgres.go:388.23,389.12 1 0
github.com/mikesvis/short/internal/drivers/postgres/postgres.go:390.26,390.26 0 0
github.com/mikesvis/short/internal/drivers/postgres/postgres.go:396.2,396.12 1 1
github.com/mikesvis/short/internal/drivers/postgres/postgres.go:396.12,399.3 2 1
github.com/mikesvis/short/internal/drivers/postgres/postgres.go:401.2,401.16 1 1
github.com/mikesvis/short/internal/drivers/postgres/postgres.go:405.79,407.34 2 1
github.com/mikesvis/short/internal/drivers/postgres/postgres.go:407.34,409.3 1 0
github.com/mikesvis/short/internal/drivers/postgres/postgres.go:411.2,411.27 1 1
github.com/mikesvis/short/internal/drivers/postgres/postgres.go:411.27,413.3 1 1
github.com/mikesvis/short/internal/drivers/postgres/postgres.go:416.2,417.16 2 0
github.com/mikesvis/short/internal/drivers/postgres/postgres.go:417.16,420.3 2 0
github.com/mikesvis/short/internal/drivers/postgres/postgres.go:421.2,425.16 3 0
github.com/mikesvis/short/internal/drivers/postgres/postgres.go:425.16,428.3 2 0
github.com/mikesvis/short/internal/jwt/jwt.go:28.67,31.95 2 1
github.com/mikesvis/short/internal/jwt/jwt.go:31.95,33.3 1 1
github.com/mikesvis/short/internal/jwt/jwt.go:36.2,36.31 1 1
github.com/mikesvis/short/internal/jwt/jwt.go:36.31,38.30 1 1
github.com/mikesvis/short/internal/jwt/jwt.go:38.30,40.4 1 0
github.com/mikesvis/short/internal/jwt/jwt.go:42.3,42.28 1 1
github.com/mikesvis/short/internal/jwt/jwt.go:45.2,45.32 1 0
github.com/mikesvis/short/internal/jwt/jwt.go:45.32,47.3 1 0
github.com/mikesvis/short/internal/jwt/jwt.go:49.2,49.16 1 0
github.com/mikesvis/short/internal/jwt/jwt.go:53.70,62.16 4 1
github.com/mikesvis/short/internal/jwt/jwt.go:62.16,64.3 1 0
github.com/mikesvis/short/internal/jwt/jwt.go:66.2,66.25 1 1
github.com/mikesvis/short/internal/keygen/keygen.go:14.32,17.19 2 1
github.com/mikesvis/short/internal/keygen/keygen.go:17.19,19.3 1 1
github.com/mikesvis/short/internal/keygen/keygen.go:21.2,21.18 1 1
github.com/mikesvis/short/internal/logger/logger.go:9.46,11.16 2 1
github.com/mikesvis/short/internal/logger/logger.go:11.16,13.3 1 0
github.com/mikesvis/short/internal/logger/logger.go:14.2,16.28 2 1
github.com/mikesvis/short/internal/middleware/auth.go:18.45,19.71 1 1
github.com/mikesvis/short/internal/middleware/auth.go:19.71,21.55 2 1
github.com/mikesvis/short/internal/middleware/auth.go:21.55,24.4 2 0
github.com/mikesvis/short/internal/middleware/auth.go:27.3,27.17 1 1
github.com/mikesvis/short/internal/middleware/auth.go:27.17,33.18 4 1
github.com/mikesvis/short/internal/middleware/auth.go:33.18,37.5 3 1
github.com/mikesvis/short/internal/middleware/auth.go:40.4,40.46 1 0
github.com/mikesvis/short/internal/middleware/auth.go:40.46,43.5 2 0
github.com/mikesvis/short/internal/middleware/auth.go:46.4,46.50 1 0
github.com/mikesvis/short/internal/middleware/auth.go:46.50,49.5 2 0
github.com/mikesvis/short/internal/middleware/auth.go:53.3,56.17 4 1
github.com/mikesvis/short/internal/middleware/auth.go:56.17,59.4 2 0
github.com/mikesvis/short/internal/middleware/auth.go:61.3,64.40 3 1
github.com/mikesvis/short/internal/middleware/auth.go:69.71,76.2 1 1
github.com/mikesvis/short/internal/middleware/auth.go:79.43,80.71 1 1
github.com/mikesvis/short/internal/middleware/auth.go:80.71,83.17 2 1
github.com/mikesvis/short/internal/middleware/auth.go:83.17,86.4 2 1
github.com/mikesvis/short/internal/middleware/auth.go:88.3,92.60 3 1
github.com/mikesvis/short/internal/middleware/auth.go:92.60,95.4 2 0
github.com/mikesvis/short/internal/middleware/auth.go:98.3,98.59 1 1
github.com/mikesvis/short/internal/middleware/auth.go:98.59,101.4 2 0
github.com/mikesvis/short/internal/middleware/auth.go:104.3,104.17 1 1
github.com/mikesvis/short/internal/middleware/auth.go:104.17,107.4 2 0
github.com/mikesvis/short/internal/middleware/auth.go:109.3,110.40 2 1
github.com/mikesvis/short/internal/middleware/auth.go:114.74,116.2 1 1
github.com/mikesvis/short/internal/middleware/compressor.go:16.63,21.2 1 0
github.com/mikesvis/short/internal/middleware/compressor.go:24.47,26.2 1 0
github.com/mikesvis/short/internal/middleware/compressor.go:29.55,31.2 1 0
github.com/mikesvis/short/internal/middleware/compressor.go:34.54,37.2 2 0
github.com/mikesvis/short/internal/middleware/compressor.go:40.40,42.2 1 0
github.com/mikesvis/short/internal/middleware/compressor.go:49.66,51.16 2 0
github.com/mikesvis/short/internal/middleware/compressor.go:51.16,53.3 1 0
github.com/mikesvis/short/internal/middleware/compressor.go:55.2,58.8 1 0
github.com/mikesvis/short/internal/middleware/compressor.go:62.59,64.2 1 0
github.com/mikesvis/short/internal/middleware/compressor.go:67.40,68.36 1 0
github.com/mikesvis/short/internal/middleware/compressor.go:68.36,70.3 1 0
github.com/mikesvis/short/internal/middleware/compressor.go:71.2,71.21 1 0
github.com/mikesvis/short/internal/middleware/compressor.go:75.79,76.46 1 0
github.com/mikesvis/short/internal/middleware/compressor.go:76.46,77.54 1 0
github.com/mikesvis/short/internal/middleware/compressor.go:77.54,81.43 3 0
github.com/mikesvis/short/internal/middleware/compressor.go:81.43,82.41 1 0
github.com/mikesvis/short/internal/middleware/compressor.go:82.41,84.11 2 0
github.com/mikesvis/short/internal/middleware/compressor.go:88.4,88.24 1 0
github.com/mikesvis/short/internal/middleware/compressor.go:88.24,91.5 2 0
github.com/mikesvis/short/internal/middleware/compressor.go:93.4,98.20 4 0
github.com/mikesvis/short/internal/middleware/compressor.go:98.20,102.5 3 0
github.com/mikesvis/short/internal/middleware/compressor.go:105.4,107.17 3 0
github.com/mikesvis/short/internal/middleware/compressor.go:107.17,109.19 2 0
github.com/mikesvis/short/internal/middleware/compressor.go:109.19,112.6 2 0
github.com/mikesvis/short/internal/middleware/compressor.go:113.5,114.21 2 0
github.com/mikesvis/short/internal/middleware/compressor.go:117.4,117.25 1 0
github.com/mikesvis/short/internal/middleware/compressor.go:119.3,119.30 1 0
github.com/mikesvis/short/internal/middleware/logger.go:24.89,25.46 1 1
github.com/mikesvis/short/internal/middleware/logger.go:25.46,26.54 1 1
github.com/mikesvis/short/internal/middleware/logger.go:26.54,51.4 8 1
github.com/mikesvis/short/internal/middleware/logger.go:52.3,52.30 1 1
github.com/mikesvis/short/internal/middleware/logger.go:57.62,61.2 3 1
github.com/mikesvis/short/internal/middleware/logger.go:64.61,67.2 2 1
github.com/mikesvis/short/internal/server/handler.go:31.74,33.2 1 1
github.com/mikesvis/short/internal/server/handler.go:38.70,44.16 5 1
github.com/mikesvis/short/internal/server/handler.go:44.16,48.3 2 0
github.com/mikesvis/short/internal/server/handler.go:50.2,50.28 1 1
github.com/mikesvis/short/internal/server/handler.go:50.28,55.3 3 1
github.com/mikesvis/short/internal/server/handler.go:57.2,57.18 1 1
github.com/mikesvis/short/internal/server/handler.go:57.18,61.3 2 0
github.com/mikesvis/short/internal/server/handler.go:63.2,64.45 2 1
github.com/mikesvis/short/internal/server/handler.go:71.78,76.16 4 1
github.com/mikesvis/short/internal/server/handler.go:76.16,80.3 2 0
github.com/mikesvis/short/internal/server/handler.go:82.2,83.16 2 1
github.com/mikesvis/short/internal/server/handler.go:83.16,87.3 2 1
github.com/mikesvis/short/internal/server/handler.go:89.2,98.56 5 1
github.com/mikesvis/short/internal/server/handler.go:98.56,102.3 2 0
github.com/mikesvis/short/internal/server/handler.go:104.2,104.16 1 1
github.com/mikesvis/short/internal/server/handler.go:104.16,106.3 1 1
github.com/mikesvis/short/internal/server/handler.go:108.2,110.76 3 1
github.com/mikesvis/short/internal/server/handler.go:114.64,117.2 2 1
github.com/mikesvis/short/internal/server/handler.go:124.78,129.65 4 1
github.com/mikesvis/short/internal/server/handler.go:129.65,132.3 2 1
github.com/mikesvis/short/internal/server/handler.go:134.2,136.16 3 1
github.com/mikesvis/short/internal/server/handler.go:136.16,140.3 2 1
github.com/mikesvis/short/internal/server/handler.go:142.2,151.56 5 1
github.com/mikesvis/short/internal/server/handler.go:151.56,155.3 2 0
github.com/mikesvis/short/internal/server/handler.go:157.2,157.16 1 1
github.com/mikesvis/short/internal/server/handler.go:157.16,159.3 1 1
github.com/mikesvis/short/internal/server/handler.go:161.2,166.30 5 1
github.com/mikesvis/short/internal/server/handler.go:170.64,174.53 3 1
github.com/mikesvis/short/internal/server/handler.go:174.53,178.3 2 1
github.com/mikesvis/short/internal/server/handler.go:180.2,182.16 2 1
github.com/mikesvis/short/internal/server/handler.go:182.16,186.3 2 1
github.com/mikesvis/short/internal/server/handler.go:188.2,188.30 1 1
github.com/mikesvis/short/internal/server/handler.go:197.79,202.65 4 1
github.com/mikesvis/short/internal/server/handler.go:202.65,205.3 2 1
github.com/mikesvis/short/internal/server/handler.go:208.2,209.28 2 1
github.com/mikesvis/short/internal/server/handler.go:209.28,215.3 1 1
github.com/mikesvis/short/internal/server/handler.go:218.2,219.16 2 1
github.com/mikesvis/short/internal/server/handler.go:219.16,222.3 2 0
github.com/mikesvis/short/internal/server/handler.go:224.2,225.27 2 1
github.com/mikesvis/short/internal/server/handler.go:225.27,234.3 1 1
github.com/mikesvis/short/internal/server/handler.go:236.2,240.30 4 1
github.com/mikesvis/short/internal/server/handler.go:245.71,252.16 4 1
github.com/mikesvis/short/internal/server/handler.go:252.16,255.3 2 0
github.com/mikesvis/short/internal/server/handler.go:257.2,257.21 1 1
github.com/mikesvis/short/internal/server/handler.go:257.21,260.3 2 1
github.com/mikesvis/short/internal/server/handler.go:262.2,263.26 2 1
github.com/mikesvis/short/internal/server/handler.go:263.26,272.3 1 1
github.com/mikesvis/short/internal/server/handler.go:274.2,278.30 4 1
github.com/mikesvis/short/internal/server/handler.go:283.74,287.68 3 1
github.com/mikesvis/short/internal/server/handler.go:287.68,291.3 2 0
github.com/mikesvis/short/internal/server/handler.go:293.2,294.65 2 1
github.com/mikesvis/short/internal/server/handler.go:294.65,297.3 2 0
github.com/mikesvis/short/internal/server/handler.go:300.2,300.23 1 1
github.com/mikesvis/short/internal/server/handler.go:300.23,304.3 2 0
github.com/mikesvis/short/internal/server/handler.go:306.2,308.36 2 1
github.com/mikesvis/short/internal/server/server.go:13.85,17.37 3 1
github.com/mikesvis/short/internal/server/server.go:17.37,22.3 4 1
github.com/mikesvis/short/internal/server/server.go:24.2,24.34 1 1
github.com/mikesvis/short/internal/server/server.go:24.34,33.3 8 1
github.com/mikesvis/short/internal/server/server.go:35.2,35.10 1 1
github.com/mikesvis/short/internal/storage/storage.go:65.79,66.37 1 1
github.com/mikesvis/short/internal/storage/storage.go:66.37,68.17 2 1
github.com/mikesvis/short/internal/storage/storage.go:68.17,70.4 1 0
github.com/mikesvis/short/internal/storage/storage.go:72.3,73.17 2 1
github.com/mikesvis/short/internal/storage/storage.go:73.17,75.4 1 1
github.com/mikesvis/short/internal/storage/storage.go:77.3,77.58 1 1
github.com/mikesvis/short/internal/storage/storage.go:80.2,80.41 1 1
github.com/mikesvis/short/internal/storage/storage.go:80.41,82.3 1 1
github.com/mikesvis/short/internal/storage/storage.go:84.2,84.42 1 1
github.com/mikesvis/short/pkg/urlformat/urlformal.go:11.59,13.2 1 1
github.com/mikesvis/short/pkg/urlformat/urlformal.go:16.46,17.29 1 1
github.com/mikesvis/short/pkg/urlformat/urlformal.go:17.29,19.3 1 1
github.com/mikesvis/short/pkg/urlformat/urlformal.go:21.2,22.16 2 1
github.com/mikesvis/short/pkg/urlformat/urlformal.go:22.16,24.3 1 1
github.com/mikesvis/short/pkg/urlformat/urlformal.go:26.2,26.12 1 1
github.com/mikesvis/short/pkg/urlformat/urlformal.go:30.43,32.2 1 1
