mode: set
github.com/mikesvis/short/cmd/shortener/main.go:17.37,18.17 1 1
github.com/mikesvis/short/cmd/shortener/main.go:18.17,20.3 1 1
github.com/mikesvis/short/cmd/shortener/main.go:21.2,21.14 1 1
github.com/mikesvis/short/cmd/shortener/main.go:24.25,29.2 1 1
github.com/mikesvis/short/cmd/shortener/main.go:31.13,38.2 4 0
github.com/mikesvis/short/cmd/staticlint/main.go:20.13,36.2 6 0
github.com/mikesvis/short/cmd/staticlint/main.go:38.53,40.42 2 0
github.com/mikesvis/short/cmd/staticlint/main.go:40.42,42.3 1 0
github.com/mikesvis/short/cmd/staticlint/main.go:43.2,43.37 1 0
github.com/mikesvis/short/cmd/staticlint/main.go:43.37,45.3 1 0
github.com/mikesvis/short/cmd/staticlint/main.go:47.2,47.15 1 0
github.com/mikesvis/short/cmd/staticlint/main.go:57.48,59.9 2 0
github.com/mikesvis/short/cmd/staticlint/main.go:59.9,61.3 1 0
github.com/mikesvis/short/cmd/staticlint/main.go:62.2,62.32 1 0
github.com/mikesvis/short/cmd/staticlint/main.go:62.32,64.3 1 0
github.com/mikesvis/short/cmd/staticlint/main.go:65.2,66.9 2 0
github.com/mikesvis/short/cmd/staticlint/main.go:66.9,68.3 1 0
github.com/mikesvis/short/cmd/staticlint/main.go:69.2,69.30 1 0
github.com/mikesvis/short/cmd/staticlint/main.go:72.52,73.31 1 0
github.com/mikesvis/short/cmd/staticlint/main.go:73.31,75.3 1 0
github.com/mikesvis/short/cmd/staticlint/main.go:77.2,77.34 1 0
github.com/mikesvis/short/cmd/staticlint/main.go:77.34,80.43 2 0
github.com/mikesvis/short/cmd/staticlint/main.go:80.43,81.25 1 0
github.com/mikesvis/short/cmd/staticlint/main.go:82.23,83.39 1 0
github.com/mikesvis/short/cmd/staticlint/main.go:84.23,85.38 1 0
github.com/mikesvis/short/cmd/staticlint/main.go:85.38,88.6 2 0
github.com/mikesvis/short/cmd/staticlint/main.go:90.4,90.15 1 0
github.com/mikesvis/short/cmd/staticlint/main.go:93.2,93.17 1 0
github.com/mikesvis/short/internal/app/app.go:26.38,28.16 2 0
github.com/mikesvis/short/internal/app/app.go:28.16,29.13 1 0
github.com/mikesvis/short/internal/app/app.go:32.2,33.16 2 0
github.com/mikesvis/short/internal/app/app.go:33.16,34.13 1 0
github.com/mikesvis/short/internal/app/app.go:37.2,55.3 3 0
github.com/mikesvis/short/internal/app/app.go:59.27,61.64 2 0
github.com/mikesvis/short/internal/app/app.go:61.64,63.3 1 0
github.com/mikesvis/short/internal/app/app.go:64.2,64.86 1 0
github.com/mikesvis/short/internal/app/app.go:64.86,67.3 2 0
github.com/mikesvis/short/internal/app/app.go:69.2,69.12 1 0
github.com/mikesvis/short/internal/config/config.go:25.26,32.2 4 0
github.com/mikesvis/short/internal/config/config.go:34.28,40.2 5 0
github.com/mikesvis/short/internal/drivers/filedb/filedb.go:32.68,36.2 2 0
github.com/mikesvis/short/internal/drivers/filedb/filedb.go:40.79,42.16 2 0
github.com/mikesvis/short/internal/drivers/filedb/filedb.go:42.16,44.3 1 0
github.com/mikesvis/short/internal/drivers/filedb/filedb.go:46.2,46.27 1 0
github.com/mikesvis/short/internal/drivers/filedb/filedb.go:46.27,48.3 1 0
github.com/mikesvis/short/internal/drivers/filedb/filedb.go:50.2,51.16 2 0
github.com/mikesvis/short/internal/drivers/filedb/filedb.go:51.16,53.3 1 0
github.com/mikesvis/short/internal/drivers/filedb/filedb.go:54.2,65.46 4 0
github.com/mikesvis/short/internal/drivers/filedb/filedb.go:65.46,67.3 1 0
github.com/mikesvis/short/internal/drivers/filedb/filedb.go:69.2,69.15 1 0
github.com/mikesvis/short/internal/drivers/filedb/filedb.go:73.85,75.16 2 0
github.com/mikesvis/short/internal/drivers/filedb/filedb.go:75.16,77.3 1 0
github.com/mikesvis/short/internal/drivers/filedb/filedb.go:78.2,82.6 3 0
github.com/mikesvis/short/internal/drivers/filedb/filedb.go:82.6,84.47 2 0
github.com/mikesvis/short/internal/drivers/filedb/filedb.go:84.47,85.9 1 0
github.com/mikesvis/short/internal/drivers/filedb/filedb.go:86.9,86.24 1 0
github.com/mikesvis/short/internal/drivers/filedb/filedb.go:86.24,88.4 1 0
github.com/mikesvis/short/internal/drivers/filedb/filedb.go:90.3,90.31 1 0
github.com/mikesvis/short/internal/drivers/filedb/filedb.go:90.31,91.12 1 0
github.com/mikesvis/short/internal/drivers/filedb/filedb.go:94.3,99.9 1 0
github.com/mikesvis/short/internal/drivers/filedb/filedb.go:102.2,102.26 1 0
github.com/mikesvis/short/internal/drivers/filedb/filedb.go:106.87,108.16 2 0
github.com/mikesvis/short/internal/drivers/filedb/filedb.go:108.16,110.3 1 0
github.com/mikesvis/short/internal/drivers/filedb/filedb.go:111.2,115.6 3 0
github.com/mikesvis/short/internal/drivers/filedb/filedb.go:115.6,117.47 2 0
github.com/mikesvis/short/internal/drivers/filedb/filedb.go:117.47,118.9 1 0
github.com/mikesvis/short/internal/drivers/filedb/filedb.go:119.9,119.24 1 0
github.com/mikesvis/short/internal/drivers/filedb/filedb.go:119.24,121.4 1 0
github.com/mikesvis/short/internal/drivers/filedb/filedb.go:123.3,123.29 1 0
github.com/mikesvis/short/internal/drivers/filedb/filedb.go:123.29,124.12 1 0
github.com/mikesvis/short/internal/drivers/filedb/filedb.go:127.3,132.9 1 0
github.com/mikesvis/short/internal/drivers/filedb/filedb.go:135.2,135.26 1 0
github.com/mikesvis/short/internal/drivers/filedb/filedb.go:139.50,143.2 2 0
github.com/mikesvis/short/internal/drivers/filedb/filedb.go:146.107,150.23 2 0
github.com/mikesvis/short/internal/drivers/filedb/filedb.go:150.23,152.3 1 0
github.com/mikesvis/short/internal/drivers/filedb/filedb.go:155.2,156.16 2 0
github.com/mikesvis/short/internal/drivers/filedb/filedb.go:156.16,158.3 1 0
github.com/mikesvis/short/internal/drivers/filedb/filedb.go:159.2,162.6 3 0
github.com/mikesvis/short/internal/drivers/filedb/filedb.go:162.6,165.46 2 0
github.com/mikesvis/short/internal/drivers/filedb/filedb.go:165.46,166.9 1 0
github.com/mikesvis/short/internal/drivers/filedb/filedb.go:167.9,167.24 1 0
github.com/mikesvis/short/internal/drivers/filedb/filedb.go:167.24,169.4 1 0
github.com/mikesvis/short/internal/drivers/filedb/filedb.go:171.3,172.13 2 0
github.com/mikesvis/short/internal/drivers/filedb/filedb.go:172.13,182.4 2 0
github.com/mikesvis/short/internal/drivers/filedb/filedb.go:185.3,185.28 1 0
github.com/mikesvis/short/internal/drivers/filedb/filedb.go:185.28,186.9 1 0
github.com/mikesvis/short/internal/drivers/filedb/filedb.go:191.2,191.27 1 0
github.com/mikesvis/short/internal/drivers/filedb/filedb.go:191.27,193.3 1 0
github.com/mikesvis/short/internal/drivers/filedb/filedb.go:196.2,197.16 2 0
github.com/mikesvis/short/internal/drivers/filedb/filedb.go:197.16,199.3 1 0
github.com/mikesvis/short/internal/drivers/filedb/filedb.go:200.2,205.32 3 0
github.com/mikesvis/short/internal/drivers/filedb/filedb.go:205.32,215.47 2 0
github.com/mikesvis/short/internal/drivers/filedb/filedb.go:215.47,217.4 1 0
github.com/mikesvis/short/internal/drivers/filedb/filedb.go:220.2,220.16 1 0
github.com/mikesvis/short/internal/drivers/filedb/filedb.go:224.88,226.16 2 0
github.com/mikesvis/short/internal/drivers/filedb/filedb.go:226.16,228.3 1 0
github.com/mikesvis/short/internal/drivers/filedb/filedb.go:229.2,234.6 4 0
github.com/mikesvis/short/internal/drivers/filedb/filedb.go:234.6,236.47 2 0
github.com/mikesvis/short/internal/drivers/filedb/filedb.go:236.47,237.9 1 0
github.com/mikesvis/short/internal/drivers/filedb/filedb.go:238.9,238.24 1 0
github.com/mikesvis/short/internal/drivers/filedb/filedb.go:238.24,240.4 1 0
github.com/mikesvis/short/internal/drivers/filedb/filedb.go:242.3,242.25 1 0
github.com/mikesvis/short/internal/drivers/filedb/filedb.go:242.25,243.12 1 0
github.com/mikesvis/short/internal/drivers/filedb/filedb.go:246.3,250.5 1 0
github.com/mikesvis/short/internal/drivers/filedb/filedb.go:253.2,253.20 1 0
github.com/mikesvis/short/internal/drivers/filedb/filedb.go:256.44,258.2 1 0
github.com/mikesvis/short/internal/drivers/inmemory/inmemory.go:21.55,24.2 2 0
github.com/mikesvis/short/internal/drivers/inmemory/inmemory.go:28.81,29.28 1 0
github.com/mikesvis/short/internal/drivers/inmemory/inmemory.go:29.28,30.23 1 0
github.com/mikesvis/short/internal/drivers/inmemory/inmemory.go:30.23,32.4 1 0
github.com/mikesvis/short/internal/drivers/inmemory/inmemory.go:34.2,35.15 2 0
github.com/mikesvis/short/internal/drivers/inmemory/inmemory.go:39.87,40.28 1 0
github.com/mikesvis/short/internal/drivers/inmemory/inmemory.go:40.28,41.32 1 0
github.com/mikesvis/short/internal/drivers/inmemory/inmemory.go:41.32,42.12 1 0
github.com/mikesvis/short/internal/drivers/inmemory/inmemory.go:45.3,45.16 1 0
github.com/mikesvis/short/internal/drivers/inmemory/inmemory.go:48.2,48.26 1 0
github.com/mikesvis/short/internal/drivers/inmemory/inmemory.go:52.89,53.28 1 0
github.com/mikesvis/short/internal/drivers/inmemory/inmemory.go:53.28,54.34 1 0
github.com/mikesvis/short/internal/drivers/inmemory/inmemory.go:54.34,55.12 1 0
github.com/mikesvis/short/internal/drivers/inmemory/inmemory.go:58.3,58.16 1 0
github.com/mikesvis/short/internal/drivers/inmemory/inmemory.go:61.2,61.26 1 0
github.com/mikesvis/short/internal/drivers/inmemory/inmemory.go:65.109,69.23 2 0
github.com/mikesvis/short/internal/drivers/inmemory/inmemory.go:69.23,71.3 1 0
github.com/mikesvis/short/internal/drivers/inmemory/inmemory.go:74.2,74.28 1 0
github.com/mikesvis/short/internal/drivers/inmemory/inmemory.go:74.28,76.13 2 0
github.com/mikesvis/short/internal/drivers/inmemory/inmemory.go:76.13,86.4 2 0
github.com/mikesvis/short/internal/drivers/inmemory/inmemory.go:89.3,89.28 1 0
github.com/mikesvis/short/internal/drivers/inmemory/inmemory.go:89.28,90.9 1 0
github.com/mikesvis/short/internal/drivers/inmemory/inmemory.go:95.2,95.27 1 0
github.com/mikesvis/short/internal/drivers/inmemory/inmemory.go:95.27,97.3 1 0
github.com/mikesvis/short/internal/drivers/inmemory/inmemory.go:100.2,100.32 1 0
github.com/mikesvis/short/internal/drivers/inmemory/inmemory.go:100.32,102.3 1 0
github.com/mikesvis/short/internal/drivers/inmemory/inmemory.go:104.2,104.16 1 0
github.com/mikesvis/short/internal/drivers/inmemory/inmemory.go:108.90,110.28 2 0
github.com/mikesvis/short/internal/drivers/inmemory/inmemory.go:110.28,111.25 1 0
github.com/mikesvis/short/internal/drivers/inmemory/inmemory.go:111.25,112.12 1 0
github.com/mikesvis/short/internal/drivers/inmemory/inmemory.go:115.3,115.29 1 0
github.com/mikesvis/short/internal/drivers/inmemory/inmemory.go:118.2,118.20 1 0
github.com/mikesvis/short/internal/drivers/inmemory/inmemory.go:122.46,124.2 1 0
github.com/mikesvis/short/internal/drivers/postgres/postgres.go:40.77,42.16 2 0
github.com/mikesvis/short/internal/drivers/postgres/postgres.go:42.16,44.3 1 0
github.com/mikesvis/short/internal/drivers/postgres/postgres.go:46.2,46.35 1 0
github.com/mikesvis/short/internal/drivers/postgres/postgres.go:49.37,61.2 3 0
github.com/mikesvis/short/internal/drivers/postgres/postgres.go:65.81,69.16 3 0
github.com/mikesvis/short/internal/drivers/postgres/postgres.go:69.16,72.3 2 0
github.com/mikesvis/short/internal/drivers/postgres/postgres.go:73.2,84.16 4 0
github.com/mikesvis/short/internal/drivers/postgres/postgres.go:84.16,86.75 2 0
github.com/mikesvis/short/internal/drivers/postgres/postgres.go:86.75,90.4 2 0
github.com/mikesvis/short/internal/drivers/postgres/postgres.go:94.2,94.16 1 0
github.com/mikesvis/short/internal/drivers/postgres/postgres.go:94.16,96.3 1 0
github.com/mikesvis/short/internal/drivers/postgres/postgres.go:99.2,100.16 2 0
github.com/mikesvis/short/internal/drivers/postgres/postgres.go:100.16,103.3 2 0
github.com/mikesvis/short/internal/drivers/postgres/postgres.go:105.2,105.32 1 0
github.com/mikesvis/short/internal/drivers/postgres/postgres.go:109.87,114.16 3 0
github.com/mikesvis/short/internal/drivers/postgres/postgres.go:114.16,117.3 2 0
github.com/mikesvis/short/internal/drivers/postgres/postgres.go:118.2,124.38 5 0
github.com/mikesvis/short/internal/drivers/postgres/postgres.go:124.38,127.3 1 0
github.com/mikesvis/short/internal/drivers/postgres/postgres.go:129.2,129.16 1 0
github.com/mikesvis/short/internal/drivers/postgres/postgres.go:129.16,133.3 2 0
github.com/mikesvis/short/internal/drivers/postgres/postgres.go:135.2,135.98 1 0
github.com/mikesvis/short/internal/drivers/postgres/postgres.go:139.89,144.16 3 0
github.com/mikesvis/short/internal/drivers/postgres/postgres.go:144.16,147.3 2 0
github.com/mikesvis/short/internal/drivers/postgres/postgres.go:148.2,154.38 5 0
github.com/mikesvis/short/internal/drivers/postgres/postgres.go:154.38,157.3 1 0
github.com/mikesvis/short/internal/drivers/postgres/postgres.go:159.2,159.16 1 0
github.com/mikesvis/short/internal/drivers/postgres/postgres.go:159.16,163.3 2 0
github.com/mikesvis/short/internal/drivers/postgres/postgres.go:165.2,165.98 1 0
github.com/mikesvis/short/internal/drivers/postgres/postgres.go:169.52,171.2 1 0
github.com/mikesvis/short/internal/drivers/postgres/postgres.go:174.109,182.23 4 0
github.com/mikesvis/short/internal/drivers/postgres/postgres.go:182.23,186.3 3 0
github.com/mikesvis/short/internal/drivers/postgres/postgres.go:189.2,190.16 2 0
github.com/mikesvis/short/internal/drivers/postgres/postgres.go:190.16,193.3 2 0
github.com/mikesvis/short/internal/drivers/postgres/postgres.go:194.2,199.16 4 0
github.com/mikesvis/short/internal/drivers/postgres/postgres.go:199.16,202.3 2 0
github.com/mikesvis/short/internal/drivers/postgres/postgres.go:204.2,204.34 1 0
github.com/mikesvis/short/internal/drivers/postgres/postgres.go:204.34,214.3 2 0
github.com/mikesvis/short/internal/drivers/postgres/postgres.go:217.2,217.23 1 0
github.com/mikesvis/short/internal/drivers/postgres/postgres.go:217.23,219.3 1 0
github.com/mikesvis/short/internal/drivers/postgres/postgres.go:222.2,223.28 2 0
github.com/mikesvis/short/internal/drivers/postgres/postgres.go:223.28,231.3 1 0
github.com/mikesvis/short/internal/drivers/postgres/postgres.go:234.2,237.16 4 0
github.com/mikesvis/short/internal/drivers/postgres/postgres.go:237.16,240.3 2 0
github.com/mikesvis/short/internal/drivers/postgres/postgres.go:242.2,243.16 2 0
github.com/mikesvis/short/internal/drivers/postgres/postgres.go:243.16,246.3 2 0
github.com/mikesvis/short/internal/drivers/postgres/postgres.go:248.2,248.16 1 0
github.com/mikesvis/short/internal/drivers/postgres/postgres.go:252.34,254.2 1 0
github.com/mikesvis/short/internal/drivers/postgres/postgres.go:257.90,258.22 1 0
github.com/mikesvis/short/internal/drivers/postgres/postgres.go:258.22,260.3 1 0
github.com/mikesvis/short/internal/drivers/postgres/postgres.go:262.2,263.16 2 0
github.com/mikesvis/short/internal/drivers/postgres/postgres.go:263.16,266.3 2 0
github.com/mikesvis/short/internal/drivers/postgres/postgres.go:267.2,269.30 2 0
github.com/mikesvis/short/internal/drivers/postgres/postgres.go:273.73,276.18 3 0
github.com/mikesvis/short/internal/drivers/postgres/postgres.go:276.18,278.17 2 0
github.com/mikesvis/short/internal/drivers/postgres/postgres.go:278.17,281.4 2 0
github.com/mikesvis/short/internal/drivers/postgres/postgres.go:283.3,288.5 1 0
github.com/mikesvis/short/internal/drivers/postgres/postgres.go:291.2,292.16 2 0
github.com/mikesvis/short/internal/drivers/postgres/postgres.go:292.16,295.3 2 0
github.com/mikesvis/short/internal/drivers/postgres/postgres.go:297.2,297.20 1 0
github.com/mikesvis/short/internal/drivers/postgres/postgres.go:301.83,306.2 4 0
github.com/mikesvis/short/internal/drivers/postgres/postgres.go:310.102,313.12 2 0
github.com/mikesvis/short/internal/drivers/postgres/postgres.go:313.12,315.30 2 0
github.com/mikesvis/short/internal/drivers/postgres/postgres.go:315.30,320.11 2 0
github.com/mikesvis/short/internal/drivers/postgres/postgres.go:321.22,322.11 1 0
github.com/mikesvis/short/internal/drivers/postgres/postgres.go:323.25,323.25 0 0
github.com/mikesvis/short/internal/drivers/postgres/postgres.go:328.2,328.16 1 0
github.com/mikesvis/short/internal/drivers/postgres/postgres.go:333.91,337.34 3 0
github.com/mikesvis/short/internal/drivers/postgres/postgres.go:337.34,340.3 2 0
github.com/mikesvis/short/internal/drivers/postgres/postgres.go:342.2,342.17 1 0
github.com/mikesvis/short/internal/drivers/postgres/postgres.go:346.93,348.12 2 0
github.com/mikesvis/short/internal/drivers/postgres/postgres.go:348.12,351.29 2 0
github.com/mikesvis/short/internal/drivers/postgres/postgres.go:351.29,356.18 4 0
github.com/mikesvis/short/internal/drivers/postgres/postgres.go:356.18,358.13 2 0
github.com/mikesvis/short/internal/drivers/postgres/postgres.go:361.4,361.11 1 0
github.com/mikesvis/short/internal/drivers/postgres/postgres.go:362.22,363.11 1 0
github.com/mikesvis/short/internal/drivers/postgres/postgres.go:364.27,364.27 0 0
github.com/mikesvis/short/internal/drivers/postgres/postgres.go:369.2,369.20 1 0
github.com/mikesvis/short/internal/drivers/postgres/postgres.go:374.85,379.31 3 0
github.com/mikesvis/short/internal/drivers/postgres/postgres.go:379.31,384.13 3 0
github.com/mikesvis/short/internal/drivers/postgres/postgres.go:384.13,387.32 2 0
github.com/mikesvis/short/internal/drivers/postgres/postgres.go:387.32,388.12 1 0
github.com/mikesvis/short/internal/drivers/postgres/postgres.go:389.23,390.12 1 0
github.com/mikesvis/short/internal/drivers/postgres/postgres.go:391.26,391.26 0 0
github.com/mikesvis/short/internal/drivers/postgres/postgres.go:397.2,397.12 1 0
github.com/mikesvis/short/internal/drivers/postgres/postgres.go:397.12,400.3 2 0
github.com/mikesvis/short/internal/drivers/postgres/postgres.go:402.2,402.16 1 0
github.com/mikesvis/short/internal/drivers/postgres/postgres.go:406.79,408.34 2 0
github.com/mikesvis/short/internal/drivers/postgres/postgres.go:408.34,410.3 1 0
github.com/mikesvis/short/internal/drivers/postgres/postgres.go:412.2,412.27 1 0
github.com/mikesvis/short/internal/drivers/postgres/postgres.go:412.27,414.3 1 0
github.com/mikesvis/short/internal/drivers/postgres/postgres.go:417.2,418.16 2 0
github.com/mikesvis/short/internal/drivers/postgres/postgres.go:418.16,421.3 2 0
github.com/mikesvis/short/internal/drivers/postgres/postgres.go:422.2,426.16 3 0
github.com/mikesvis/short/internal/drivers/postgres/postgres.go:426.16,429.3 2 0
github.com/mikesvis/short/internal/drivers/postgres/postgres.go:433.46,435.2 1 0
github.com/mikesvis/short/internal/jwt/jwt.go:28.67,31.95 2 0
github.com/mikesvis/short/internal/jwt/jwt.go:31.95,33.3 1 0
github.com/mikesvis/short/internal/jwt/jwt.go:36.2,36.31 1 0
github.com/mikesvis/short/internal/jwt/jwt.go:36.31,38.30 1 0
github.com/mikesvis/short/internal/jwt/jwt.go:38.30,40.4 1 0
github.com/mikesvis/short/internal/jwt/jwt.go:42.3,42.28 1 0
github.com/mikesvis/short/internal/jwt/jwt.go:45.2,45.32 1 0
github.com/mikesvis/short/internal/jwt/jwt.go:45.32,47.3 1 0
github.com/mikesvis/short/internal/jwt/jwt.go:49.2,49.16 1 0
github.com/mikesvis/short/internal/jwt/jwt.go:53.70,62.16 4 0
github.com/mikesvis/short/internal/jwt/jwt.go:62.16,64.3 1 0
github.com/mikesvis/short/internal/jwt/jwt.go:66.2,66.25 1 0
github.com/mikesvis/short/internal/keygen/keygen.go:14.32,17.19 2 0
github.com/mikesvis/short/internal/keygen/keygen.go:17.19,19.3 1 0
github.com/mikesvis/short/internal/keygen/keygen.go:21.2,21.18 1 0
github.com/mikesvis/short/internal/logger/logger.go:9.46,11.16 2 0
github.com/mikesvis/short/internal/logger/logger.go:11.16,13.3 1 0
github.com/mikesvis/short/internal/logger/logger.go:14.2,16.28 2 0
github.com/mikesvis/short/internal/middleware/auth.go:18.45,19.71 1 0
github.com/mikesvis/short/internal/middleware/auth.go:19.71,21.55 2 0
github.com/mikesvis/short/internal/middleware/auth.go:21.55,24.4 2 0
github.com/mikesvis/short/internal/middleware/auth.go:27.3,27.17 1 0
github.com/mikesvis/short/internal/middleware/auth.go:27.17,33.18 4 0
github.com/mikesvis/short/internal/middleware/auth.go:33.18,37.5 3 0
github.com/mikesvis/short/internal/middleware/auth.go:40.4,40.46 1 0
github.com/mikesvis/short/internal/middleware/auth.go:40.46,43.5 2 0
github.com/mikesvis/short/internal/middleware/auth.go:46.4,46.50 1 0
github.com/mikesvis/short/internal/middleware/auth.go:46.50,49.5 2 0
github.com/mikesvis/short/internal/middleware/auth.go:53.3,56.17 4 0
github.com/mikesvis/short/internal/middleware/auth.go:56.17,59.4 2 0
github.com/mikesvis/short/internal/middleware/auth.go:61.3,64.40 3 0
github.com/mikesvis/short/internal/middleware/auth.go:69.71,76.2 1 0
github.com/mikesvis/short/internal/middleware/auth.go:79.43,80.71 1 0
github.com/mikesvis/short/internal/middleware/auth.go:80.71,83.17 2 0
github.com/mikesvis/short/internal/middleware/auth.go:83.17,86.4 2 0
github.com/mikesvis/short/internal/middleware/auth.go:88.3,92.60 3 0
github.com/mikesvis/short/internal/middleware/auth.go:92.60,95.4 2 0
github.com/mikesvis/short/internal/middleware/auth.go:98.3,98.59 1 0
github.com/mikesvis/short/internal/middleware/auth.go:98.59,101.4 2 0
github.com/mikesvis/short/internal/middleware/auth.go:104.3,104.17 1 0
github.com/mikesvis/short/internal/middleware/auth.go:104.17,107.4 2 0
github.com/mikesvis/short/internal/middleware/auth.go:109.3,110.40 2 0
github.com/mikesvis/short/internal/middleware/auth.go:114.74,116.2 1 0
github.com/mikesvis/short/internal/middleware/compressor.go:16.63,21.2 1 0
github.com/mikesvis/short/internal/middleware/compressor.go:24.47,26.2 1 0
github.com/mikesvis/short/internal/middleware/compressor.go:29.55,31.2 1 0
github.com/mikesvis/short/internal/middleware/compressor.go:34.54,37.2 2 0
github.com/mikesvis/short/internal/middleware/compressor.go:40.40,42.2 1 0
github.com/mikesvis/short/internal/middleware/compressor.go:49.66,51.16 2 0
github.com/mikesvis/short/internal/middleware/compressor.go:51.16,53.3 1 0
github.com/mikesvis/short/internal/middleware/compressor.go:55.2,58.8 1 0
github.com/mikesvis/short/internal/middleware/compressor.go:62.59,64.2 1 0
github.com/mikesvis/short/internal/middleware/compressor.go:67.40,68.36 1 0
github.com/mikesvis/short/internal/middleware/compressor.go:68.36,70.3 1 0
github.com/mikesvis/short/internal/middleware/compressor.go:71.2,71.21 1 0
github.com/mikesvis/short/internal/middleware/compressor.go:75.79,76.46 1 0
github.com/mikesvis/short/internal/middleware/compressor.go:76.46,77.54 1 0
github.com/mikesvis/short/internal/middleware/compressor.go:77.54,81.43 3 0
github.com/mikesvis/short/internal/middleware/compressor.go:81.43,82.41 1 0
github.com/mikesvis/short/internal/middleware/compressor.go:82.41,84.11 2 0
github.com/mikesvis/short/internal/middleware/compressor.go:88.4,88.24 1 0
github.com/mikesvis/short/internal/middleware/compressor.go:88.24,91.5 2 0
github.com/mikesvis/short/internal/middleware/compressor.go:93.4,98.20 4 0
github.com/mikesvis/short/internal/middleware/compressor.go:98.20,102.5 3 0
github.com/mikesvis/short/internal/middleware/compressor.go:105.4,107.17 3 0
github.com/mikesvis/short/internal/middleware/compressor.go:107.17,109.19 2 0
github.com/mikesvis/short/internal/middleware/compressor.go:109.19,112.6 2 0
github.com/mikesvis/short/internal/middleware/compressor.go:113.5,114.21 2 0
github.com/mikesvis/short/internal/middleware/compressor.go:117.4,117.25 1 0
github.com/mikesvis/short/internal/middleware/compressor.go:119.3,119.30 1 0
github.com/mikesvis/short/internal/middleware/logger.go:24.89,25.46 1 0
github.com/mikesvis/short/internal/middleware/logger.go:25.46,26.54 1 0
github.com/mikesvis/short/internal/middleware/logger.go:26.54,51.4 8 0
github.com/mikesvis/short/internal/middleware/logger.go:52.3,52.30 1 0
github.com/mikesvis/short/internal/middleware/logger.go:57.62,61.2 3 0
github.com/mikesvis/short/internal/middleware/logger.go:64.61,67.2 2 0
github.com/mikesvis/short/internal/server/handler.go:31.74,33.2 1 0
github.com/mikesvis/short/internal/server/handler.go:38.70,44.16 5 0
github.com/mikesvis/short/internal/server/handler.go:44.16,48.3 2 0
github.com/mikesvis/short/internal/server/handler.go:50.2,50.28 1 0
github.com/mikesvis/short/internal/server/handler.go:50.28,55.3 3 0
github.com/mikesvis/short/internal/server/handler.go:57.2,57.18 1 0
github.com/mikesvis/short/internal/server/handler.go:57.18,61.3 2 0
github.com/mikesvis/short/internal/server/handler.go:63.2,64.45 2 0
github.com/mikesvis/short/internal/server/handler.go:71.78,76.16 4 0
github.com/mikesvis/short/internal/server/handler.go:76.16,80.3 2 0
github.com/mikesvis/short/internal/server/handler.go:82.2,83.16 2 0
github.com/mikesvis/short/internal/server/handler.go:83.16,87.3 2 0
github.com/mikesvis/short/internal/server/handler.go:89.2,98.56 5 0
github.com/mikesvis/short/internal/server/handler.go:98.56,102.3 2 0
github.com/mikesvis/short/internal/server/handler.go:104.2,104.16 1 0
github.com/mikesvis/short/internal/server/handler.go:104.16,106.3 1 0
github.com/mikesvis/short/internal/server/handler.go:108.2,110.76 3 0
github.com/mikesvis/short/internal/server/handler.go:114.64,117.2 2 0
github.com/mikesvis/short/internal/server/handler.go:124.78,129.65 4 0
github.com/mikesvis/short/internal/server/handler.go:129.65,132.3 2 0
github.com/mikesvis/short/internal/server/handler.go:134.2,136.16 3 0
github.com/mikesvis/short/internal/server/handler.go:136.16,140.3 2 0
github.com/mikesvis/short/internal/server/handler.go:142.2,151.56 5 0
github.com/mikesvis/short/internal/server/handler.go:151.56,155.3 2 0
github.com/mikesvis/short/internal/server/handler.go:157.2,157.16 1 0
github.com/mikesvis/short/internal/server/handler.go:157.16,159.3 1 0
github.com/mikesvis/short/internal/server/handler.go:161.2,166.30 5 0
github.com/mikesvis/short/internal/server/handler.go:170.64,174.53 3 0
github.com/mikesvis/short/internal/server/handler.go:174.53,178.3 2 0
github.com/mikesvis/short/internal/server/handler.go:180.2,182.16 2 0
github.com/mikesvis/short/internal/server/handler.go:182.16,186.3 2 0
github.com/mikesvis/short/internal/server/handler.go:188.2,188.30 1 0
github.com/mikesvis/short/internal/server/handler.go:197.79,202.65 4 0
github.com/mikesvis/short/internal/server/handler.go:202.65,205.3 2 0
github.com/mikesvis/short/internal/server/handler.go:208.2,209.28 2 0
github.com/mikesvis/short/internal/server/handler.go:209.28,215.3 1 0
github.com/mikesvis/short/internal/server/handler.go:218.2,219.16 2 0
github.com/mikesvis/short/internal/server/handler.go:219.16,222.3 2 0
github.com/mikesvis/short/internal/server/handler.go:224.2,225.27 2 0
github.com/mikesvis/short/internal/server/handler.go:225.27,234.3 1 0
github.com/mikesvis/short/internal/server/handler.go:236.2,240.30 4 0
github.com/mikesvis/short/internal/server/handler.go:245.71,252.16 4 0
github.com/mikesvis/short/internal/server/handler.go:252.16,255.3 2 0
github.com/mikesvis/short/internal/server/handler.go:257.2,257.21 1 0
github.com/mikesvis/short/internal/server/handler.go:257.21,260.3 2 0
github.com/mikesvis/short/internal/server/handler.go:262.2,263.26 2 0
github.com/mikesvis/short/internal/server/handler.go:263.26,272.3 1 0
github.com/mikesvis/short/internal/server/handler.go:274.2,278.30 4 0
github.com/mikesvis/short/internal/server/handler.go:283.74,287.68 3 0
github.com/mikesvis/short/internal/server/handler.go:287.68,291.3 2 0
github.com/mikesvis/short/internal/server/handler.go:293.2,294.65 2 0
github.com/mikesvis/short/internal/server/handler.go:294.65,297.3 2 0
github.com/mikesvis/short/internal/server/handler.go:300.2,300.23 1 0
github.com/mikesvis/short/internal/server/handler.go:300.23,304.3 2 0
github.com/mikesvis/short/internal/server/handler.go:306.2,308.36 2 0
github.com/mikesvis/short/internal/server/server.go:13.85,17.37 3 0
github.com/mikesvis/short/internal/server/server.go:17.37,22.3 4 0
github.com/mikesvis/short/internal/server/server.go:24.2,24.34 1 0
github.com/mikesvis/short/internal/server/server.go:24.34,33.3 8 0
github.com/mikesvis/short/internal/server/server.go:35.2,35.10 1 0
github.com/mikesvis/short/internal/storage/storage.go:68.79,69.37 1 0
github.com/mikesvis/short/internal/storage/storage.go:69.37,71.17 2 0
github.com/mikesvis/short/internal/storage/storage.go:71.17,73.4 1 0
github.com/mikesvis/short/internal/storage/storage.go:75.3,76.17 2 0
github.com/mikesvis/short/internal/storage/storage.go:76.17,78.4 1 0
github.com/mikesvis/short/internal/storage/storage.go:80.3,80.58 1 0
github.com/mikesvis/short/internal/storage/storage.go:83.2,83.41 1 0
github.com/mikesvis/short/internal/storage/storage.go:83.41,85.3 1 0
github.com/mikesvis/short/internal/storage/storage.go:87.2,87.42 1 0
github.com/mikesvis/short/mocks/storage/mock_deleter.go:27.73,31.2 3 0
github.com/mikesvis/short/mocks/storage/mock_deleter.go:34.71,36.2 1 0
github.com/mikesvis/short/mocks/storage/mock_deleter.go:39.92,42.2 2 0
github.com/mikesvis/short/mocks/storage/mock_deleter.go:45.98,48.2 2 0
github.com/mikesvis/short/mocks/storage/mock_deleter.go:51.95,57.2 5 0
github.com/mikesvis/short/mocks/storage/mock_deleter.go:60.90,63.2 2 0
github.com/mikesvis/short/mocks/storage/mock_deleter.go:66.96,72.2 5 0
github.com/mikesvis/short/mocks/storage/mock_deleter.go:75.91,78.2 2 0
github.com/mikesvis/short/mocks/storage/mock_deleter.go:81.59,86.2 4 0
github.com/mikesvis/short/mocks/storage/mock_deleter.go:89.85,92.2 2 0
github.com/mikesvis/short/mocks/storage/mock_deleter.go:95.99,101.2 5 0
github.com/mikesvis/short/mocks/storage/mock_deleter.go:104.92,107.2 2 0
github.com/mikesvis/short/mocks/storage/mock_deleter.go:110.95,116.2 5 0
github.com/mikesvis/short/mocks/storage/mock_deleter.go:119.86,122.2 2 0
github.com/mikesvis/short/mocks/storage/mock_deleter.go:125.122,131.2 5 0
github.com/mikesvis/short/mocks/storage/mock_deleter.go:134.91,137.2 2 0
github.com/mikesvis/short/pkg/urlformat/urlformal.go:11.59,13.2 1 0
github.com/mikesvis/short/pkg/urlformat/urlformal.go:16.46,17.29 1 0
github.com/mikesvis/short/pkg/urlformat/urlformal.go:17.29,19.3 1 0
github.com/mikesvis/short/pkg/urlformat/urlformal.go:21.2,22.16 2 0
github.com/mikesvis/short/pkg/urlformat/urlformal.go:22.16,24.3 1 0
github.com/mikesvis/short/pkg/urlformat/urlformal.go:26.2,26.12 1 0
github.com/mikesvis/short/pkg/urlformat/urlformal.go:30.43,32.2 1 0
github.com/mikesvis/short/internal/jwt/jwt.go:28.67,31.95 2 0
github.com/mikesvis/short/internal/jwt/jwt.go:31.95,33.3 1 0
github.com/mikesvis/short/internal/jwt/jwt.go:36.2,36.31 1 0
github.com/mikesvis/short/internal/jwt/jwt.go:36.31,38.30 1 0
github.com/mikesvis/short/internal/jwt/jwt.go:38.30,40.4 1 0
github.com/mikesvis/short/internal/jwt/jwt.go:42.3,42.28 1 0
github.com/mikesvis/short/internal/jwt/jwt.go:45.2,45.32 1 0
github.com/mikesvis/short/internal/jwt/jwt.go:45.32,47.3 1 0
github.com/mikesvis/short/internal/jwt/jwt.go:49.2,49.16 1 0
github.com/mikesvis/short/internal/jwt/jwt.go:53.70,62.16 4 0
github.com/mikesvis/short/internal/jwt/jwt.go:62.16,64.3 1 0
github.com/mikesvis/short/internal/jwt/jwt.go:66.2,66.25 1 0
github.com/mikesvis/short/cmd/shortener/main.go:17.37,18.17 1 0
github.com/mikesvis/short/cmd/shortener/main.go:18.17,20.3 1 0
github.com/mikesvis/short/cmd/shortener/main.go:21.2,21.14 1 0
github.com/mikesvis/short/cmd/shortener/main.go:24.25,29.2 1 0
github.com/mikesvis/short/cmd/shortener/main.go:31.13,38.2 4 0
github.com/mikesvis/short/cmd/staticlint/main.go:20.13,36.2 6 0
github.com/mikesvis/short/cmd/staticlint/main.go:38.53,40.42 2 0
github.com/mikesvis/short/cmd/staticlint/main.go:40.42,42.3 1 0
github.com/mikesvis/short/cmd/staticlint/main.go:43.2,43.37 1 0
github.com/mikesvis/short/cmd/staticlint/main.go:43.37,45.3 1 0
github.com/mikesvis/short/cmd/staticlint/main.go:47.2,47.15 1 0
github.com/mikesvis/short/cmd/staticlint/main.go:57.48,59.9 2 0
github.com/mikesvis/short/cmd/staticlint/main.go:59.9,61.3 1 0
github.com/mikesvis/short/cmd/staticlint/main.go:62.2,62.32 1 0
github.com/mikesvis/short/cmd/staticlint/main.go:62.32,64.3 1 0
github.com/mikesvis/short/cmd/staticlint/main.go:65.2,66.9 2 0
github.com/mikesvis/short/cmd/staticlint/main.go:66.9,68.3 1 0
github.com/mikesvis/short/cmd/staticlint/main.go:69.2,69.30 1 0
github.com/mikesvis/short/cmd/staticlint/main.go:72.52,73.31 1 0
github.com/mikesvis/short/cmd/staticlint/main.go:73.31,75.3 1 0
github.com/mikesvis/short/cmd/staticlint/main.go:77.2,77.34 1 0
github.com/mikesvis/short/cmd/staticlint/main.go:77.34,80.43 2 0
github.com/mikesvis/short/cmd/staticlint/main.go:80.43,81.25 1 0
github.com/mikesvis/short/cmd/staticlint/main.go:82.23,83.39 1 0
github.com/mikesvis/short/cmd/staticlint/main.go:84.23,85.38 1 0
github.com/mikesvis/short/cmd/staticlint/main.go:85.38,88.6 2 0
github.com/mikesvis/short/cmd/staticlint/main.go:90.4,90.15 1 0
github.com/mikesvis/short/cmd/staticlint/main.go:93.2,93.17 1 0
github.com/mikesvis/short/internal/app/app.go:26.38,28.16 2 0
github.com/mikesvis/short/internal/app/app.go:28.16,29.13 1 0
github.com/mikesvis/short/internal/app/app.go:32.2,33.16 2 0
github.com/mikesvis/short/internal/app/app.go:33.16,34.13 1 0
github.com/mikesvis/short/internal/app/app.go:37.2,55.3 3 0
github.com/mikesvis/short/internal/app/app.go:59.27,61.64 2 0
github.com/mikesvis/short/internal/app/app.go:61.64,63.3 1 0
github.com/mikesvis/short/internal/app/app.go:64.2,64.86 1 0
github.com/mikesvis/short/internal/app/app.go:64.86,67.3 2 0
github.com/mikesvis/short/internal/app/app.go:69.2,69.12 1 0
github.com/mikesvis/short/internal/config/config.go:25.26,32.2 4 0
github.com/mikesvis/short/internal/config/config.go:34.28,40.2 5 0
github.com/mikesvis/short/internal/drivers/filedb/filedb.go:32.68,36.2 2 0
github.com/mikesvis/short/internal/drivers/filedb/filedb.go:40.79,42.16 2 0
github.com/mikesvis/short/internal/drivers/filedb/filedb.go:42.16,44.3 1 0
github.com/mikesvis/short/internal/drivers/filedb/filedb.go:46.2,46.27 1 0
github.com/mikesvis/short/internal/drivers/filedb/filedb.go:46.27,48.3 1 0
github.com/mikesvis/short/internal/drivers/filedb/filedb.go:50.2,51.16 2 0
github.com/mikesvis/short/internal/drivers/filedb/filedb.go:51.16,53.3 1 0
github.com/mikesvis/short/internal/drivers/filedb/filedb.go:54.2,65.46 4 0
github.com/mikesvis/short/internal/drivers/filedb/filedb.go:65.46,67.3 1 0
github.com/mikesvis/short/internal/drivers/filedb/filedb.go:69.2,69.15 1 0
github.com/mikesvis/short/internal/drivers/filedb/filedb.go:73.85,75.16 2 0
github.com/mikesvis/short/internal/drivers/filedb/filedb.go:75.16,77.3 1 0
github.com/mikesvis/short/internal/drivers/filedb/filedb.go:78.2,82.6 3 0
github.com/mikesvis/short/internal/drivers/filedb/filedb.go:82.6,84.47 2 0
github.com/mikesvis/short/internal/drivers/filedb/filedb.go:84.47,85.9 1 0
github.com/mikesvis/short/internal/drivers/filedb/filedb.go:86.9,86.24 1 0
github.com/mikesvis/short/internal/drivers/filedb/filedb.go:86.24,88.4 1 0
github.com/mikesvis/short/internal/drivers/filedb/filedb.go:90.3,90.31 1 0
github.com/mikesvis/short/internal/drivers/filedb/filedb.go:90.31,91.12 1 0
github.com/mikesvis/short/internal/drivers/filedb/filedb.go:94.3,99.9 1 0
github.com/mikesvis/short/internal/drivers/filedb/filedb.go:102.2,102.26 1 0
github.com/mikesvis/short/internal/drivers/filedb/filedb.go:106.87,108.16 2 0
github.com/mikesvis/short/internal/drivers/filedb/filedb.go:108.16,110.3 1 0
github.com/mikesvis/short/internal/drivers/filedb/filedb.go:111.2,115.6 3 0
github.com/mikesvis/short/internal/drivers/filedb/filedb.go:115.6,117.47 2 0
github.com/mikesvis/short/internal/drivers/filedb/filedb.go:117.47,118.9 1 0
github.com/mikesvis/short/internal/drivers/filedb/filedb.go:119.9,119.24 1 0
github.com/mikesvis/short/internal/drivers/filedb/filedb.go:119.24,121.4 1 0
github.com/mikesvis/short/internal/drivers/filedb/filedb.go:123.3,123.29 1 0
github.com/mikesvis/short/internal/drivers/filedb/filedb.go:123.29,124.12 1 0
github.com/mikesvis/short/internal/drivers/filedb/filedb.go:127.3,132.9 1 0
github.com/mikesvis/short/internal/drivers/filedb/filedb.go:135.2,135.26 1 0
github.com/mikesvis/short/internal/drivers/filedb/filedb.go:139.50,143.2 2 0
github.com/mikesvis/short/internal/drivers/filedb/filedb.go:146.107,150.23 2 0
github.com/mikesvis/short/internal/drivers/filedb/filedb.go:150.23,152.3 1 0
github.com/mikesvis/short/internal/drivers/filedb/filedb.go:155.2,156.16 2 0
github.com/mikesvis/short/internal/drivers/filedb/filedb.go:156.16,158.3 1 0
github.com/mikesvis/short/internal/drivers/filedb/filedb.go:159.2,162.6 3 0
github.com/mikesvis/short/internal/drivers/filedb/filedb.go:162.6,165.46 2 0
github.com/mikesvis/short/internal/drivers/filedb/filedb.go:165.46,166.9 1 0
github.com/mikesvis/short/internal/drivers/filedb/filedb.go:167.9,167.24 1 0
github.com/mikesvis/short/internal/drivers/filedb/filedb.go:167.24,169.4 1 0
github.com/mikesvis/short/internal/drivers/filedb/filedb.go:171.3,172.13 2 0
github.com/mikesvis/short/internal/drivers/filedb/filedb.go:172.13,182.4 2 0
github.com/mikesvis/short/internal/drivers/filedb/filedb.go:185.3,185.28 1 0
github.com/mikesvis/short/internal/drivers/filedb/filedb.go:185.28,186.9 1 0
github.com/mikesvis/short/internal/drivers/filedb/filedb.go:191.2,191.27 1 0
github.com/mikesvis/short/internal/drivers/filedb/filedb.go:191.27,193.3 1 0
github.com/mikesvis/short/internal/drivers/filedb/filedb.go:196.2,197.16 2 0
github.com/mikesvis/short/internal/drivers/filedb/filedb.go:197.16,199.3 1 0
github.com/mikesvis/short/internal/drivers/filedb/filedb.go:200.2,205.32 3 0
github.com/mikesvis/short/internal/drivers/filedb/filedb.go:205.32,215.47 2 0
github.com/mikesvis/short/internal/drivers/filedb/filedb.go:215.47,217.4 1 0
github.com/mikesvis/short/internal/drivers/filedb/filedb.go:220.2,220.16 1 0
github.com/mikesvis/short/internal/drivers/filedb/filedb.go:224.88,226.16 2 0
github.com/mikesvis/short/internal/drivers/filedb/filedb.go:226.16,228.3 1 0
github.com/mikesvis/short/internal/drivers/filedb/filedb.go:229.2,234.6 4 0
github.com/mikesvis/short/internal/drivers/filedb/filedb.go:234.6,236.47 2 0
github.com/mikesvis/short/internal/drivers/filedb/filedb.go:236.47,237.9 1 0
github.com/mikesvis/short/internal/drivers/filedb/filedb.go:238.9,238.24 1 0
github.com/mikesvis/short/internal/drivers/filedb/filedb.go:238.24,240.4 1 0
github.com/mikesvis/short/internal/drivers/filedb/filedb.go:242.3,242.25 1 0
github.com/mikesvis/short/internal/drivers/filedb/filedb.go:242.25,243.12 1 0
github.com/mikesvis/short/internal/drivers/filedb/filedb.go:246.3,250.5 1 0
github.com/mikesvis/short/internal/drivers/filedb/filedb.go:253.2,253.20 1 0
github.com/mikesvis/short/internal/drivers/filedb/filedb.go:256.44,258.2 1 0
github.com/mikesvis/short/internal/drivers/inmemory/inmemory.go:21.55,24.2 2 0
github.com/mikesvis/short/internal/drivers/inmemory/inmemory.go:28.81,29.28 1 0
github.com/mikesvis/short/internal/drivers/inmemory/inmemory.go:29.28,30.23 1 0
github.com/mikesvis/short/internal/drivers/inmemory/inmemory.go:30.23,32.4 1 0
github.com/mikesvis/short/internal/drivers/inmemory/inmemory.go:34.2,35.15 2 0
github.com/mikesvis/short/internal/drivers/inmemory/inmemory.go:39.87,40.28 1 0
github.com/mikesvis/short/internal/drivers/inmemory/inmemory.go:40.28,41.32 1 0
github.com/mikesvis/short/internal/drivers/inmemory/inmemory.go:41.32,42.12 1 0
github.com/mikesvis/short/internal/drivers/inmemory/inmemory.go:45.3,45.16 1 0
github.com/mikesvis/short/internal/drivers/inmemory/inmemory.go:48.2,48.26 1 0
github.com/mikesvis/short/internal/drivers/inmemory/inmemory.go:52.89,53.28 1 0
github.com/mikesvis/short/internal/drivers/inmemory/inmemory.go:53.28,54.34 1 0
github.com/mikesvis/short/internal/drivers/inmemory/inmemory.go:54.34,55.12 1 0
github.com/mikesvis/short/internal/drivers/inmemory/inmemory.go:58.3,58.16 1 0
github.com/mikesvis/short/internal/drivers/inmemory/inmemory.go:61.2,61.26 1 0
github.com/mikesvis/short/internal/drivers/inmemory/inmemory.go:65.109,69.23 2 0
github.com/mikesvis/short/internal/drivers/inmemory/inmemory.go:69.23,71.3 1 0
github.com/mikesvis/short/internal/drivers/inmemory/inmemory.go:74.2,74.28 1 0
github.com/mikesvis/short/internal/drivers/inmemory/inmemory.go:74.28,76.13 2 0
github.com/mikesvis/short/internal/drivers/inmemory/inmemory.go:76.13,86.4 2 0
github.com/mikesvis/short/internal/drivers/inmemory/inmemory.go:89.3,89.28 1 0
github.com/mikesvis/short/internal/drivers/inmemory/inmemory.go:89.28,90.9 1 0
github.com/mikesvis/short/internal/drivers/inmemory/inmemory.go:95.2,95.27 1 0
github.com/mikesvis/short/internal/drivers/inmemory/inmemory.go:95.27,97.3 1 0
github.com/mikesvis/short/internal/drivers/inmemory/inmemory.go:100.2,100.32 1 0
github.com/mikesvis/short/internal/drivers/inmemory/inmemory.go:100.32,102.3 1 0
github.com/mikesvis/short/internal/drivers/inmemory/inmemory.go:104.2,104.16 1 0
github.com/mikesvis/short/internal/drivers/inmemory/inmemory.go:108.90,110.28 2 0
github.com/mikesvis/short/internal/drivers/inmemory/inmemory.go:110.28,111.25 1 0
github.com/mikesvis/short/internal/drivers/inmemory/inmemory.go:111.25,112.12 1 0
github.com/mikesvis/short/internal/drivers/inmemory/inmemory.go:115.3,115.29 1 0
github.com/mikesvis/short/internal/drivers/inmemory/inmemory.go:118.2,118.20 1 0
github.com/mikesvis/short/internal/drivers/inmemory/inmemory.go:122.46,124.2 1 0
github.com/mikesvis/short/internal/drivers/postgres/postgres.go:40.77,42.16 2 0
github.com/mikesvis/short/internal/drivers/postgres/postgres.go:42.16,44.3 1 0
github.com/mikesvis/short/internal/drivers/postgres/postgres.go:46.2,46.35 1 0
github.com/mikesvis/short/internal/drivers/postgres/postgres.go:49.37,61.2 3 0
github.com/mikesvis/short/internal/drivers/postgres/postgres.go:65.81,69.16 3 0
github.com/mikesvis/short/internal/drivers/postgres/postgres.go:69.16,72.3 2 0
github.com/mikesvis/short/internal/drivers/postgres/postgres.go:73.2,84.16 4 0
github.com/mikesvis/short/internal/drivers/postgres/postgres.go:84.16,86.75 2 0
github.com/mikesvis/short/internal/drivers/postgres/postgres.go:86.75,90.4 2 0
github.com/mikesvis/short/internal/drivers/postgres/postgres.go:94.2,94.16 1 0
github.com/mikesvis/short/internal/drivers/postgres/postgres.go:94.16,96.3 1 0
github.com/mikesvis/short/internal/drivers/postgres/postgres.go:99.2,100.16 2 0
github.com/mikesvis/short/internal/drivers/postgres/postgres.go:100.16,103.3 2 0
github.com/mikesvis/short/internal/drivers/postgres/postgres.go:105.2,105.32 1 0
github.com/mikesvis/short/internal/drivers/postgres/postgres.go:109.87,114.16 3 0
github.com/mikesvis/short/internal/drivers/postgres/postgres.go:114.16,117.3 2 0
github.com/mikesvis/short/internal/drivers/postgres/postgres.go:118.2,124.38 5 0
github.com/mikesvis/short/internal/drivers/postgres/postgres.go:124.38,127.3 1 0
github.com/mikesvis/short/internal/drivers/postgres/postgres.go:129.2,129.16 1 0
github.com/mikesvis/short/internal/drivers/postgres/postgres.go:129.16,133.3 2 0
github.com/mikesvis/short/internal/drivers/postgres/postgres.go:135.2,135.98 1 0
github.com/mikesvis/short/internal/drivers/postgres/postgres.go:139.89,144.16 3 0
github.com/mikesvis/short/internal/drivers/postgres/postgres.go:144.16,147.3 2 0
github.com/mikesvis/short/internal/drivers/postgres/postgres.go:148.2,154.38 5 0
github.com/mikesvis/short/internal/drivers/postgres/postgres.go:154.38,157.3 1 0
github.com/mikesvis/short/internal/drivers/postgres/postgres.go:159.2,159.16 1 0
github.com/mikesvis/short/internal/drivers/postgres/postgres.go:159.16,163.3 2 0
github.com/mikesvis/short/internal/drivers/postgres/postgres.go:165.2,165.98 1 0
github.com/mikesvis/short/internal/drivers/postgres/postgres.go:169.52,171.2 1 0
github.com/mikesvis/short/internal/drivers/postgres/postgres.go:174.109,182.23 4 0
github.com/mikesvis/short/internal/drivers/postgres/postgres.go:182.23,186.3 3 0
github.com/mikesvis/short/internal/drivers/postgres/postgres.go:189.2,190.16 2 0
github.com/mikesvis/short/internal/drivers/postgres/postgres.go:190.16,193.3 2 0
github.com/mikesvis/short/internal/drivers/postgres/postgres.go:194.2,199.16 4 0
github.com/mikesvis/short/internal/drivers/postgres/postgres.go:199.16,202.3 2 0
github.com/mikesvis/short/internal/drivers/postgres/postgres.go:204.2,204.34 1 0
github.com/mikesvis/short/internal/drivers/postgres/postgres.go:204.34,214.3 2 0
github.com/mikesvis/short/internal/drivers/postgres/postgres.go:217.2,217.23 1 0
github.com/mikesvis/short/internal/drivers/postgres/postgres.go:217.23,219.3 1 0
github.com/mikesvis/short/internal/drivers/postgres/postgres.go:222.2,223.28 2 0
github.com/mikesvis/short/internal/drivers/postgres/postgres.go:223.28,231.3 1 0
github.com/mikesvis/short/internal/drivers/postgres/postgres.go:234.2,237.16 4 0
github.com/mikesvis/short/internal/drivers/postgres/postgres.go:237.16,240.3 2 0
github.com/mikesvis/short/internal/drivers/postgres/postgres.go:242.2,243.16 2 0
github.com/mikesvis/short/internal/drivers/postgres/postgres.go:243.16,246.3 2 0
github.com/mikesvis/short/internal/drivers/postgres/postgres.go:248.2,248.16 1 0
github.com/mikesvis/short/internal/drivers/postgres/postgres.go:252.34,254.2 1 0
github.com/mikesvis/short/internal/drivers/postgres/postgres.go:257.90,258.22 1 0
github.com/mikesvis/short/internal/drivers/postgres/postgres.go:258.22,260.3 1 0
github.com/mikesvis/short/internal/drivers/postgres/postgres.go:262.2,263.16 2 0
github.com/mikesvis/short/internal/drivers/postgres/postgres.go:263.16,266.3 2 0
github.com/mikesvis/short/internal/drivers/postgres/postgres.go:267.2,269.30 2 0
github.com/mikesvis/short/internal/drivers/postgres/postgres.go:273.73,276.18 3 0
github.com/mikesvis/short/internal/drivers/postgres/postgres.go:276.18,278.17 2 0
github.com/mikesvis/short/internal/drivers/postgres/postgres.go:278.17,281.4 2 0
github.com/mikesvis/short/internal/drivers/postgres/postgres.go:283.3,288.5 1 0
github.com/mikesvis/short/internal/drivers/postgres/postgres.go:291.2,292.16 2 0
github.com/mikesvis/short/internal/drivers/postgres/postgres.go:292.16,295.3 2 0
github.com/mikesvis/short/internal/drivers/postgres/postgres.go:297.2,297.20 1 0
github.com/mikesvis/short/internal/drivers/postgres/postgres.go:301.83,306.2 4 0
github.com/mikesvis/short/internal/drivers/postgres/postgres.go:310.102,313.12 2 0
github.com/mikesvis/short/internal/drivers/postgres/postgres.go:313.12,315.30 2 0
github.com/mikesvis/short/internal/drivers/postgres/postgres.go:315.30,320.11 2 0
github.com/mikesvis/short/internal/drivers/postgres/postgres.go:321.22,322.11 1 0
github.com/mikesvis/short/internal/drivers/postgres/postgres.go:323.25,323.25 0 0
github.com/mikesvis/short/internal/drivers/postgres/postgres.go:328.2,328.16 1 0
github.com/mikesvis/short/internal/drivers/postgres/postgres.go:333.91,337.34 3 0
github.com/mikesvis/short/internal/drivers/postgres/postgres.go:337.34,340.3 2 0
github.com/mikesvis/short/internal/drivers/postgres/postgres.go:342.2,342.17 1 0
github.com/mikesvis/short/internal/drivers/postgres/postgres.go:346.93,348.12 2 0
github.com/mikesvis/short/internal/drivers/postgres/postgres.go:348.12,351.29 2 0
github.com/mikesvis/short/internal/drivers/postgres/postgres.go:351.29,356.18 4 0
github.com/mikesvis/short/internal/drivers/postgres/postgres.go:356.18,358.13 2 0
github.com/mikesvis/short/internal/drivers/postgres/postgres.go:361.4,361.11 1 0
github.com/mikesvis/short/internal/drivers/postgres/postgres.go:362.22,363.11 1 0
github.com/mikesvis/short/internal/drivers/postgres/postgres.go:364.27,364.27 0 0
github.com/mikesvis/short/internal/drivers/postgres/postgres.go:369.2,369.20 1 0
github.com/mikesvis/short/internal/drivers/postgres/postgres.go:374.85,379.31 3 0
github.com/mikesvis/short/internal/drivers/postgres/postgres.go:379.31,384.13 3 0
github.com/mikesvis/short/internal/drivers/postgres/postgres.go:384.13,387.32 2 0
github.com/mikesvis/short/internal/drivers/postgres/postgres.go:387.32,388.12 1 0
github.com/mikesvis/short/internal/drivers/postgres/postgres.go:389.23,390.12 1 0
github.com/mikesvis/short/internal/drivers/postgres/postgres.go:391.26,391.26 0 0
github.com/mikesvis/short/internal/drivers/postgres/postgres.go:397.2,397.12 1 0
github.com/mikesvis/short/internal/drivers/postgres/postgres.go:397.12,400.3 2 0
github.com/mikesvis/short/internal/drivers/postgres/postgres.go:402.2,402.16 1 0
github.com/mikesvis/short/internal/drivers/postgres/postgres.go:406.79,408.34 2 0
github.com/mikesvis/short/internal/drivers/postgres/postgres.go:408.34,410.3 1 0
github.com/mikesvis/short/internal/drivers/postgres/postgres.go:412.2,412.27 1 0
github.com/mikesvis/short/internal/drivers/postgres/postgres.go:412.27,414.3 1 0
github.com/mikesvis/short/internal/drivers/postgres/postgres.go:417.2,418.16 2 0
github.com/mikesvis/short/internal/drivers/postgres/postgres.go:418.16,421.3 2 0
github.com/mikesvis/short/internal/drivers/postgres/postgres.go:422.2,426.16 3 0
github.com/mikesvis/short/internal/drivers/postgres/postgres.go:426.16,429.3 2 0
github.com/mikesvis/short/internal/drivers/postgres/postgres.go:433.46,435.2 1 0
github.com/mikesvis/short/internal/jwt/jwt.go:28.67,31.95 2 0
github.com/mikesvis/short/internal/jwt/jwt.go:31.95,33.3 1 0
github.com/mikesvis/short/internal/jwt/jwt.go:36.2,36.31 1 0
github.com/mikesvis/short/internal/jwt/jwt.go:36.31,38.30 1 0
github.com/mikesvis/short/internal/jwt/jwt.go:38.30,40.4 1 0
github.com/mikesvis/short/internal/jwt/jwt.go:42.3,42.28 1 0
github.com/mikesvis/short/internal/jwt/jwt.go:45.2,45.32 1 0
github.com/mikesvis/short/internal/jwt/jwt.go:45.32,47.3 1 0
github.com/mikesvis/short/internal/jwt/jwt.go:49.2,49.16 1 0
github.com/mikesvis/short/internal/jwt/jwt.go:53.70,62.16 4 0
github.com/mikesvis/short/internal/jwt/jwt.go:62.16,64.3 1 0
github.com/mikesvis/short/internal/jwt/jwt.go:66.2,66.25 1 0
github.com/mikesvis/short/internal/keygen/keygen.go:14.32,17.19 2 1
github.com/mikesvis/short/internal/keygen/keygen.go:17.19,19.3 1 1
github.com/mikesvis/short/internal/keygen/keygen.go:21.2,21.18 1 1
github.com/mikesvis/short/internal/logger/logger.go:9.46,11.16 2 0
github.com/mikesvis/short/internal/logger/logger.go:11.16,13.3 1 0
github.com/mikesvis/short/internal/logger/logger.go:14.2,16.28 2 0
github.com/mikesvis/short/internal/middleware/auth.go:18.45,19.71 1 0
github.com/mikesvis/short/internal/middleware/auth.go:19.71,21.55 2 0
github.com/mikesvis/short/internal/middleware/auth.go:21.55,24.4 2 0
github.com/mikesvis/short/internal/middleware/auth.go:27.3,27.17 1 0
github.com/mikesvis/short/internal/middleware/auth.go:27.17,33.18 4 0
github.com/mikesvis/short/internal/middleware/auth.go:33.18,37.5 3 0
github.com/mikesvis/short/internal/middleware/auth.go:40.4,40.46 1 0
github.com/mikesvis/short/internal/middleware/auth.go:40.46,43.5 2 0
github.com/mikesvis/short/internal/middleware/auth.go:46.4,46.50 1 0
github.com/mikesvis/short/internal/middleware/auth.go:46.50,49.5 2 0
github.com/mikesvis/short/internal/middleware/auth.go:53.3,56.17 4 0
github.com/mikesvis/short/internal/middleware/auth.go:56.17,59.4 2 0
github.com/mikesvis/short/internal/middleware/auth.go:61.3,64.40 3 0
github.com/mikesvis/short/internal/middleware/auth.go:69.71,76.2 1 0
github.com/mikesvis/short/internal/middleware/auth.go:79.43,80.71 1 0
github.com/mikesvis/short/internal/middleware/auth.go:80.71,83.17 2 0
github.com/mikesvis/short/internal/middleware/auth.go:83.17,86.4 2 0
github.com/mikesvis/short/internal/middleware/auth.go:88.3,92.60 3 0
github.com/mikesvis/short/internal/middleware/auth.go:92.60,95.4 2 0
github.com/mikesvis/short/internal/middleware/auth.go:98.3,98.59 1 0
github.com/mikesvis/short/internal/middleware/auth.go:98.59,101.4 2 0
github.com/mikesvis/short/internal/middleware/auth.go:104.3,104.17 1 0
github.com/mikesvis/short/internal/middleware/auth.go:104.17,107.4 2 0
github.com/mikesvis/short/internal/middleware/auth.go:109.3,110.40 2 0
github.com/mikesvis/short/internal/middleware/auth.go:114.74,116.2 1 0
github.com/mikesvis/short/internal/middleware/compressor.go:16.63,21.2 1 0
github.com/mikesvis/short/internal/middleware/compressor.go:24.47,26.2 1 0
github.com/mikesvis/short/internal/middleware/compressor.go:29.55,31.2 1 0
github.com/mikesvis/short/internal/middleware/compressor.go:34.54,37.2 2 0
github.com/mikesvis/short/internal/middleware/compressor.go:40.40,42.2 1 0
github.com/mikesvis/short/internal/middleware/compressor.go:49.66,51.16 2 0
github.com/mikesvis/short/internal/middleware/compressor.go:51.16,53.3 1 0
github.com/mikesvis/short/internal/middleware/compressor.go:55.2,58.8 1 0
github.com/mikesvis/short/internal/middleware/compressor.go:62.59,64.2 1 0
github.com/mikesvis/short/internal/middleware/compressor.go:67.40,68.36 1 0
github.com/mikesvis/short/internal/middleware/compressor.go:68.36,70.3 1 0
github.com/mikesvis/short/internal/middleware/compressor.go:71.2,71.21 1 0
github.com/mikesvis/short/internal/middleware/compressor.go:75.79,76.46 1 0
github.com/mikesvis/short/internal/middleware/compressor.go:76.46,77.54 1 0
github.com/mikesvis/short/internal/middleware/compressor.go:77.54,81.43 3 0
github.com/mikesvis/short/internal/middleware/compressor.go:81.43,82.41 1 0
github.com/mikesvis/short/internal/middleware/compressor.go:82.41,84.11 2 0
github.com/mikesvis/short/internal/middleware/compressor.go:88.4,88.24 1 0
github.com/mikesvis/short/internal/middleware/compressor.go:88.24,91.5 2 0
github.com/mikesvis/short/internal/middleware/compressor.go:93.4,98.20 4 0
github.com/mikesvis/short/internal/middleware/compressor.go:98.20,102.5 3 0
github.com/mikesvis/short/internal/middleware/compressor.go:105.4,107.17 3 0
github.com/mikesvis/short/internal/middleware/compressor.go:107.17,109.19 2 0
github.com/mikesvis/short/internal/middleware/compressor.go:109.19,112.6 2 0
github.com/mikesvis/short/internal/middleware/compressor.go:113.5,114.21 2 0
github.com/mikesvis/short/internal/middleware/compressor.go:117.4,117.25 1 0
github.com/mikesvis/short/internal/middleware/compressor.go:119.3,119.30 1 0
github.com/mikesvis/short/internal/middleware/logger.go:24.89,25.46 1 0
github.com/mikesvis/short/internal/middleware/logger.go:25.46,26.54 1 0
github.com/mikesvis/short/internal/middleware/logger.go:26.54,51.4 8 0
github.com/mikesvis/short/internal/middleware/logger.go:52.3,52.30 1 0
github.com/mikesvis/short/internal/middleware/logger.go:57.62,61.2 3 0
github.com/mikesvis/short/internal/middleware/logger.go:64.61,67.2 2 0
github.com/mikesvis/short/internal/server/handler.go:31.74,33.2 1 0
github.com/mikesvis/short/internal/server/handler.go:38.70,44.16 5 0
github.com/mikesvis/short/internal/server/handler.go:44.16,48.3 2 0
github.com/mikesvis/short/internal/server/handler.go:50.2,50.28 1 0
github.com/mikesvis/short/internal/server/handler.go:50.28,55.3 3 0
github.com/mikesvis/short/internal/server/handler.go:57.2,57.18 1 0
github.com/mikesvis/short/internal/server/handler.go:57.18,61.3 2 0
github.com/mikesvis/short/internal/server/handler.go:63.2,64.45 2 0
github.com/mikesvis/short/internal/server/handler.go:71.78,76.16 4 0
github.com/mikesvis/short/internal/server/handler.go:76.16,80.3 2 0
github.com/mikesvis/short/internal/server/handler.go:82.2,83.16 2 0
github.com/mikesvis/short/internal/server/handler.go:83.16,87.3 2 0
github.com/mikesvis/short/internal/server/handler.go:89.2,98.56 5 0
github.com/mikesvis/short/internal/server/handler.go:98.56,102.3 2 0
github.com/mikesvis/short/internal/server/handler.go:104.2,104.16 1 0
github.com/mikesvis/short/internal/server/handler.go:104.16,106.3 1 0
github.com/mikesvis/short/internal/server/handler.go:108.2,110.76 3 0
github.com/mikesvis/short/internal/server/handler.go:114.64,117.2 2 0
github.com/mikesvis/short/internal/server/handler.go:124.78,129.65 4 0
github.com/mikesvis/short/internal/server/handler.go:129.65,132.3 2 0
github.com/mikesvis/short/internal/server/handler.go:134.2,136.16 3 0
github.com/mikesvis/short/internal/server/handler.go:136.16,140.3 2 0
github.com/mikesvis/short/internal/server/handler.go:142.2,151.56 5 0
github.com/mikesvis/short/internal/server/handler.go:151.56,155.3 2 0
github.com/mikesvis/short/internal/server/handler.go:157.2,157.16 1 0
github.com/mikesvis/short/internal/server/handler.go:157.16,159.3 1 0
github.com/mikesvis/short/internal/server/handler.go:161.2,166.30 5 0
github.com/mikesvis/short/internal/server/handler.go:170.64,174.53 3 0
github.com/mikesvis/short/internal/server/handler.go:174.53,178.3 2 0
github.com/mikesvis/short/internal/server/handler.go:180.2,182.16 2 0
github.com/mikesvis/short/internal/server/handler.go:182.16,186.3 2 0
github.com/mikesvis/short/internal/server/handler.go:188.2,188.30 1 0
github.com/mikesvis/short/internal/server/handler.go:197.79,202.65 4 0
github.com/mikesvis/short/internal/server/handler.go:202.65,205.3 2 0
github.com/mikesvis/short/internal/server/handler.go:208.2,209.28 2 0
github.com/mikesvis/short/internal/server/handler.go:209.28,215.3 1 0
github.com/mikesvis/short/internal/server/handler.go:218.2,219.16 2 0
github.com/mikesvis/short/internal/server/handler.go:219.16,222.3 2 0
github.com/mikesvis/short/internal/server/handler.go:224.2,225.27 2 0
github.com/mikesvis/short/internal/server/handler.go:225.27,234.3 1 0
github.com/mikesvis/short/internal/server/handler.go:236.2,240.30 4 0
github.com/mikesvis/short/internal/server/handler.go:245.71,252.16 4 0
github.com/mikesvis/short/internal/server/handler.go:252.16,255.3 2 0
github.com/mikesvis/short/internal/server/handler.go:257.2,257.21 1 0
github.com/mikesvis/short/internal/server/handler.go:257.21,260.3 2 0
github.com/mikesvis/short/internal/server/handler.go:262.2,263.26 2 0
github.com/mikesvis/short/internal/server/handler.go:263.26,272.3 1 0
github.com/mikesvis/short/internal/server/handler.go:274.2,278.30 4 0
github.com/mikesvis/short/internal/server/handler.go:283.74,287.68 3 0
github.com/mikesvis/short/internal/server/handler.go:287.68,291.3 2 0
github.com/mikesvis/short/internal/server/handler.go:293.2,294.65 2 0
github.com/mikesvis/short/internal/server/handler.go:294.65,297.3 2 0
github.com/mikesvis/short/internal/server/handler.go:300.2,300.23 1 0
github.com/mikesvis/short/internal/server/handler.go:300.23,304.3 2 0
github.com/mikesvis/short/internal/server/handler.go:306.2,308.36 2 0
github.com/mikesvis/short/internal/server/server.go:13.85,17.37 3 0
github.com/mikesvis/short/internal/server/server.go:17.37,22.3 4 0
github.com/mikesvis/short/internal/server/server.go:24.2,24.34 1 0
github.com/mikesvis/short/internal/server/server.go:24.34,33.3 8 0
github.com/mikesvis/short/internal/server/server.go:35.2,35.10 1 0
github.com/mikesvis/short/internal/storage/storage.go:68.79,69.37 1 0
github.com/mikesvis/short/internal/storage/storage.go:69.37,71.17 2 0
github.com/mikesvis/short/internal/storage/storage.go:71.17,73.4 1 0
github.com/mikesvis/short/internal/storage/storage.go:75.3,76.17 2 0
github.com/mikesvis/short/internal/storage/storage.go:76.17,78.4 1 0
github.com/mikesvis/short/internal/storage/storage.go:80.3,80.58 1 0
github.com/mikesvis/short/internal/storage/storage.go:83.2,83.41 1 0
github.com/mikesvis/short/internal/storage/storage.go:83.41,85.3 1 0
github.com/mikesvis/short/internal/storage/storage.go:87.2,87.42 1 0
github.com/mikesvis/short/mocks/storage/mock_deleter.go:27.73,31.2 3 0
github.com/mikesvis/short/mocks/storage/mock_deleter.go:34.71,36.2 1 0
github.com/mikesvis/short/mocks/storage/mock_deleter.go:39.92,42.2 2 0
github.com/mikesvis/short/mocks/storage/mock_deleter.go:45.98,48.2 2 0
github.com/mikesvis/short/mocks/storage/mock_deleter.go:51.95,57.2 5 0
github.com/mikesvis/short/mocks/storage/mock_deleter.go:60.90,63.2 2 0
github.com/mikesvis/short/mocks/storage/mock_deleter.go:66.96,72.2 5 0
github.com/mikesvis/short/mocks/storage/mock_deleter.go:75.91,78.2 2 0
github.com/mikesvis/short/mocks/storage/mock_deleter.go:81.59,86.2 4 0
github.com/mikesvis/short/mocks/storage/mock_deleter.go:89.85,92.2 2 0
github.com/mikesvis/short/mocks/storage/mock_deleter.go:95.99,101.2 5 0
github.com/mikesvis/short/mocks/storage/mock_deleter.go:104.92,107.2 2 0
github.com/mikesvis/short/mocks/storage/mock_deleter.go:110.95,116.2 5 0
github.com/mikesvis/short/mocks/storage/mock_deleter.go:119.86,122.2 2 0
github.com/mikesvis/short/mocks/storage/mock_deleter.go:125.122,131.2 5 0
github.com/mikesvis/short/mocks/storage/mock_deleter.go:134.91,137.2 2 0
github.com/mikesvis/short/pkg/urlformat/urlformal.go:11.59,13.2 1 0
github.com/mikesvis/short/pkg/urlformat/urlformal.go:16.46,17.29 1 0
github.com/mikesvis/short/pkg/urlformat/urlformal.go:17.29,19.3 1 0
github.com/mikesvis/short/pkg/urlformat/urlformal.go:21.2,22.16 2 0
github.com/mikesvis/short/pkg/urlformat/urlformal.go:22.16,24.3 1 0
github.com/mikesvis/short/pkg/urlformat/urlformal.go:26.2,26.12 1 0
github.com/mikesvis/short/pkg/urlformat/urlformal.go:30.43,32.2 1 0
github.com/mikesvis/short/internal/drivers/postgres/postgres.go:40.77,42.16 2 0
github.com/mikesvis/short/internal/drivers/postgres/postgres.go:42.16,44.3 1 0
github.com/mikesvis/short/internal/drivers/postgres/postgres.go:46.2,46.35 1 0
github.com/mikesvis/short/internal/drivers/postgres/postgres.go:49.37,61.2 3 0
github.com/mikesvis/short/internal/drivers/postgres/postgres.go:65.81,69.16 3 0
github.com/mikesvis/short/internal/drivers/postgres/postgres.go:69.16,72.3 2 0
github.com/mikesvis/short/internal/drivers/postgres/postgres.go:73.2,84.16 4 0
github.com/mikesvis/short/internal/drivers/postgres/postgres.go:84.16,86.75 2 0
github.com/mikesvis/short/internal/drivers/postgres/postgres.go:86.75,90.4 2 0
github.com/mikesvis/short/internal/drivers/postgres/postgres.go:94.2,94.16 1 0
github.com/mikesvis/short/internal/drivers/postgres/postgres.go:94.16,96.3 1 0
github.com/mikesvis/short/internal/drivers/postgres/postgres.go:99.2,100.16 2 0
github.com/mikesvis/short/internal/drivers/postgres/postgres.go:100.16,103.3 2 0
github.com/mikesvis/short/internal/drivers/postgres/postgres.go:105.2,105.32 1 0
github.com/mikesvis/short/internal/drivers/postgres/postgres.go:109.87,114.16 3 0
github.com/mikesvis/short/internal/drivers/postgres/postgres.go:114.16,117.3 2 0
github.com/mikesvis/short/internal/drivers/postgres/postgres.go:118.2,124.38 5 0
github.com/mikesvis/short/internal/drivers/postgres/postgres.go:124.38,127.3 1 0
github.com/mikesvis/short/internal/drivers/postgres/postgres.go:129.2,129.16 1 0
github.com/mikesvis/short/internal/drivers/postgres/postgres.go:129.16,133.3 2 0
github.com/mikesvis/short/internal/drivers/postgres/postgres.go:135.2,135.98 1 0
github.com/mikesvis/short/internal/drivers/postgres/postgres.go:139.89,144.16 3 0
github.com/mikesvis/short/internal/drivers/postgres/postgres.go:144.16,147.3 2 0
github.com/mikesvis/short/internal/drivers/postgres/postgres.go:148.2,154.38 5 0
github.com/mikesvis/short/internal/drivers/postgres/postgres.go:154.38,157.3 1 0
github.com/mikesvis/short/internal/drivers/postgres/postgres.go:159.2,159.16 1 0
github.com/mikesvis/short/internal/drivers/postgres/postgres.go:159.16,163.3 2 0
github.com/mikesvis/short/internal/drivers/postgres/postgres.go:165.2,165.98 1 0
github.com/mikesvis/short/internal/drivers/postgres/postgres.go:169.52,171.2 1 0
github.com/mikesvis/short/internal/drivers/postgres/postgres.go:174.109,182.23 4 0
github.com/mikesvis/short/internal/drivers/postgres/postgres.go:182.23,186.3 3 0
github.com/mikesvis/short/internal/drivers/postgres/postgres.go:189.2,190.16 2 0
github.com/mikesvis/short/internal/drivers/postgres/postgres.go:190.16,193.3 2 0
github.com/mikesvis/short/internal/drivers/postgres/postgres.go:194.2,199.16 4 0
github.com/mikesvis/short/internal/drivers/postgres/postgres.go:199.16,202.3 2 0
github.com/mikesvis/short/internal/drivers/postgres/postgres.go:204.2,204.34 1 0
github.com/mikesvis/short/internal/drivers/postgres/postgres.go:204.34,214.3 2 0
github.com/mikesvis/short/internal/drivers/postgres/postgres.go:217.2,217.23 1 0
github.com/mikesvis/short/internal/drivers/postgres/postgres.go:217.23,219.3 1 0
github.com/mikesvis/short/internal/drivers/postgres/postgres.go:222.2,223.28 2 0
github.com/mikesvis/short/internal/drivers/postgres/postgres.go:223.28,231.3 1 0
github.com/mikesvis/short/internal/drivers/postgres/postgres.go:234.2,237.16 4 0
github.com/mikesvis/short/internal/drivers/postgres/postgres.go:237.16,240.3 2 0
github.com/mikesvis/short/internal/drivers/postgres/postgres.go:242.2,243.16 2 0
github.com/mikesvis/short/internal/drivers/postgres/postgres.go:243.16,246.3 2 0
github.com/mikesvis/short/internal/drivers/postgres/postgres.go:248.2,248.16 1 0
github.com/mikesvis/short/internal/drivers/postgres/postgres.go:252.34,254.2 1 0
github.com/mikesvis/short/internal/drivers/postgres/postgres.go:257.90,258.22 1 0
github.com/mikesvis/short/internal/drivers/postgres/postgres.go:258.22,260.3 1 0
github.com/mikesvis/short/internal/drivers/postgres/postgres.go:262.2,263.16 2 0
github.com/mikesvis/short/internal/drivers/postgres/postgres.go:263.16,266.3 2 0
github.com/mikesvis/short/internal/drivers/postgres/postgres.go:267.2,269.30 2 0
github.com/mikesvis/short/internal/drivers/postgres/postgres.go:273.73,276.18 3 0
github.com/mikesvis/short/internal/drivers/postgres/postgres.go:276.18,278.17 2 0
github.com/mikesvis/short/internal/drivers/postgres/postgres.go:278.17,281.4 2 0
github.com/mikesvis/short/internal/drivers/postgres/postgres.go:283.3,288.5 1 0
github.com/mikesvis/short/internal/drivers/postgres/postgres.go:291.2,292.16 2 0
github.com/mikesvis/short/internal/drivers/postgres/postgres.go:292.16,295.3 2 0
github.com/mikesvis/short/internal/drivers/postgres/postgres.go:297.2,297.20 1 0
github.com/mikesvis/short/internal/drivers/postgres/postgres.go:301.83,306.2 4 0
github.com/mikesvis/short/internal/drivers/postgres/postgres.go:310.102,313.12 2 0
github.com/mikesvis/short/internal/drivers/postgres/postgres.go:313.12,315.30 2 0
github.com/mikesvis/short/internal/drivers/postgres/postgres.go:315.30,320.11 2 0
github.com/mikesvis/short/internal/drivers/postgres/postgres.go:321.22,322.11 1 0
github.com/mikesvis/short/internal/drivers/postgres/postgres.go:323.25,323.25 0 0
github.com/mikesvis/short/internal/drivers/postgres/postgres.go:328.2,328.16 1 0
github.com/mikesvis/short/internal/drivers/postgres/postgres.go:333.91,337.34 3 0
github.com/mikesvis/short/internal/drivers/postgres/postgres.go:337.34,340.3 2 0
github.com/mikesvis/short/internal/drivers/postgres/postgres.go:342.2,342.17 1 0
github.com/mikesvis/short/internal/drivers/postgres/postgres.go:346.93,348.12 2 0
github.com/mikesvis/short/internal/drivers/postgres/postgres.go:348.12,351.29 2 0
github.com/mikesvis/short/internal/drivers/postgres/postgres.go:351.29,356.18 4 0
github.com/mikesvis/short/internal/drivers/postgres/postgres.go:356.18,358.13 2 0
github.com/mikesvis/short/internal/drivers/postgres/postgres.go:361.4,361.11 1 0
github.com/mikesvis/short/internal/drivers/postgres/postgres.go:362.22,363.11 1 0
github.com/mikesvis/short/internal/drivers/postgres/postgres.go:364.27,364.27 0 0
github.com/mikesvis/short/internal/drivers/postgres/postgres.go:369.2,369.20 1 0
github.com/mikesvis/short/internal/drivers/postgres/postgres.go:374.85,379.31 3 0
github.com/mikesvis/short/internal/drivers/postgres/postgres.go:379.31,384.13 3 0
github.com/mikesvis/short/internal/drivers/postgres/postgres.go:384.13,387.32 2 0
github.com/mikesvis/short/internal/drivers/postgres/postgres.go:387.32,388.12 1 0
github.com/mikesvis/short/internal/drivers/postgres/postgres.go:389.23,390.12 1 0
github.com/mikesvis/short/internal/drivers/postgres/postgres.go:391.26,391.26 0 0
github.com/mikesvis/short/internal/drivers/postgres/postgres.go:397.2,397.12 1 0
github.com/mikesvis/short/internal/drivers/postgres/postgres.go:397.12,400.3 2 0
github.com/mikesvis/short/internal/drivers/postgres/postgres.go:402.2,402.16 1 0
github.com/mikesvis/short/internal/drivers/postgres/postgres.go:406.79,408.34 2 0
github.com/mikesvis/short/internal/drivers/postgres/postgres.go:408.34,410.3 1 0
github.com/mikesvis/short/internal/drivers/postgres/postgres.go:412.2,412.27 1 0
github.com/mikesvis/short/internal/drivers/postgres/postgres.go:412.27,414.3 1 0
github.com/mikesvis/short/internal/drivers/postgres/postgres.go:417.2,418.16 2 0
github.com/mikesvis/short/internal/drivers/postgres/postgres.go:418.16,421.3 2 0
github.com/mikesvis/short/internal/drivers/postgres/postgres.go:422.2,426.16 3 0
github.com/mikesvis/short/internal/drivers/postgres/postgres.go:426.16,429.3 2 0
github.com/mikesvis/short/internal/drivers/postgres/postgres.go:433.46,435.2 1 0
github.com/mikesvis/short/cmd/shortener/main.go:17.37,18.17 1 0
github.com/mikesvis/short/cmd/shortener/main.go:18.17,20.3 1 0
github.com/mikesvis/short/cmd/shortener/main.go:21.2,21.14 1 0
github.com/mikesvis/short/cmd/shortener/main.go:24.25,29.2 1 0
github.com/mikesvis/short/cmd/shortener/main.go:31.13,38.2 4 0
github.com/mikesvis/short/cmd/staticlint/main.go:20.13,36.2 6 0
github.com/mikesvis/short/cmd/staticlint/main.go:38.53,40.42 2 0
github.com/mikesvis/short/cmd/staticlint/main.go:40.42,42.3 1 0
github.com/mikesvis/short/cmd/staticlint/main.go:43.2,43.37 1 0
github.com/mikesvis/short/cmd/staticlint/main.go:43.37,45.3 1 0
github.com/mikesvis/short/cmd/staticlint/main.go:47.2,47.15 1 0
github.com/mikesvis/short/cmd/staticlint/main.go:57.48,59.9 2 0
github.com/mikesvis/short/cmd/staticlint/main.go:59.9,61.3 1 0
github.com/mikesvis/short/cmd/staticlint/main.go:62.2,62.32 1 0
github.com/mikesvis/short/cmd/staticlint/main.go:62.32,64.3 1 0
github.com/mikesvis/short/cmd/staticlint/main.go:65.2,66.9 2 0
github.com/mikesvis/short/cmd/staticlint/main.go:66.9,68.3 1 0
github.com/mikesvis/short/cmd/staticlint/main.go:69.2,69.30 1 0
github.com/mikesvis/short/cmd/staticlint/main.go:72.52,73.31 1 0
github.com/mikesvis/short/cmd/staticlint/main.go:73.31,75.3 1 0
github.com/mikesvis/short/cmd/staticlint/main.go:77.2,77.34 1 0
github.com/mikesvis/short/cmd/staticlint/main.go:77.34,80.43 2 0
github.com/mikesvis/short/cmd/staticlint/main.go:80.43,81.25 1 0
github.com/mikesvis/short/cmd/staticlint/main.go:82.23,83.39 1 0
github.com/mikesvis/short/cmd/staticlint/main.go:84.23,85.38 1 0
github.com/mikesvis/short/cmd/staticlint/main.go:85.38,88.6 2 0
github.com/mikesvis/short/cmd/staticlint/main.go:90.4,90.15 1 0
github.com/mikesvis/short/cmd/staticlint/main.go:93.2,93.17 1 0
github.com/mikesvis/short/internal/app/app.go:26.38,28.16 2 0
github.com/mikesvis/short/internal/app/app.go:28.16,29.13 1 0
github.com/mikesvis/short/internal/app/app.go:32.2,33.16 2 0
github.com/mikesvis/short/internal/app/app.go:33.16,34.13 1 0
github.com/mikesvis/short/internal/app/app.go:37.2,55.3 3 0
github.com/mikesvis/short/internal/app/app.go:59.27,61.64 2 0
github.com/mikesvis/short/internal/app/app.go:61.64,63.3 1 0
github.com/mikesvis/short/internal/app/app.go:64.2,64.86 1 0
github.com/mikesvis/short/internal/app/app.go:64.86,67.3 2 0
github.com/mikesvis/short/internal/app/app.go:69.2,69.12 1 0
github.com/mikesvis/short/internal/config/config.go:25.26,32.2 4 1
github.com/mikesvis/short/internal/config/config.go:34.28,40.2 5 1
github.com/mikesvis/short/internal/drivers/filedb/filedb.go:32.68,36.2 2 0
github.com/mikesvis/short/internal/drivers/filedb/filedb.go:40.79,42.16 2 0
github.com/mikesvis/short/internal/drivers/filedb/filedb.go:42.16,44.3 1 0
github.com/mikesvis/short/internal/drivers/filedb/filedb.go:46.2,46.27 1 0
github.com/mikesvis/short/internal/drivers/filedb/filedb.go:46.27,48.3 1 0
github.com/mikesvis/short/internal/drivers/filedb/filedb.go:50.2,51.16 2 0
github.com/mikesvis/short/internal/drivers/filedb/filedb.go:51.16,53.3 1 0
github.com/mikesvis/short/internal/drivers/filedb/filedb.go:54.2,65.46 4 0
github.com/mikesvis/short/internal/drivers/filedb/filedb.go:65.46,67.3 1 0
github.com/mikesvis/short/internal/drivers/filedb/filedb.go:69.2,69.15 1 0
github.com/mikesvis/short/internal/drivers/filedb/filedb.go:73.85,75.16 2 0
github.com/mikesvis/short/internal/drivers/filedb/filedb.go:75.16,77.3 1 0
github.com/mikesvis/short/internal/drivers/filedb/filedb.go:78.2,82.6 3 0
github.com/mikesvis/short/internal/drivers/filedb/filedb.go:82.6,84.47 2 0
github.com/mikesvis/short/internal/drivers/filedb/filedb.go:84.47,85.9 1 0
github.com/mikesvis/short/internal/drivers/filedb/filedb.go:86.9,86.24 1 0
github.com/mikesvis/short/internal/drivers/filedb/filedb.go:86.24,88.4 1 0
github.com/mikesvis/short/internal/drivers/filedb/filedb.go:90.3,90.31 1 0
github.com/mikesvis/short/internal/drivers/filedb/filedb.go:90.31,91.12 1 0
github.com/mikesvis/short/internal/drivers/filedb/filedb.go:94.3,99.9 1 0
github.com/mikesvis/short/internal/drivers/filedb/filedb.go:102.2,102.26 1 0
github.com/mikesvis/short/internal/drivers/filedb/filedb.go:106.87,108.16 2 0
github.com/mikesvis/short/internal/drivers/filedb/filedb.go:108.16,110.3 1 0
github.com/mikesvis/short/internal/drivers/filedb/filedb.go:111.2,115.6 3 0
github.com/mikesvis/short/internal/drivers/filedb/filedb.go:115.6,117.47 2 0
github.com/mikesvis/short/internal/drivers/filedb/filedb.go:117.47,118.9 1 0
github.com/mikesvis/short/internal/drivers/filedb/filedb.go:119.9,119.24 1 0
github.com/mikesvis/short/internal/drivers/filedb/filedb.go:119.24,121.4 1 0
github.com/mikesvis/short/internal/drivers/filedb/filedb.go:123.3,123.29 1 0
github.com/mikesvis/short/internal/drivers/filedb/filedb.go:123.29,124.12 1 0
github.com/mikesvis/short/internal/drivers/filedb/filedb.go:127.3,132.9 1 0
github.com/mikesvis/short/internal/drivers/filedb/filedb.go:135.2,135.26 1 0
github.com/mikesvis/short/internal/drivers/filedb/filedb.go:139.50,143.2 2 0
github.com/mikesvis/short/internal/drivers/filedb/filedb.go:146.107,150.23 2 0
github.com/mikesvis/short/internal/drivers/filedb/filedb.go:150.23,152.3 1 0
github.com/mikesvis/short/internal/drivers/filedb/filedb.go:155.2,156.16 2 0
github.com/mikesvis/short/internal/drivers/filedb/filedb.go:156.16,158.3 1 0
github.com/mikesvis/short/internal/drivers/filedb/filedb.go:159.2,162.6 3 0
github.com/mikesvis/short/internal/drivers/filedb/filedb.go:162.6,165.46 2 0
github.com/mikesvis/short/internal/drivers/filedb/filedb.go:165.46,166.9 1 0
github.com/mikesvis/short/internal/drivers/filedb/filedb.go:167.9,167.24 1 0
github.com/mikesvis/short/internal/drivers/filedb/filedb.go:167.24,169.4 1 0
github.com/mikesvis/short/internal/drivers/filedb/filedb.go:171.3,172.13 2 0
github.com/mikesvis/short/internal/drivers/filedb/filedb.go:172.13,182.4 2 0
github.com/mikesvis/short/internal/drivers/filedb/filedb.go:185.3,185.28 1 0
github.com/mikesvis/short/internal/drivers/filedb/filedb.go:185.28,186.9 1 0
github.com/mikesvis/short/internal/drivers/filedb/filedb.go:191.2,191.27 1 0
github.com/mikesvis/short/internal/drivers/filedb/filedb.go:191.27,193.3 1 0
github.com/mikesvis/short/internal/drivers/filedb/filedb.go:196.2,197.16 2 0
github.com/mikesvis/short/internal/drivers/filedb/filedb.go:197.16,199.3 1 0
github.com/mikesvis/short/internal/drivers/filedb/filedb.go:200.2,205.32 3 0
github.com/mikesvis/short/internal/drivers/filedb/filedb.go:205.32,215.47 2 0
github.com/mikesvis/short/internal/drivers/filedb/filedb.go:215.47,217.4 1 0
github.com/mikesvis/short/internal/drivers/filedb/filedb.go:220.2,220.16 1 0
github.com/mikesvis/short/internal/drivers/filedb/filedb.go:224.88,226.16 2 0
github.com/mikesvis/short/internal/drivers/filedb/filedb.go:226.16,228.3 1 0
github.com/mikesvis/short/internal/drivers/filedb/filedb.go:229.2,234.6 4 0
github.com/mikesvis/short/internal/drivers/filedb/filedb.go:234.6,236.47 2 0
github.com/mikesvis/short/internal/drivers/filedb/filedb.go:236.47,237.9 1 0
github.com/mikesvis/short/internal/drivers/filedb/filedb.go:238.9,238.24 1 0
github.com/mikesvis/short/internal/drivers/filedb/filedb.go:238.24,240.4 1 0
github.com/mikesvis/short/internal/drivers/filedb/filedb.go:242.3,242.25 1 0
github.com/mikesvis/short/internal/drivers/filedb/filedb.go:242.25,243.12 1 0
github.com/mikesvis/short/internal/drivers/filedb/filedb.go:246.3,250.5 1 0
github.com/mikesvis/short/internal/drivers/filedb/filedb.go:253.2,253.20 1 0
github.com/mikesvis/short/internal/drivers/filedb/filedb.go:256.44,258.2 1 0
github.com/mikesvis/short/internal/drivers/inmemory/inmemory.go:21.55,24.2 2 0
github.com/mikesvis/short/internal/drivers/inmemory/inmemory.go:28.81,29.28 1 0
github.com/mikesvis/short/internal/drivers/inmemory/inmemory.go:29.28,30.23 1 0
github.com/mikesvis/short/internal/drivers/inmemory/inmemory.go:30.23,32.4 1 0
github.com/mikesvis/short/internal/drivers/inmemory/inmemory.go:34.2,35.15 2 0
github.com/mikesvis/short/internal/drivers/inmemory/inmemory.go:39.87,40.28 1 0
github.com/mikesvis/short/internal/drivers/inmemory/inmemory.go:40.28,41.32 1 0
github.com/mikesvis/short/internal/drivers/inmemory/inmemory.go:41.32,42.12 1 0
github.com/mikesvis/short/internal/drivers/inmemory/inmemory.go:45.3,45.16 1 0
github.com/mikesvis/short/internal/drivers/inmemory/inmemory.go:48.2,48.26 1 0
github.com/mikesvis/short/internal/drivers/inmemory/inmemory.go:52.89,53.28 1 0
github.com/mikesvis/short/internal/drivers/inmemory/inmemory.go:53.28,54.34 1 0
github.com/mikesvis/short/internal/drivers/inmemory/inmemory.go:54.34,55.12 1 0
github.com/mikesvis/short/internal/drivers/inmemory/inmemory.go:58.3,58.16 1 0
github.com/mikesvis/short/internal/drivers/inmemory/inmemory.go:61.2,61.26 1 0
github.com/mikesvis/short/internal/drivers/inmemory/inmemory.go:65.109,69.23 2 0
github.com/mikesvis/short/internal/drivers/inmemory/inmemory.go:69.23,71.3 1 0
github.com/mikesvis/short/internal/drivers/inmemory/inmemory.go:74.2,74.28 1 0
github.com/mikesvis/short/internal/drivers/inmemory/inmemory.go:74.28,76.13 2 0
github.com/mikesvis/short/internal/drivers/inmemory/inmemory.go:76.13,86.4 2 0
github.com/mikesvis/short/internal/drivers/inmemory/inmemory.go:89.3,89.28 1 0
github.com/mikesvis/short/internal/drivers/inmemory/inmemory.go:89.28,90.9 1 0
github.com/mikesvis/short/internal/drivers/inmemory/inmemory.go:95.2,95.27 1 0
github.com/mikesvis/short/internal/drivers/inmemory/inmemory.go:95.27,97.3 1 0
github.com/mikesvis/short/internal/drivers/inmemory/inmemory.go:100.2,100.32 1 0
github.com/mikesvis/short/internal/drivers/inmemory/inmemory.go:100.32,102.3 1 0
github.com/mikesvis/short/internal/drivers/inmemory/inmemory.go:104.2,104.16 1 0
github.com/mikesvis/short/internal/drivers/inmemory/inmemory.go:108.90,110.28 2 0
github.com/mikesvis/short/internal/drivers/inmemory/inmemory.go:110.28,111.25 1 0
github.com/mikesvis/short/internal/drivers/inmemory/inmemory.go:111.25,112.12 1 0
github.com/mikesvis/short/internal/drivers/inmemory/inmemory.go:115.3,115.29 1 0
github.com/mikesvis/short/internal/drivers/inmemory/inmemory.go:118.2,118.20 1 0
github.com/mikesvis/short/internal/drivers/inmemory/inmemory.go:122.46,124.2 1 0
github.com/mikesvis/short/internal/drivers/postgres/postgres.go:40.77,42.16 2 0
github.com/mikesvis/short/internal/drivers/postgres/postgres.go:42.16,44.3 1 0
github.com/mikesvis/short/internal/drivers/postgres/postgres.go:46.2,46.35 1 0
github.com/mikesvis/short/internal/drivers/postgres/postgres.go:49.37,61.2 3 0
github.com/mikesvis/short/internal/drivers/postgres/postgres.go:65.81,69.16 3 0
github.com/mikesvis/short/internal/drivers/postgres/postgres.go:69.16,72.3 2 0
github.com/mikesvis/short/internal/drivers/postgres/postgres.go:73.2,84.16 4 0
github.com/mikesvis/short/internal/drivers/postgres/postgres.go:84.16,86.75 2 0
github.com/mikesvis/short/internal/drivers/postgres/postgres.go:86.75,90.4 2 0
github.com/mikesvis/short/internal/drivers/postgres/postgres.go:94.2,94.16 1 0
github.com/mikesvis/short/internal/drivers/postgres/postgres.go:94.16,96.3 1 0
github.com/mikesvis/short/internal/drivers/postgres/postgres.go:99.2,100.16 2 0
github.com/mikesvis/short/internal/drivers/postgres/postgres.go:100.16,103.3 2 0
github.com/mikesvis/short/internal/drivers/postgres/postgres.go:105.2,105.32 1 0
github.com/mikesvis/short/internal/drivers/postgres/postgres.go:109.87,114.16 3 0
github.com/mikesvis/short/internal/drivers/postgres/postgres.go:114.16,117.3 2 0
github.com/mikesvis/short/internal/drivers/postgres/postgres.go:118.2,124.38 5 0
github.com/mikesvis/short/internal/drivers/postgres/postgres.go:124.38,127.3 1 0
github.com/mikesvis/short/internal/drivers/postgres/postgres.go:129.2,129.16 1 0
github.com/mikesvis/short/internal/drivers/postgres/postgres.go:129.16,133.3 2 0
github.com/mikesvis/short/internal/drivers/postgres/postgres.go:135.2,135.98 1 0
github.com/mikesvis/short/internal/drivers/postgres/postgres.go:139.89,144.16 3 0
github.com/mikesvis/short/internal/drivers/postgres/postgres.go:144.16,147.3 2 0
github.com/mikesvis/short/internal/drivers/postgres/postgres.go:148.2,154.38 5 0
[...]
github.com/mikesvis/short/internal/drivers/inmemory/inmemory.go:108.90,110.28 2 1
github.com/mikesvis/short/internal/drivers/inmemory/inmemory.go:110.28,111.25 1 1
github.com/mikesvis/short/internal/drivers/inmemory/inmemory.go:111.25,112.12 1 1
github.com/mikesvis/short/internal/drivers/inmemory/inmemory.go:115.3,115.29 1 1
github.com/mikesvis/short/internal/drivers/inmemory/inmemory.go:118.2,118.20 1 1
github.com/mikesvis/short/internal/drivers/inmemory/inmemory.go:122.46,124.2 1 1
github.com/mikesvis/short/internal/drivers/postgres/postgres.go:40.77,42.16 2 1
github.com/mikesvis/short/internal/drivers/postgres/postgres.go:42.16,44.3 1 1
github.com/mikesvis/short/internal/drivers/postgres/postgres.go:46.2,46.35 1 0
github.com/mikesvis/short/internal/drivers/postgres/postgres.go:49.37,61.2 3 1
github.com/mikesvis/short/internal/drivers/postgres/postgres.go:65.81,69.16 3 0
github.com/mikesvis/short/internal/drivers/postgres/postgres.go:69.16,72.3 2 0
github.com/mikesvis/short/internal/drivers/postgres/postgres.go:73.2,84.16 4 0
github.com/mikesvis/short/internal/drivers/postgres/postgres.go:84.16,86.75 2 0
github.com/mikesvis/short/internal/drivers/postgres/postgres.go:86.75,90.4 2 0
github.com/mikesvis/short/internal/drivers/postgres/postgres.go:94.2,94.16 1 0
github.com/mikesvis/short/internal/drivers/postgres/postgres.go:94.16,96.3 1 0
github.com/mikesvis/short/internal/drivers/postgres/postgres.go:99.2,100.16 2 0
github.com/mikesvis/short/internal/drivers/postgres/postgres.go:100.16,103.3 2 0
github.com/mikesvis/short/internal/drivers/postgres/postgres.go:105.2,105.32 1 0
github.com/mikesvis/short/internal/drivers/postgres/postgres.go:109.87,114.16 3 0
github.com/mikesvis/short/internal/drivers/postgres/postgres.go:114.16,117.3 2 0
github.com/mikesvis/short/internal/drivers/postgres/postgres.go:118.2,124.38 5 0
github.com/mikesvis/short/internal/drivers/postgres/postgres.go:124.38,127.3 1 0
github.com/mikesvis/short/internal/drivers/postgres/postgres.go:129.2,129.16 1 0
github.com/mikesvis/short/internal/drivers/postgres/postgres.go:129.16,133.3 2 0
github.com/mikesvis/short/internal/drivers/postgres/postgres.go:135.2,135.98 1 0
github.com/mikesvis/short/internal/drivers/postgres/postgres.go:139.89,144.16 3 0
github.com/mikesvis/short/internal/drivers/postgres/postgres.go:144.16,147.3 2 0
github.com/mikesvis/short/internal/drivers/postgres/postgres.go:148.2,154.38 5 0
github.com/mikesvis/short/internal/drivers/postgres/postgres.go:154.38,157.3 1 0
github.com/mikesvis/short/internal/drivers/postgres/postgres.go:159.2,159.16 1 0
github.com/mikesvis/short/internal/drivers/postgres/postgres.go:159.16,163.3 2 0
github.com/mikesvis/short/internal/drivers/postgres/postgres.go:165.2,165.98 1 0
github.com/mikesvis/short/internal/drivers/postgres/postgres.go:169.52,171.2 1 0
github.com/mikesvis/short/internal/drivers/postgres/postgres.go:174.109,182.23 4 0
github.com/mikesvis/short/internal/drivers/postgres/postgres.go:182.23,186.3 3 0
github.com/mikesvis/short/internal/drivers/postgres/postgres.go:189.2,190.16 2 0
github.com/mikesvis/short/internal/drivers/postgres/postgres.go:190.16,193.3 2 0
github.com/mikesvis/short/internal/drivers/postgres/postgres.go:194.2,199.16 4 0
github.com/mikesvis/short/internal/drivers/postgres/postgres.go:199.16,202.3 2 0
github.com/mikesvis/short/internal/drivers/postgres/postgres.go:204.2,204.34 1 0
github.com/mikesvis/short/internal/drivers/postgres/postgres.go:204.34,214.3 2 0
github.com/mikesvis/short/internal/drivers/postgres/postgres.go:217.2,217.23 1 0
github.com/mikesvis/short/internal/drivers/postgres/postgres.go:217.23,219.3 1 0
github.com/mikesvis/short/internal/drivers/postgres/postgres.go:222.2,223.28 2 0
github.com/mikesvis/short/internal/drivers/postgres/postgres.go:223.28,231.3 1 0
github.com/mikesvis/short/internal/drivers/postgres/postgres.go:234.2,237.16 4 0
github.com/mikesvis/short/internal/drivers/postgres/postgres.go:237.16,240.3 2 0
github.com/mikesvis/short/internal/drivers/postgres/postgres.go:242.2,243.16 2 0
github.com/mikesvis/short/internal/drivers/postgres/postgres.go:243.16,246.3 2 0
github.com/mikesvis/short/internal/drivers/postgres/postgres.go:248.2,248.16 1 0
github.com/mikesvis/short/internal/drivers/postgres/postgres.go:252.34,254.2 1 0
github.com/mikesvis/short/internal/drivers/postgres/postgres.go:257.90,258.22 1 0
github.com/mikesvis/short/internal/drivers/postgres/postgres.go:258.22,260.3 1 0
github.com/mikesvis/short/internal/drivers/postgres/postgres.go:262.2,263.16 2 0
github.com/mikesvis/short/internal/drivers/postgres/postgres.go:263.16,266.3 2 0
github.com/mikesvis/short/internal/drivers/postgres/postgres.go:267.2,269.30 2 0
github.com/mikesvis/short/internal/drivers/postgres/postgres.go:273.73,276.18 3 0
github.com/mikesvis/short/internal/drivers/postgres/postgres.go:276.18,278.17 2 0
github.com/mikesvis/short/internal/drivers/postgres/postgres.go:278.17,281.4 2 0
github.com/mikesvis/short/internal/drivers/postgres/postgres.go:283.3,288.5 1 0
github.com/mikesvis/short/internal/drivers/postgres/postgres.go:291.2,292.16 2 0
github.com/mikesvis/short/internal/drivers/postgres/postgres.go:292.16,295.3 2 0
github.com/mikesvis/short/internal/drivers/postgres/postgres.go:297.2,297.20 1 0
github.com/mikesvis/short/internal/drivers/postgres/postgres.go:301.83,306.2 4 0
github.com/mikesvis/short/internal/drivers/postgres/postgres.go:310.102,313.12 2 0
github.com/mikesvis/short/internal/drivers/postgres/postgres.go:313.12,315.30 2 0
github.com/mikesvis/short/internal/drivers/postgres/postgres.go:315.30,320.11 2 0
github.com/mikesvis/short/internal/drivers/postgres/postgres.go:321.22,322.11 1 0
github.com/mikesvis/short/internal/drivers/postgres/postgres.go:323.25,323.25 0 0
github.com/mikesvis/short/internal/drivers/postgres/postgres.go:328.2,328.16 1 0
github.com/mikesvis/short/internal/drivers/postgres/postgres.go:333.91,337.34 3 0
github.com/mikesvis/short/internal/drivers/postgres/postgres.go:337.34,340.3 2 0
github.com/mikesvis/short/internal/drivers/postgres/postgres.go:342.2,342.17 1 0
github.com/mikesvis/short/internal/drivers/postgres/postgres.go:346.93,348.12 2 0
github.com/mikesvis/short/internal/drivers/postgres/postgres.go:348.12,351.29 2 0
github.com/mikesvis/short/internal/drivers/postgres/postgres.go:351.29,356.18 4 0
github.com/mikesvis/short/internal/drivers/postgres/postgres.go:356.18,358.13 2 0
github.com/mikesvis/short/internal/drivers/postgres/postgres.go:361.4,361.11 1 0
github.com/mikesvis/short/internal/drivers/postgres/postgres.go:362.22,363.11 1 0
github.com/mikesvis/short/internal/drivers/postgres/postgres.go:364.27,364.27 0 0
github.com/mikesvis/short/internal/drivers/postgres/postgres.go:369.2,369.20 1 0
github.com/mikesvis/short/internal/drivers/postgres/postgres.go:374.85,379.31 3 0
github.com/mikesvis/short/internal/drivers/postgres/postgres.go:379.31,384.13 3 0
github.com/mikesvis/short/internal/drivers/postgres/postgres.go:384.13,387.32 2 0
github.com/mikesvis/short/internal/drivers/postgres/postgres.go:387.32,388.12 1 0
github.com/mikesvis/short/internal/drivers/postgres/postgres.go:389.23,390.12 1 0
github.com/mikesvis/short/internal/drivers/postgres/postgres.go:391.26,391.26 0 0
github.com/mikesvis/short/internal/drivers/postgres/postgres.go:397.2,397.12 1 0
github.com/mikesvis/short/internal/drivers/postgres/postgres.go:397.12,400.3 2 0
github.com/mikesvis/short/internal/drivers/postgres/postgres.go:402.2,402.16 1 0
github.com/mikesvis/short/internal/drivers/postgres/postgres.go:406.79,408.34 2 0
github.com/mikesvis/short/internal/drivers/postgres/postgres.go:408.34,410.3 1 0
github.com/mikesvis/short/internal/drivers/postgres/postgres.go:412.2,412.27 1 0
github.com/mikesvis/short/internal/drivers/postgres/postgres.go:412.27,414.3 1 0
github.com/mikesvis/short/internal/drivers/postgres/postgres.go:417.2,418.16 2 0
github.com/mikesvis/short/internal/drivers/postgres/postgres.go:418.16,421.3 2 0
github.com/mikesvis/short/internal/drivers/postgres/postgres.go:422.2,426.16 3 0
github.com/mikesvis/short/internal/drivers/postgres/postgres.go:426.16,429.3 2 0
github.com/mikesvis/short/internal/drivers/postgres/postgres.go:433.46,435.2 1 0
github.com/mikesvis/short/internal/jwt/jwt.go:28.67,31.95 2 1
github.com/mikesvis/short/internal/jwt/jwt.go:31.95,33.3 1 1
github.com/mikesvis/short/internal/jwt/jwt.go:36.2,36.31 1 1
github.com/mikesvis/short/internal/jwt/jwt.go:36.31,38.30 1 1
github.com/mikesvis/short/internal/jwt/jwt.go:38.30,40.4 1 0
github.com/mikesvis/short/internal/jwt/jwt.go:42.3,42.28 1 1
github.com/mikesvis/short/internal/jwt/jwt.go:45.2,45.32 1 0
github.com/mikesvis/short/internal/jwt/jwt.go:45.32,47.3 1 0
github.com/mikesvis/short/internal/jwt/jwt.go:49.2,49.16 1 0
github.com/mikesvis/short/internal/jwt/jwt.go:53.70,62.16 4 1
github.com/mikesvis/short/internal/jwt/jwt.go:62.16,64.3 1 0
github.com/mikesvis/short/internal/jwt/jwt.go:66.2,66.25 1 1
github.com/mikesvis/short/internal/keygen/keygen.go:14.32,17.19 2 1
github.com/mikesvis/short/internal/keygen/keygen.go:17.19,19.3 1 1
github.com/mikesvis/short/internal/keygen/keygen.go:21.2,21.18 1 1
github.com/mikesvis/short/internal/logger/logger.go:9.46,11.16 2 1
github.com/mikesvis/short/internal/logger/logger.go:11.16,13.3 1 0
github.com/mikesvis/short/internal/logger/logger.go:14.2,16.28 2 1
github.com/mikesvis/short/internal/middleware/auth.go:18.45,19.71 1 1
github.com/mikesvis/short/internal/middleware/auth.go:19.71,21.55 2 1
github.com/mikesvis/short/internal/middleware/auth.go:21.55,24.4 2 0
github.com/mikesvis/short/internal/middleware/auth.go:27.3,27.17 1 1
github.com/mikesvis/short/internal/middleware/auth.go:27.17,33.18 4 1
github.com/mikesvis/short/internal/middleware/auth.go:33.18,37.5 3 1
github.com/mikesvis/short/internal/middleware/auth.go:40.4,40.46 1 0
github.com/mikesvis/short/internal/middleware/auth.go:40.46,43.5 2 0
github.com/mikesvis/short/internal/middleware/auth.go:46.4,46.50 1 0
github.com/mikesvis/short/internal/middleware/auth.go:46.50,49.5 2 0
github.com/mikesvis/short/internal/middleware/auth.go:53.3,56.17 4 1
github.com/mikesvis/short/internal/middleware/auth.go:56.17,59.4 2 0
github.com/mikesvis/short/internal/middleware/auth.go:61.3,64.40 3 1
github.com/mikesvis/short/internal/middleware/auth.go:69.71,76.2 1 1
github.com/mikesvis/short/internal/middleware/auth.go:79.43,80.71 1 1
github.com/mikesvis/short/internal/middleware/auth.go:80.71,83.17 2 1
github.com/mikesvis/short/internal/middleware/auth.go:83.17,86.4 2 1
github.com/mikesvis/short/internal/middleware/auth.go:88.3,92.60 3 1
github.com/mikesvis/short/internal/middleware/auth.go:92.60,95.4 2 0
github.com/mikesvis/short/internal/middleware/auth.go:98.3,98.59 1 1
github.com/mikesvis/short/internal/middleware/auth.go:98.59,101.4 2 0
github.com/mikesvis/short/internal/middleware/auth.go:104.3,104.17 1 1
github.com/mikesvis/short/internal/middleware/auth.go:104.17,107.4 2 0
github.com/mikesvis/short/internal/middleware/auth.go:109.3,110.40 2 1
github.com/mikesvis/short/internal/middleware/auth.go:114.74,116.2 1 1
github.com/mikesvis/short/internal/middleware/compressor.go:16.63,21.2 1 0
github.com/mikesvis/short/internal/middleware/compressor.go:24.47,26.2 1 0
github.com/mikesvis/short/internal/middleware/compressor.go:29.55,31.2 1 0
github.com/mikesvis/short/internal/middleware/compressor.go:34.54,37.2 2 0
github.com/mikesvis/short/internal/middleware/compressor.go:40.40,42.2 1 0
github.com/mikesvis/short/internal/middleware/compressor.go:49.66,51.16 2 0
github.com/mikesvis/short/internal/middleware/compressor.go:51.16,53.3 1 0
github.com/mikesvis/short/internal/middleware/compressor.go:55.2,58.8 1 0
github.com/mikesvis/short/internal/middleware/compressor.go:62.59,64.2 1 0
github.com/mikesvis/short/internal/middleware/compressor.go:67.40,68.36 1 0
github.com/mikesvis/short/internal/middleware/compressor.go:68.36,70.3 1 0
github.com/mikesvis/short/internal/middleware/compressor.go:71.2,71.21 1 0
github.com/mikesvis/short/internal/middleware/compressor.go:75.79,76.46 1 0
github.com/mikesvis/short/internal/middleware/compressor.go:76.46,77.54 1 0
github.com/mikesvis/short/internal/middleware/compressor.go:77.54,81.43 3 0
github.com/mikesvis/short/internal/middleware/compressor.go:81.43,82.41 1 0
github.com/mikesvis/short/internal/middleware/compressor.go:82.41,84.11 2 0
github.com/mikesvis/short/internal/middleware/compressor.go:88.4,88.24 1 0
github.com/mikesvis/short/internal/middleware/compressor.go:88.24,91.5 2 0
github.com/mikesvis/short/internal/middleware/compressor.go:93.4,98.20 4 0
github.com/mikesvis/short/internal/middleware/compressor.go:98.20,102.5 3 0
github.com/mikesvis/short/internal/middleware/compressor.go:105.4,107.17 3 0
github.com/mikesvis/short/internal/middleware/compressor.go:107.17,109.19 2 0
github.com/mikesvis/short/internal/middleware/compressor.go:109.19,112.6 2 0
github.com/mikesvis/short/internal/middleware/compressor.go:113.5,114.21 2 0
github.com/mikesvis/short/internal/middleware/compressor.go:117.4,117.25 1 0
github.com/mikesvis/short/internal/middleware/compressor.go:119.3,119.30 1 0
github.com/mikesvis/short/internal/middleware/logger.go:24.89,25.46 1 1
github.com/mikesvis/short/internal/middleware/logger.go:25.46,26.54 1 1
github.com/mikesvis/short/internal/middleware/logger.go:26.54,51.4 8 1
github.com/mikesvis/short/internal/middleware/logger.go:52.3,52.30 1 1
github.com/mikesvis/short/internal/middleware/logger.go:57.62,61.2 3 1
github.com/mikesvis/short/internal/middleware/logger.go:64.61,67.2 2 1
github.com/mikesvis/short/internal/server/handler.go:31.74,33.2 1 1
github.com/mikesvis/short/internal/server/handler.go:38.70,44.16 5 1
github.com/mikesvis/short/internal/server/handler.go:44.16,48.3 2 1
github.com/mikesvis/short/internal/server/handler.go:50.2,50.28 1 1
github.com/mikesvis/short/internal/server/handler.go:50.28,55.3 3 1
github.com/mikesvis/short/internal/server/handler.go:57.2,57.18 1 1
github.com/mikesvis/short/internal/server/handler.go:57.18,61.3 2 1
github.com/mikesvis/short/internal/server/handler.go:63.2,64.45 2 1
github.com/mikesvis/short/internal/server/handler.go:71.78,76.16 4 1
github.com/mikesvis/short/internal/server/handler.go:76.16,80.3 2 0
github.com/mikesvis/short/internal/server/handler.go:82.2,83.16 2 1
github.com/mikesvis/short/internal/server/handler.go:83.16,87.3 2 1
github.com/mikesvis/short/internal/server/handler.go:89.2,98.56 5 1
github.com/mikesvis/short/internal/server/handler.go:98.56,102.3 2 0
github.com/mikesvis/short/internal/server/handler.go:104.2,104.16 1 1
github.com/mikesvis/short/internal/server/handler.go:104.16,106.3 1 1
github.com/mikesvis/short/internal/server/handler.go:108.2,110.76 3 1
github.com/mikesvis/short/internal/server/handler.go:114.64,117.2 2 1
github.com/mikesvis/short/internal/server/handler.go:124.78,129.65 4 1
github.com/mikesvis/short/internal/server/handler.go:129.65,132.3 2 1
github.com/mikesvis/short/internal/server/handler.go:134.2,136.16 3 1
github.com/mikesvis/short/internal/server/handler.go:136.16,140.3 2 1
github.com/mikesvis/short/internal/server/handler.go:142.2,151.56 5 1
github.com/mikesvis/short/internal/server/handler.go:151.56,155.3 2 0
github.com/mikesvis/short/internal/server/handler.go:157.2,157.16 1 1
github.com/mikesvis/short/internal/server/handler.go:157.16,159.3 1 1
github.com/mikesvis/short/internal/server/handler.go:161.2,166.30 5 1
github.com/mikesvis/short/internal/server/handler.go:170.64,174.53 3 1
github.com/mikesvis/short/internal/server/handler.go:174.53,178.3 2 1
github.com/mikesvis/short/internal/server/handler.go:180.2,182.16 2 1
github.com/mikesvis/short/internal/server/handler.go:182.16,186.3 2 1
github.com/mikesvis/short/internal/server/handler.go:188.2,188.30 1 1
github.com/mikesvis/short/internal/server/handler.go:197.79,202.65 4 1
github.com/mikesvis/short/internal/server/handler.go:202.65,205.3 2 1
github.com/mikesvis/short/internal/server/handler.go:208.2,209.28 2 1
github.com/mikesvis/short/internal/server/handler.go:209.28,215.3 1 1
github.com/mikesvis/short/internal/server/handler.go:218.2,219.16 2 1
github.com/mikesvis/short/internal/server/handler.go:219.16,222.3 2 0
github.com/mikesvis/short/internal/server/handler.go:224.2,225.27 2 1
github.com/mikesvis/short/internal/server/handler.go:225.27,234.3 1 1
github.com/mikesvis/short/internal/server/handler.go:236.2,240.30 4 1
github.com/mikesvis/short/internal/server/handler.go:245.71,252.16 4 1
github.com/mikesvis/short/internal/server/handler.go:252.16,255.3 2 0
github.com/mikesvis/short/internal/server/handler.go:257.2,257.21 1 1
github.com/mikesvis/short/internal/server/handler.go:257.21,260.3 2 1
github.com/mikesvis/short/internal/server/handler.go:262.2,263.26 2 1
github.com/mikesvis/short/internal/server/handler.go:263.26,272.3 1 1
github.com/mikesvis/short/internal/server/handler.go:274.2,278.30 4 1
github.com/mikesvis/short/internal/server/handler.go:283.74,287.68 3 1
github.com/mikesvis/short/internal/server/handler.go:287.68,291.3 2 0
github.com/mikesvis/short/internal/server/handler.go:293.2,294.65 2 1
github.com/mikesvis/short/internal/server/handler.go:294.65,297.3 2 1
github.com/mikesvis/short/internal/server/handler.go:300.2,300.23 1 1
github.com/mikesvis/short/internal/server/handler.go:300.23,304.3 2 0
github.com/mikesvis/short/internal/server/handler.go:306.2,308.36 2 1
github.com/mikesvis/short/internal/server/server.go:13.85,17.37 3 1
github.com/mikesvis/short/internal/server/server.go:17.37,22.3 4 1
github.com/mikesvis/short/internal/server/server.go:24.2,24.34 1 1
github.com/mikesvis/short/internal/server/server.go:24.34,33.3 8 1
github.com/mikesvis/short/internal/server/server.go:35.2,35.10 1 1
github.com/mikesvis/short/internal/storage/storage.go:68.79,69.37 1 1
github.com/mikesvis/short/internal/storage/storage.go:69.37,71.17 2 1
github.com/mikesvis/short/internal/storage/storage.go:71.17,73.4 1 0
github.com/mikesvis/short/internal/storage/storage.go:75.3,76.17 2 1
github.com/mikesvis/short/internal/storage/storage.go:76.17,78.4 1 1
github.com/mikesvis/short/internal/storage/storage.go:80.3,80.58 1 0
github.com/mikesvis/short/internal/storage/storage.go:83.2,83.41 1 1
github.com/mikesvis/short/internal/storage/storage.go:83.41,85.3 1 1
github.com/mikesvis/short/internal/storage/storage.go:87.2,87.42 1 1
github.com/mikesvis/short/mocks/storage/mock_deleter.go:27.73,31.2 3 1
github.com/mikesvis/short/mocks/storage/mock_deleter.go:34.71,36.2 1 1
github.com/mikesvis/short/mocks/storage/mock_deleter.go:39.92,42.2 2 1
github.com/mikesvis/short/mocks/storage/mock_deleter.go:45.98,48.2 2 1
github.com/mikesvis/short/mocks/storage/mock_deleter.go:51.95,57.2 5 0
github.com/mikesvis/short/mocks/storage/mock_deleter.go:60.90,63.2 2 0
github.com/mikesvis/short/mocks/storage/mock_deleter.go:66.96,72.2 5 1
github.com/mikesvis/short/mocks/storage/mock_deleter.go:75.91,78.2 2 1
github.com/mikesvis/short/mocks/storage/mock_deleter.go:81.59,86.2 4 1
github.com/mikesvis/short/mocks/storage/mock_deleter.go:89.85,92.2 2 1
github.com/mikesvis/short/mocks/storage/mock_deleter.go:95.99,101.2 5 1
github.com/mikesvis/short/mocks/storage/mock_deleter.go:104.92,107.2 2 1
github.com/mikesvis/short/mocks/storage/mock_deleter.go:110.95,116.2 5 1
github.com/mikesvis/short/mocks/storage/mock_deleter.go:119.86,122.2 2 1
github.com/mikesvis/short/mocks/storage/mock_deleter.go:125.122,131.2 5 1
github.com/mikesvis/short/mocks/storage/mock_deleter.go:134.91,137.2 2 1
github.com/mikesvis/short/pkg/urlformat/urlformal.go:11.59,13.2 1 1
github.com/mikesvis/short/pkg/urlformat/urlformal.go:16.46,17.29 1 1
github.com/mikesvis/short/pkg/urlformat/urlformal.go:17.29,19.3 1 1
github.com/mikesvis/short/pkg/urlformat/urlformal.go:21.2,22.16 2 1
github.com/mikesvis/short/pkg/urlformat/urlformal.go:22.16,24.3 1 1
github.com/mikesvis/short/pkg/urlformat/urlformal.go:26.2,26.12 1 1
github.com/mikesvis/short/pkg/urlformat/urlformal.go:30.43,32.2 1 1
